05/12/2019 14:27:21.954799800 Info [paldumper] <0000000198/0x00000000> Executing PalDumper against PID: 7
05/12/2019 14:27:21.954850100 Info [paldumper] <0000000198/0x00000000>                       Dump type: miniplus
05/12/2019 14:27:21.954859000 Info [paldumper] <0000000198/0x00000000> Stopping target
05/12/2019 14:27:21.954871500 Info [paldumper] <0000000198/0x00000000> Target stopped
05/12/2019 14:27:21.954879200 Info [paldumper] <0000000198/0x00000000> Attaching to target threads
05/12/2019 14:27:21.954902700 Warning [paldumper] <0000000198/0x00000000> Yama PTRACE mode: 1-Restricted
05/12/2019 14:27:21.954965500 Error [paldumper] <0000000198/0x00000000> Attempt to execute ptrace command (16) for pid=7 failed - EPERM process cannot be traced.
05/12/2019 14:27:21.954974500 Error [paldumper] <0000000198/0x00000000> errno: 0x00000001
05/12/2019 14:27:21.954983000 Error [paldumper] <0000000198/0x00000000> Attempt to execute ptrace command (16) for pid=8 failed - EPERM process cannot be traced.
05/12/2019 14:27:21.954990800 Error [paldumper] <0000000198/0x00000000> errno: 0x00000001
05/12/2019 14:27:21.954998900 Error [paldumper] <0000000198/0x00000000> Attempt to execute ptrace command (16) for pid=9 failed - EPERM process cannot be traced.
05/12/2019 14:27:21.955006400 Error [paldumper] <0000000198/0x00000000> errno: 0x00000001
05/12/2019 14:27:21.955014400 Error [paldumper] <0000000198/0x00000000> Attempt to execute ptrace command (16) for pid=10 failed - EPERM process cannot be traced.
05/12/2019 14:27:21.955021900 Error [paldumper] <0000000198/0x00000000> errno: 0x00000001
05/12/2019 14:27:21.955029600 Error [paldumper] <0000000198/0x00000000> Attempt to execute ptrace command (16) for pid=11 failed - EPERM process cannot be traced.
05/12/2019 14:27:21.955037000 Error [paldumper] <0000000198/0x00000000> errno: 0x00000001
05/12/2019 14:27:21.955044800 Error [paldumper] <0000000198/0x00000000> Attempt to execute ptrace command (16) for pid=12 failed - EPERM process cannot be traced.
05/12/2019 14:27:21.955052100 Error [paldumper] <0000000198/0x00000000> errno: 0x00000001
05/12/2019 14:27:21.955059800 Error [paldumper] <0000000198/0x00000000> Attempt to execute ptrace command (16) for pid=13 failed - EPERM process cannot be traced.
05/12/2019 14:27:21.955067000 Error [paldumper] <0000000198/0x00000000> errno: 0x00000001
05/12/2019 14:27:21.955074600 Error [paldumper] <0000000198/0x00000000> Attempt to execute ptrace command (16) for pid=14 failed - EPERM process cannot be traced.
05/12/2019 14:27:21.955081900 Error [paldumper] <0000000198/0x00000000> errno: 0x00000001
05/12/2019 14:27:21.955089600 Error [paldumper] <0000000198/0x00000000> Attempt to execute ptrace command (16) for pid=15 failed - EPERM process cannot be traced.
05/12/2019 14:27:21.955097000 Error [paldumper] <0000000198/0x00000000> errno: 0x00000001
05/12/2019 14:27:21.955104700 Error [paldumper] <0000000198/0x00000000> Attempt to execute ptrace command (16) for pid=16 failed - EPERM process cannot be traced.
05/12/2019 14:27:21.955111900 Error [paldumper] <0000000198/0x00000000> errno: 0x00000001
05/12/2019 14:27:21.955119600 Error [paldumper] <0000000198/0x00000000> Attempt to execute ptrace command (16) for pid=17 failed - EPERM process cannot be traced.
05/12/2019 14:27:21.955126800 Error [paldumper] <0000000198/0x00000000> errno: 0x00000001
05/12/2019 14:27:21.955134300 Error [paldumper] <0000000198/0x00000000> Attempt to execute ptrace command (16) for pid=18 failed - EPERM process cannot be traced.
05/12/2019 14:27:21.955141500 Error [paldumper] <0000000198/0x00000000> errno: 0x00000001
05/12/2019 14:27:21.955155000 Error [paldumper] <0000000198/0x00000000> Attempt to trace target failed.
05/12/2019 14:27:21.955162300 Error [paldumper] <0000000198/0x00000000> errno: 0x00000001
05/12/2019 14:27:21.955169400 Error [paldumper] <0000000198/0x00000000> Reference previous log messages.
05/12/2019 14:27:21.955176400 Error [paldumper] <0000000198/0x00000000> errno: 0x00000001
05/12/2019 14:27:21.999461600 Info [paldumper] <0000000200/0x00000000> Executing PalDumper against PID: 7
05/12/2019 14:27:22.000463700 Info [paldumper] <0000000200/0x00000000>                       Dump type: filtered
05/12/2019 14:27:22.000487300 Info [paldumper] <0000000200/0x00000000> Stopping target
05/12/2019 14:27:22.000502900 Info [paldumper] <0000000200/0x00000000> Target stopped
05/12/2019 14:27:22.000513100 Info [paldumper] <0000000200/0x00000000> Attaching to target threads
05/12/2019 14:27:22.000560400 Warning [paldumper] <0000000200/0x00000000> Yama PTRACE mode: 1-Restricted
05/12/2019 14:27:22.000681500 Error [paldumper] <0000000200/0x00000000> Attempt to execute ptrace command (16) for pid=7 failed - EPERM process cannot be traced.
05/12/2019 14:27:22.000693700 Error [paldumper] <0000000200/0x00000000> errno: 0x00000001
05/12/2019 14:27:22.000704600 Error [paldumper] <0000000200/0x00000000> Attempt to execute ptrace command (16) for pid=8 failed - EPERM process cannot be traced.
05/12/2019 14:27:22.000714800 Error [paldumper] <0000000200/0x00000000> errno: 0x00000001
05/12/2019 14:27:22.000724700 Error [paldumper] <0000000200/0x00000000> Attempt to execute ptrace command (16) for pid=9 failed - EPERM process cannot be traced.
05/12/2019 14:27:22.000735100 Error [paldumper] <0000000200/0x00000000> errno: 0x00000001
05/12/2019 14:27:22.000745300 Error [paldumper] <0000000200/0x00000000> Attempt to execute ptrace command (16) for pid=10 failed - EPERM process cannot be traced.
05/12/2019 14:27:22.000754900 Error [paldumper] <0000000200/0x00000000> errno: 0x00000001
05/12/2019 14:27:22.000765300 Error [paldumper] <0000000200/0x00000000> Attempt to execute ptrace command (16) for pid=11 failed - EPERM process cannot be traced.
05/12/2019 14:27:22.000774600 Error [paldumper] <0000000200/0x00000000> errno: 0x00000001
05/12/2019 14:27:22.000784900 Error [paldumper] <0000000200/0x00000000> Attempt to execute ptrace command (16) for pid=12 failed - EPERM process cannot be traced.
05/12/2019 14:27:22.000794300 Error [paldumper] <0000000200/0x00000000> errno: 0x00000001
05/12/2019 14:27:22.000804100 Error [paldumper] <0000000200/0x00000000> Attempt to execute ptrace command (16) for pid=13 failed - EPERM process cannot be traced.
05/12/2019 14:27:22.000813700 Error [paldumper] <0000000200/0x00000000> errno: 0x00000001
05/12/2019 14:27:22.000823700 Error [paldumper] <0000000200/0x00000000> Attempt to execute ptrace command (16) for pid=14 failed - EPERM process cannot be traced.
05/12/2019 14:27:22.000832700 Error [paldumper] <0000000200/0x00000000> errno: 0x00000001
05/12/2019 14:27:22.000842800 Error [paldumper] <0000000200/0x00000000> Attempt to execute ptrace command (16) for pid=15 failed - EPERM process cannot be traced.
05/12/2019 14:27:22.000852200 Error [paldumper] <0000000200/0x00000000> errno: 0x00000001
05/12/2019 14:27:22.000862000 Error [paldumper] <0000000200/0x00000000> Attempt to execute ptrace command (16) for pid=16 failed - EPERM process cannot be traced.
05/12/2019 14:27:22.000871700 Error [paldumper] <0000000200/0x00000000> errno: 0x00000001
05/12/2019 14:27:22.000880900 Error [paldumper] <0000000200/0x00000000> Attempt to execute ptrace command (16) for pid=17 failed - EPERM process cannot be traced.
05/12/2019 14:27:22.000889800 Error [paldumper] <0000000200/0x00000000> errno: 0x00000001
05/12/2019 14:27:22.000899300 Error [paldumper] <0000000200/0x00000000> Attempt to execute ptrace command (16) for pid=18 failed - EPERM process cannot be traced.
05/12/2019 14:27:22.000909000 Error [paldumper] <0000000200/0x00000000> errno: 0x00000001
05/12/2019 14:27:22.000926100 Error [paldumper] <0000000200/0x00000000> Attempt to trace target failed.
05/12/2019 14:27:22.000935500 Error [paldumper] <0000000200/0x00000000> errno: 0x00000001
05/12/2019 14:27:22.000943600 Error [paldumper] <0000000200/0x00000000> Reference previous log messages.
05/12/2019 14:27:22.000951900 Error [paldumper] <0000000200/0x00000000> errno: 0x00000001
