     1	rchar: 9733729
     2	wchar: 3113
     3	syscr: 228
     4	syscw: 4
     5	read_bytes: 0
     6	write_bytes: 8192
     7	cancelled_write_bytes: 0
     1	sqlservr (8665, #threads: 12)
     2	-------------------------------------------------------------------
     3	se.exec_start                                :       2088952.261425
     4	se.vruntime                                  :          1983.423251
     5	se.sum_exec_runtime                          :            22.361840
     6	se.nr_migrations                             :                    0
     7	nr_switches                                  :                   61
     8	nr_voluntary_switches                        :                    4
     9	nr_involuntary_switches                      :                   57
    10	se.load.weight                               :              1048576
    11	se.avg.load_sum                              :               233472
    12	se.avg.util_sum                              :                24576
    13	se.avg.load_avg                              :                    0
    14	se.avg.util_avg                              :                    0
    15	se.avg.last_update_time                      :        2088952261425
    16	policy                                       :                    0
    17	prio                                         :                  120
    18	clock-delta                                  :                   76
     1	[<0000000000000000>] freezable_schedule+0x15/0x17
     2	[<0000000000000000>] do_signal_stop+0x17d/0x199
     3	[<0000000000000000>] get_signal+0x3d8/0x4e7
     4	[<0000000000000000>] do_signal+0x36/0x4c3
     5	[<0000000000000000>] paravirt_read_msr+0x7/0xa
     6	[<0000000000000000>] timekeeping_get_ns+0x19/0x2c
     7	[<0000000000000000>] ktime_get+0x40/0x50
     8	[<0000000000000000>] update_rmtp+0x60/0x8b
     9	[<0000000000000000>] hrtimer_nanosleep+0xf6/0x131
    10	[<0000000000000000>] hrtimer_init+0xcd/0xcd
    11	[<0000000000000000>] prepare_exit_to_usermode+0x5e/0x9b
    12	[<0000000000000000>] entry_SYSCALL_64_after_swapgs+0x58/0xc6
    13	[<0000000000000000>] 0xffffffffffffffff
     1	Name:	sqlservr
     2	Umask:	0022
     3	State:	T (stopped)
     4	Tgid:	7
     5	Ngid:	0
     6	Pid:	7
     7	PPid:	1
     8	TracerPid:	0
     9	Uid:	0	0	0	0
    10	Gid:	0	0	0	0
    11	FDSize:	64
    12	Groups:	 
    13	NStgid:	7
    14	NSpid:	7
    15	NSpgid:	1
    16	NSsid:	1
    17	VmPeak:	  276440 kB
    18	VmSize:	  276436 kB
    19	VmLck:	       0 kB
    20	VmPin:	       0 kB
    21	VmHWM:	   60848 kB
    22	VmRSS:	   60844 kB
    23	RssAnon:	   50868 kB
    24	RssFile:	    9976 kB
    25	RssShmem:	       0 kB
    26	VmData:	  121988 kB
    27	VmStk:	     140 kB
    28	VmExe:	    2416 kB
    29	VmLib:	   29220 kB
    30	VmPTE:	     532 kB
    31	VmPMD:	      32 kB
    32	VmSwap:	       0 kB
    33	HugetlbPages:	       0 kB
    34	Threads:	12
    35	SigQ:	2/7844
    36	SigPnd:	0000000000000000
    37	ShdPnd:	0000000000000200
    38	SigBlk:	0000000600005007
    39	SigIgn:	0000000000000000
    40	SigCgt:	00000001c18086f8
    41	CapInh:	00000000a80425fb
    42	CapPrm:	00000000a80425fb
    43	CapEff:	00000000a80425fb
    44	CapBnd:	00000000a80425fb
    45	CapAmb:	0000000000000000
    46	Seccomp:	2
    47	Speculation_Store_Bypass:	thread force mitigated
    48	Cpus_allowed:	00000000,00000000,00000000,00000003
    49	Cpus_allowed_list:	0-1
    50	Mems_allowed:	1
    51	Mems_allowed_list:	0
    52	voluntary_ctxt_switches:	4
    53	nonvoluntary_ctxt_switches:	57
     1	rchar: 0
     2	wchar: 0
     3	syscr: 0
     4	syscw: 0
     5	read_bytes: 0
     6	write_bytes: 0
     7	cancelled_write_bytes: 0
     1	sqlservr (8684, #threads: 12)
     2	-------------------------------------------------------------------
     3	se.exec_start                                :       2088952.270261
     4	se.vruntime                                  :          1983.402870
     5	se.sum_exec_runtime                          :             5.513955
     6	se.nr_migrations                             :                    5
     7	nr_switches                                  :                   35
     8	nr_voluntary_switches                        :                   35
     9	nr_involuntary_switches                      :                    0
    10	se.load.weight                               :              1048576
    11	se.avg.load_sum                              :                74261
    12	se.avg.util_sum                              :                59723
    13	se.avg.load_avg                              :                    1
    14	se.avg.util_avg                              :                    1
    15	se.avg.last_update_time                      :        2088952270261
    16	policy                                       :                    0
    17	prio                                         :                  120
    18	clock-delta                                  :                   87
     1	[<0000000000000000>] freezable_schedule+0x15/0x17
     2	[<0000000000000000>] do_signal_stop+0x17d/0x199
     3	[<0000000000000000>] get_signal+0x122/0x4e7
     4	[<0000000000000000>] __switch_to+0x371/0x45f
     5	[<0000000000000000>] timerqueue_del+0x4b/0x59
     6	[<0000000000000000>] do_signal+0x36/0x4c3
     7	[<0000000000000000>] hrtimer_try_to_cancel+0x94/0xb4
     8	[<0000000000000000>] hrtimer_cancel+0x11/0x1b
     9	[<0000000000000000>] read_events+0x185/0x1cc
    10	[<0000000000000000>] add_wait_queue_exclusive+0x3a/0x3a
    11	[<0000000000000000>] hrtimer_init+0xcd/0xcd
    12	[<0000000000000000>] prepare_exit_to_usermode+0x5e/0x9b
    13	[<0000000000000000>] entry_SYSCALL_64_after_swapgs+0x58/0xc6
    14	[<0000000000000000>] 0xffffffffffffffff
     1	Name:	sqlservr
     2	Umask:	0022
     3	State:	T (stopped)
     4	Tgid:	7
     5	Ngid:	0
     6	Pid:	10
     7	PPid:	1
     8	TracerPid:	0
     9	Uid:	0	0	0	0
    10	Gid:	0	0	0	0
    11	FDSize:	64
    12	Groups:	 
    13	NStgid:	7
    14	NSpid:	10
    15	NSpgid:	1
    16	NSsid:	1
    17	VmPeak:	  276440 kB
    18	VmSize:	  276436 kB
    19	VmLck:	       0 kB
    20	VmPin:	       0 kB
    21	VmHWM:	   60848 kB
    22	VmRSS:	   60844 kB
    23	RssAnon:	   50868 kB
    24	RssFile:	    9976 kB
    25	RssShmem:	       0 kB
    26	VmData:	  121988 kB
    27	VmStk:	     140 kB
    28	VmExe:	    2416 kB
    29	VmLib:	   29220 kB
    30	VmPTE:	     532 kB
    31	VmPMD:	      32 kB
    32	VmSwap:	       0 kB
    33	HugetlbPages:	       0 kB
    34	Threads:	12
    35	SigQ:	2/7844
    36	SigPnd:	0000000000000000
    37	ShdPnd:	0000000000000200
    38	SigBlk:	0000000600005007
    39	SigIgn:	0000000000000000
    40	SigCgt:	00000001c18086f8
    41	CapInh:	00000000a80425fb
    42	CapPrm:	00000000a80425fb
    43	CapEff:	00000000a80425fb
    44	CapBnd:	00000000a80425fb
    45	CapAmb:	0000000000000000
    46	Seccomp:	2
    47	Speculation_Store_Bypass:	thread force mitigated
    48	Cpus_allowed:	00000000,00000000,00000000,00000003
    49	Cpus_allowed_list:	0-1
    50	Mems_allowed:	1
    51	Mems_allowed_list:	0
    52	voluntary_ctxt_switches:	35
    53	nonvoluntary_ctxt_switches:	0
     1	rchar: 7457411
     2	wchar: 3109
     3	syscr: 192
     4	syscw: 3
     5	read_bytes: 0
     6	write_bytes: 8192
     7	cancelled_write_bytes: 0
     1	sqlservr (8685, #threads: 12)
     2	-------------------------------------------------------------------
     3	se.exec_start                                :       2088952.310802
     4	se.vruntime                                  :          1989.401174
     5	se.sum_exec_runtime                          :           646.441829
     6	se.nr_migrations                             :                   32
     7	nr_switches                                  :                  839
     8	nr_voluntary_switches                        :                  763
     9	nr_involuntary_switches                      :                   76
    10	se.load.weight                               :              1048576
    11	se.avg.load_sum                              :              9542920
    12	se.avg.util_sum                              :              9436039
    13	se.avg.load_avg                              :                  198
    14	se.avg.util_avg                              :                  197
    15	se.avg.last_update_time                      :        2088952310802
    16	policy                                       :                    0
    17	prio                                         :                  120
    18	clock-delta                                  :                   94
     1	[<0000000000000000>] freezable_schedule+0x15/0x17
     2	[<0000000000000000>] do_signal_stop+0x17d/0x199
     3	[<0000000000000000>] get_signal+0x122/0x4e7
     4	[<0000000000000000>] do_signal+0x36/0x4c3
     5	[<0000000000000000>] __raw_spin_unlock_irq+0x5/0xd
     6	[<0000000000000000>] do_sigtimedwait+0x17b/0x1dc
     7	[<0000000000000000>] SYSC_rt_sigtimedwait+0x7e/0xc5
     8	[<0000000000000000>] syscall_trace_enter+0x102/0x1f5
     9	[<0000000000000000>] prepare_exit_to_usermode+0x5e/0x9b
    10	[<0000000000000000>] entry_SYSCALL_64_after_swapgs+0x58/0xc6
    11	[<0000000000000000>] 0xffffffffffffffff
     1	Name:	sqlservr
     2	Umask:	0022
     3	State:	T (stopped)
     4	Tgid:	7
     5	Ngid:	0
     6	Pid:	11
     7	PPid:	1
     8	TracerPid:	0
     9	Uid:	0	0	0	0
    10	Gid:	0	0	0	0
    11	FDSize:	64
    12	Groups:	 
    13	NStgid:	7
    14	NSpid:	11
    15	NSpgid:	1
    16	NSsid:	1
    17	VmPeak:	  276440 kB
    18	VmSize:	  276436 kB
    19	VmLck:	       0 kB
    20	VmPin:	       0 kB
    21	VmHWM:	   60848 kB
    22	VmRSS:	   60844 kB
    23	RssAnon:	   50868 kB
    24	RssFile:	    9976 kB
    25	RssShmem:	       0 kB
    26	VmData:	  121988 kB
    27	VmStk:	     140 kB
    28	VmExe:	    2416 kB
    29	VmLib:	   29220 kB
    30	VmPTE:	     532 kB
    31	VmPMD:	      32 kB
    32	VmSwap:	       0 kB
    33	HugetlbPages:	       0 kB
    34	Threads:	12
    35	SigQ:	2/7844
    36	SigPnd:	0000000000000000
    37	ShdPnd:	0000000000000200
    38	SigBlk:	0000000600005007
    39	SigIgn:	0000000000000000
    40	SigCgt:	00000001c18086f8
    41	CapInh:	00000000a80425fb
    42	CapPrm:	00000000a80425fb
    43	CapEff:	00000000a80425fb
    44	CapBnd:	00000000a80425fb
    45	CapAmb:	0000000000000000
    46	Seccomp:	2
    47	Speculation_Store_Bypass:	thread force mitigated
    48	Cpus_allowed:	00000000,00000000,00000000,00000003
    49	Cpus_allowed_list:	0-1
    50	Mems_allowed:	1
    51	Mems_allowed_list:	0
    52	voluntary_ctxt_switches:	763
    53	nonvoluntary_ctxt_switches:	76
     1	rchar: 0
     2	wchar: 0
     3	syscr: 0
     4	syscw: 0
     5	read_bytes: 0
     6	write_bytes: 0
     7	cancelled_write_bytes: 0
     1	sqlservr (8687, #threads: 12)
     2	-------------------------------------------------------------------
     3	se.exec_start                                :       2088952.308224
     4	se.vruntime                                  :          1983.441764
     5	se.sum_exec_runtime                          :            46.497810
     6	se.nr_migrations                             :                   49
     7	nr_switches                                  :                  470
     8	nr_voluntary_switches                        :                  457
     9	nr_involuntary_switches                      :                   13
    10	se.load.weight                               :              1048576
    11	se.avg.load_sum                              :              1360126
    12	se.avg.util_sum                              :               945650
    13	se.avg.load_avg                              :                   26
    14	se.avg.util_avg                              :                   18
    15	se.avg.last_update_time                      :        2088952308224
    16	policy                                       :                    0
    17	prio                                         :                  120
    18	clock-delta                                  :                  122
     1	[<0000000000000000>] freezable_schedule+0x15/0x17
     2	[<0000000000000000>] do_signal_stop+0x17d/0x199
     3	[<0000000000000000>] get_signal+0x122/0x4e7
     4	[<0000000000000000>] do_signal+0x36/0x4c3
     5	[<0000000000000000>] __switch_to_asm+0x40/0x70
     6	[<0000000000000000>] __switch_to_asm+0x34/0x70
     7	[<0000000000000000>] __switch_to_asm+0x34/0x70
     8	[<0000000000000000>] __switch_to_asm+0x40/0x70
     9	[<0000000000000000>] __seccomp_filter+0x7f/0x229
    10	[<0000000000000000>] __switch_to_asm+0x34/0x70
    11	[<0000000000000000>] wrmsrl+0x10/0x13
    12	[<0000000000000000>] __switch_to+0x371/0x45f
    13	[<0000000000000000>] SyS_futex+0xd1/0x153
    14	[<0000000000000000>] prepare_exit_to_usermode+0x5e/0x9b
    15	[<0000000000000000>] entry_SYSCALL_64_after_swapgs+0x58/0xc6
    16	[<0000000000000000>] 0xffffffffffffffff
     1	Name:	sqlservr
     2	Umask:	0022
     3	State:	T (stopped)
     4	Tgid:	7
     5	Ngid:	0
     6	Pid:	12
     7	PPid:	1
     8	TracerPid:	0
     9	Uid:	0	0	0	0
    10	Gid:	0	0	0	0
    11	FDSize:	64
    12	Groups:	 
    13	NStgid:	7
    14	NSpid:	12
    15	NSpgid:	1
    16	NSsid:	1
    17	VmPeak:	  276440 kB
    18	VmSize:	  276436 kB
    19	VmLck:	       0 kB
    20	VmPin:	       0 kB
    21	VmHWM:	   60848 kB
    22	VmRSS:	   60844 kB
    23	RssAnon:	   50868 kB
    24	RssFile:	    9976 kB
    25	RssShmem:	       0 kB
    26	VmData:	  121988 kB
    27	VmStk:	     140 kB
    28	VmExe:	    2416 kB
    29	VmLib:	   29220 kB
    30	VmPTE:	     532 kB
    31	VmPMD:	      32 kB
    32	VmSwap:	       0 kB
    33	HugetlbPages:	       0 kB
    34	Threads:	12
    35	SigQ:	2/7844
    36	SigPnd:	0000000000000000
    37	ShdPnd:	0000000000000200
    38	SigBlk:	0000000600005007
    39	SigIgn:	0000000000000000
    40	SigCgt:	00000001c18086f8
    41	CapInh:	00000000a80425fb
    42	CapPrm:	00000000a80425fb
    43	CapEff:	00000000a80425fb
    44	CapBnd:	00000000a80425fb
    45	CapAmb:	0000000000000000
    46	Seccomp:	2
    47	Speculation_Store_Bypass:	thread force mitigated
    48	Cpus_allowed:	00000000,00000000,00000000,00000003
    49	Cpus_allowed_list:	0-1
    50	Mems_allowed:	1
    51	Mems_allowed_list:	0
    52	voluntary_ctxt_switches:	457
    53	nonvoluntary_ctxt_switches:	13
     1	rchar: 0
     2	wchar: 0
     3	syscr: 0
     4	syscw: 0
     5	read_bytes: 0
     6	write_bytes: 0
     7	cancelled_write_bytes: 0
     1	sqlservr (8688, #threads: 12)
     2	-------------------------------------------------------------------
     3	se.exec_start                                :       2088952.273022
     4	se.vruntime                                  :          1983.401357
     5	se.sum_exec_runtime                          :             0.141904
     6	se.nr_migrations                             :                    0
     7	nr_switches                                  :                    3
     8	nr_voluntary_switches                        :                    2
     9	nr_involuntary_switches                      :                    1
    10	se.load.weight                               :              1048576
    11	se.avg.load_sum                              :                17408
    12	se.avg.util_sum                              :                 2048
    13	se.avg.load_avg                              :                    0
    14	se.avg.util_avg                              :                    0
    15	se.avg.last_update_time                      :        2088952273022
    16	policy                                       :                    0
    17	prio                                         :                  120
    18	clock-delta                                  :                  148
     1	[<0000000000000000>] freezable_schedule+0x15/0x17
     2	[<0000000000000000>] do_signal_stop+0x17d/0x199
     3	[<0000000000000000>] get_signal+0x122/0x4e7
     4	[<0000000000000000>] do_signal+0x36/0x4c3
     5	[<0000000000000000>] __switch_to_asm+0x40/0x70
     6	[<0000000000000000>] __switch_to_asm+0x34/0x70
     7	[<0000000000000000>] __switch_to_asm+0x34/0x70
     8	[<0000000000000000>] __switch_to_asm+0x40/0x70
     9	[<0000000000000000>] __seccomp_filter+0x7f/0x229
    10	[<0000000000000000>] __switch_to_asm+0x34/0x70
    11	[<0000000000000000>] __switch_to+0x371/0x45f
    12	[<0000000000000000>] SyS_futex+0xd1/0x153
    13	[<0000000000000000>] prepare_exit_to_usermode+0x5e/0x9b
    14	[<0000000000000000>] entry_SYSCALL_64_after_swapgs+0x58/0xc6
    15	[<0000000000000000>] 0xffffffffffffffff
     1	Name:	sqlservr
     2	Umask:	0022
     3	State:	T (stopped)
     4	Tgid:	7
     5	Ngid:	0
     6	Pid:	13
     7	PPid:	1
     8	TracerPid:	0
     9	Uid:	0	0	0	0
    10	Gid:	0	0	0	0
    11	FDSize:	64
    12	Groups:	 
    13	NStgid:	7
    14	NSpid:	13
    15	NSpgid:	1
    16	NSsid:	1
    17	VmPeak:	  276440 kB
    18	VmSize:	  276436 kB
    19	VmLck:	       0 kB
    20	VmPin:	       0 kB
    21	VmHWM:	   60848 kB
    22	VmRSS:	   60844 kB
    23	RssAnon:	   50868 kB
    24	RssFile:	    9976 kB
    25	RssShmem:	       0 kB
    26	VmData:	  121988 kB
    27	VmStk:	     140 kB
    28	VmExe:	    2416 kB
    29	VmLib:	   29220 kB
    30	VmPTE:	     532 kB
    31	VmPMD:	      32 kB
    32	VmSwap:	       0 kB
    33	HugetlbPages:	       0 kB
    34	Threads:	12
    35	SigQ:	2/7844
    36	SigPnd:	0000000000000000
    37	ShdPnd:	0000000000000200
    38	SigBlk:	0000000600005007
    39	SigIgn:	0000000000000000
    40	SigCgt:	00000001c18086f8
    41	CapInh:	00000000a80425fb
    42	CapPrm:	00000000a80425fb
    43	CapEff:	00000000a80425fb
    44	CapBnd:	00000000a80425fb
    45	CapAmb:	0000000000000000
    46	Seccomp:	2
    47	Speculation_Store_Bypass:	thread force mitigated
    48	Cpus_allowed:	00000000,00000000,00000000,00000003
    49	Cpus_allowed_list:	0-1
    50	Mems_allowed:	1
    51	Mems_allowed_list:	0
    52	voluntary_ctxt_switches:	2
    53	nonvoluntary_ctxt_switches:	1
     1	rchar: 0
     2	wchar: 0
     3	syscr: 0
     4	syscw: 0
     5	read_bytes: 0
     6	write_bytes: 0
     7	cancelled_write_bytes: 0
     1	sqlservr (8689, #threads: 12)
     2	-------------------------------------------------------------------
     3	se.exec_start                                :       2088952.275608
     4	se.vruntime                                  :          1983.401182
     5	se.sum_exec_runtime                          :             0.143728
     6	se.nr_migrations                             :                    0
     7	nr_switches                                  :                    3
     8	nr_voluntary_switches                        :                    2
     9	nr_involuntary_switches                      :                    1
    10	se.load.weight                               :              1048576
    11	se.avg.load_sum                              :                18432
    12	se.avg.util_sum                              :                 2048
    13	se.avg.load_avg                              :                    0
    14	se.avg.util_avg                              :                    0
    15	se.avg.last_update_time                      :        2088952275608
    16	policy                                       :                    0
    17	prio                                         :                  120
    18	clock-delta                                  :                  124
     1	[<0000000000000000>] freezable_schedule+0x15/0x17
     2	[<0000000000000000>] do_signal_stop+0x17d/0x199
     3	[<0000000000000000>] get_signal+0x122/0x4e7
     4	[<0000000000000000>] __remove_hrtimer+0x2d/0x83
     5	[<0000000000000000>] hrtimer_try_to_cancel+0x94/0xb4
     6	[<0000000000000000>] do_signal+0x36/0x4c3
     7	[<0000000000000000>] hrtimer_init+0xcd/0xcd
     8	[<0000000000000000>] fput+0x12/0x82
     9	[<0000000000000000>] SYSC_epoll_wait+0x227/0x360
    10	[<0000000000000000>] syscall_trace_enter+0x102/0x1f5
    11	[<0000000000000000>] wake_up_q+0x45/0x45
    12	[<0000000000000000>] prepare_exit_to_usermode+0x5e/0x9b
    13	[<0000000000000000>] entry_SYSCALL_64_after_swapgs+0x58/0xc6
    14	[<0000000000000000>] 0xffffffffffffffff
     1	Name:	sqlservr
     2	Umask:	0022
     3	State:	T (stopped)
     4	Tgid:	7
     5	Ngid:	0
     6	Pid:	14
     7	PPid:	1
     8	TracerPid:	0
     9	Uid:	0	0	0	0
    10	Gid:	0	0	0	0
    11	FDSize:	64
    12	Groups:	 
    13	NStgid:	7
    14	NSpid:	14
    15	NSpgid:	1
    16	NSsid:	1
    17	VmPeak:	  276440 kB
    18	VmSize:	  276436 kB
    19	VmLck:	       0 kB
    20	VmPin:	       0 kB
    21	VmHWM:	   60848 kB
    22	VmRSS:	   60844 kB
    23	RssAnon:	   50868 kB
    24	RssFile:	    9976 kB
    25	RssShmem:	       0 kB
    26	VmData:	  121988 kB
    27	VmStk:	     140 kB
    28	VmExe:	    2416 kB
    29	VmLib:	   29220 kB
    30	VmPTE:	     532 kB
    31	VmPMD:	      32 kB
    32	VmSwap:	       0 kB
    33	HugetlbPages:	       0 kB
    34	Threads:	12
    35	SigQ:	2/7844
    36	SigPnd:	0000000000000000
    37	ShdPnd:	0000000000000200
    38	SigBlk:	0000000600005007
    39	SigIgn:	0000000000000000
    40	SigCgt:	00000001c18086f8
    41	CapInh:	00000000a80425fb
    42	CapPrm:	00000000a80425fb
    43	CapEff:	00000000a80425fb
    44	CapBnd:	00000000a80425fb
    45	CapAmb:	0000000000000000
    46	Seccomp:	2
    47	Speculation_Store_Bypass:	thread force mitigated
    48	Cpus_allowed:	00000000,00000000,00000000,00000003
    49	Cpus_allowed_list:	0-1
    50	Mems_allowed:	1
    51	Mems_allowed_list:	0
    52	voluntary_ctxt_switches:	2
    53	nonvoluntary_ctxt_switches:	1
     1	rchar: 0
     2	wchar: 0
     3	syscr: 0
     4	syscw: 0
     5	read_bytes: 0
     6	write_bytes: 0
     7	cancelled_write_bytes: 0
     1	sqlservr (8690, #threads: 12)
     2	-------------------------------------------------------------------
     3	se.exec_start                                :       2088952.278105
     4	se.vruntime                                  :          1983.401093
     5	se.sum_exec_runtime                          :             0.164783
     6	se.nr_migrations                             :                    0
     7	nr_switches                                  :                    3
     8	nr_voluntary_switches                        :                    2
     9	nr_involuntary_switches                      :                    1
    10	se.load.weight                               :              1048576
    11	se.avg.load_sum                              :                19456
    12	se.avg.util_sum                              :                 2048
    13	se.avg.load_avg                              :                    0
    14	se.avg.util_avg                              :                    0
    15	se.avg.last_update_time                      :        2088952278105
    16	policy                                       :                    0
    17	prio                                         :                  120
    18	clock-delta                                  :                   94
     1	[<0000000000000000>] freezable_schedule+0x15/0x17
     2	[<0000000000000000>] do_signal_stop+0x17d/0x199
     3	[<0000000000000000>] get_signal+0x122/0x4e7
     4	[<0000000000000000>] __switch_to+0x371/0x45f
     5	[<0000000000000000>] timerqueue_del+0x4b/0x59
     6	[<0000000000000000>] do_signal+0x36/0x4c3
     7	[<0000000000000000>] hrtimer_try_to_cancel+0x94/0xb4
     8	[<0000000000000000>] hrtimer_cancel+0x11/0x1b
     9	[<0000000000000000>] read_events+0x185/0x1cc
    10	[<0000000000000000>] add_wait_queue_exclusive+0x3a/0x3a
    11	[<0000000000000000>] hrtimer_init+0xcd/0xcd
    12	[<0000000000000000>] prepare_exit_to_usermode+0x5e/0x9b
    13	[<0000000000000000>] entry_SYSCALL_64_after_swapgs+0x58/0xc6
    14	[<0000000000000000>] 0xffffffffffffffff
     1	Name:	sqlservr
     2	Umask:	0022
     3	State:	T (stopped)
     4	Tgid:	7
     5	Ngid:	0
     6	Pid:	15
     7	PPid:	1
     8	TracerPid:	0
     9	Uid:	0	0	0	0
    10	Gid:	0	0	0	0
    11	FDSize:	64
    12	Groups:	 
    13	NStgid:	7
    14	NSpid:	15
    15	NSpgid:	1
    16	NSsid:	1
    17	VmPeak:	  276440 kB
    18	VmSize:	  276436 kB
    19	VmLck:	       0 kB
    20	VmPin:	       0 kB
    21	VmHWM:	   60848 kB
    22	VmRSS:	   60844 kB
    23	RssAnon:	   50868 kB
    24	RssFile:	    9976 kB
    25	RssShmem:	       0 kB
    26	VmData:	  121988 kB
    27	VmStk:	     140 kB
    28	VmExe:	    2416 kB
    29	VmLib:	   29220 kB
    30	VmPTE:	     532 kB
    31	VmPMD:	      32 kB
    32	VmSwap:	       0 kB
    33	HugetlbPages:	       0 kB
    34	Threads:	12
    35	SigQ:	2/7844
    36	SigPnd:	0000000000000000
    37	ShdPnd:	0000000000000200
    38	SigBlk:	0000000600005007
    39	SigIgn:	0000000000000000
    40	SigCgt:	00000001c18086f8
    41	CapInh:	00000000a80425fb
    42	CapPrm:	00000000a80425fb
    43	CapEff:	00000000a80425fb
    44	CapBnd:	00000000a80425fb
    45	CapAmb:	0000000000000000
    46	Seccomp:	2
    47	Speculation_Store_Bypass:	thread force mitigated
    48	Cpus_allowed:	00000000,00000000,00000000,00000003
    49	Cpus_allowed_list:	0-1
    50	Mems_allowed:	1
    51	Mems_allowed_list:	0
    52	voluntary_ctxt_switches:	2
    53	nonvoluntary_ctxt_switches:	1
     1	rchar: 0
     2	wchar: 0
     3	syscr: 0
     4	syscw: 0
     5	read_bytes: 0
     6	write_bytes: 0
     7	cancelled_write_bytes: 0
     1	sqlservr (8691, #threads: 12)
     2	-------------------------------------------------------------------
     3	se.exec_start                                :       2088952.280214
     4	se.vruntime                                  :          1983.400705
     5	se.sum_exec_runtime                          :             0.153171
     6	se.nr_migrations                             :                    0
     7	nr_switches                                  :                    3
     8	nr_voluntary_switches                        :                    2
     9	nr_involuntary_switches                      :                    1
    10	se.load.weight                               :              1048576
    11	se.avg.load_sum                              :                21504
    12	se.avg.util_sum                              :                 2048
    13	se.avg.load_avg                              :                    0
    14	se.avg.util_avg                              :                    0
    15	se.avg.last_update_time                      :        2088952280214
    16	policy                                       :                    0
    17	prio                                         :                  120
    18	clock-delta                                  :                   83
     1	[<0000000000000000>] freezable_schedule+0x15/0x17
     2	[<0000000000000000>] do_signal_stop+0x17d/0x199
     3	[<0000000000000000>] get_signal+0x122/0x4e7
     4	[<0000000000000000>] do_signal+0x36/0x4c3
     5	[<0000000000000000>] __switch_to_asm+0x40/0x70
     6	[<0000000000000000>] __switch_to_asm+0x34/0x70
     7	[<0000000000000000>] __switch_to_asm+0x34/0x70
     8	[<0000000000000000>] __switch_to_asm+0x40/0x70
     9	[<0000000000000000>] __seccomp_filter+0x7f/0x229
    10	[<0000000000000000>] __switch_to_asm+0x34/0x70
    11	[<0000000000000000>] __switch_to+0x371/0x45f
    12	[<0000000000000000>] SyS_futex+0xd1/0x153
    13	[<0000000000000000>] prepare_exit_to_usermode+0x5e/0x9b
    14	[<0000000000000000>] entry_SYSCALL_64_after_swapgs+0x58/0xc6
    15	[<0000000000000000>] 0xffffffffffffffff
     1	Name:	sqlservr
     2	Umask:	0022
     3	State:	T (stopped)
     4	Tgid:	7
     5	Ngid:	0
     6	Pid:	16
     7	PPid:	1
     8	TracerPid:	0
     9	Uid:	0	0	0	0
    10	Gid:	0	0	0	0
    11	FDSize:	64
    12	Groups:	 
    13	NStgid:	7
    14	NSpid:	16
    15	NSpgid:	1
    16	NSsid:	1
    17	VmPeak:	  276440 kB
    18	VmSize:	  276436 kB
    19	VmLck:	       0 kB
    20	VmPin:	       0 kB
    21	VmHWM:	   60848 kB
    22	VmRSS:	   60844 kB
    23	RssAnon:	   50868 kB
    24	RssFile:	    9976 kB
    25	RssShmem:	       0 kB
    26	VmData:	  121988 kB
    27	VmStk:	     140 kB
    28	VmExe:	    2416 kB
    29	VmLib:	   29220 kB
    30	VmPTE:	     532 kB
    31	VmPMD:	      32 kB
    32	VmSwap:	       0 kB
    33	HugetlbPages:	       0 kB
    34	Threads:	12
    35	SigQ:	2/7844
    36	SigPnd:	0000000000000000
    37	ShdPnd:	0000000000000200
    38	SigBlk:	0000000600005007
    39	SigIgn:	0000000000000000
    40	SigCgt:	00000001c18086f8
    41	CapInh:	00000000a80425fb
    42	CapPrm:	00000000a80425fb
    43	CapEff:	00000000a80425fb
    44	CapBnd:	00000000a80425fb
    45	CapAmb:	0000000000000000
    46	Seccomp:	2
    47	Speculation_Store_Bypass:	thread force mitigated
    48	Cpus_allowed:	00000000,00000000,00000000,00000003
    49	Cpus_allowed_list:	0-1
    50	Mems_allowed:	1
    51	Mems_allowed_list:	0
    52	voluntary_ctxt_switches:	2
    53	nonvoluntary_ctxt_switches:	1
     1	rchar: 0
     2	wchar: 0
     3	syscr: 0
     4	syscw: 0
     5	read_bytes: 0
     6	write_bytes: 0
     7	cancelled_write_bytes: 0
     1	sqlservr (8692, #threads: 12)
     2	-------------------------------------------------------------------
     3	se.exec_start                                :       2088952.282262
     4	se.vruntime                                  :          1983.400644
     5	se.sum_exec_runtime                          :             0.185806
     6	se.nr_migrations                             :                    0
     7	nr_switches                                  :                    3
     8	nr_voluntary_switches                        :                    2
     9	nr_involuntary_switches                      :                    1
    10	se.load.weight                               :              1048576
    11	se.avg.load_sum                              :                22528
    12	se.avg.util_sum                              :                 2048
    13	se.avg.load_avg                              :                    0
    14	se.avg.util_avg                              :                    0
    15	se.avg.last_update_time                      :        2088952282262
    16	policy                                       :                    0
    17	prio                                         :                  120
    18	clock-delta                                  :                  100
     1	[<0000000000000000>] freezable_schedule+0x15/0x17
     2	[<0000000000000000>] do_signal_stop+0x17d/0x199
     3	[<0000000000000000>] get_signal+0x122/0x4e7
     4	[<0000000000000000>] do_signal+0x36/0x4c3
     5	[<0000000000000000>] __lru_cache_add+0x1e/0x4f
     6	[<0000000000000000>] __seccomp_filter+0x7f/0x229
     7	[<0000000000000000>] SyS_futex+0xd1/0x153
     8	[<0000000000000000>] prepare_exit_to_usermode+0x5e/0x9b
     9	[<0000000000000000>] entry_SYSCALL_64_after_swapgs+0x58/0xc6
    10	[<0000000000000000>] 0xffffffffffffffff
     1	Name:	sqlservr
     2	Umask:	0022
     3	State:	T (stopped)
     4	Tgid:	7
     5	Ngid:	0
     6	Pid:	17
     7	PPid:	1
     8	TracerPid:	0
     9	Uid:	0	0	0	0
    10	Gid:	0	0	0	0
    11	FDSize:	64
    12	Groups:	 
    13	NStgid:	7
    14	NSpid:	17
    15	NSpgid:	1
    16	NSsid:	1
    17	VmPeak:	  276440 kB
    18	VmSize:	  276436 kB
    19	VmLck:	       0 kB
    20	VmPin:	       0 kB
    21	VmHWM:	   60848 kB
    22	VmRSS:	   60844 kB
    23	RssAnon:	   50868 kB
    24	RssFile:	    9976 kB
    25	RssShmem:	       0 kB
    26	VmData:	  121988 kB
    27	VmStk:	     140 kB
    28	VmExe:	    2416 kB
    29	VmLib:	   29220 kB
    30	VmPTE:	     532 kB
    31	VmPMD:	      32 kB
    32	VmSwap:	       0 kB
    33	HugetlbPages:	       0 kB
    34	Threads:	12
    35	SigQ:	2/7844
    36	SigPnd:	0000000000000000
    37	ShdPnd:	0000000000000200
    38	SigBlk:	0000000600005007
    39	SigIgn:	0000000000000000
    40	SigCgt:	00000001c18086f8
    41	CapInh:	00000000a80425fb
    42	CapPrm:	00000000a80425fb
    43	CapEff:	00000000a80425fb
    44	CapBnd:	00000000a80425fb
    45	CapAmb:	0000000000000000
    46	Seccomp:	2
    47	Speculation_Store_Bypass:	thread force mitigated
    48	Cpus_allowed:	00000000,00000000,00000000,00000003
    49	Cpus_allowed_list:	0-1
    50	Mems_allowed:	1
    51	Mems_allowed_list:	0
    52	voluntary_ctxt_switches:	2
    53	nonvoluntary_ctxt_switches:	1
     1	rchar: 0
     2	wchar: 0
     3	syscr: 0
     4	syscw: 0
     5	read_bytes: 0
     6	write_bytes: 0
     7	cancelled_write_bytes: 0
     1	sqlservr (8787, #threads: 12)
     2	-------------------------------------------------------------------
     3	se.exec_start                                :       2088952.284621
     4	se.vruntime                                  :          1983.400955
     5	se.sum_exec_runtime                          :             0.198258
     6	se.nr_migrations                             :                    1
     7	nr_switches                                  :                    3
     8	nr_voluntary_switches                        :                    2
     9	nr_involuntary_switches                      :                    1
    10	se.load.weight                               :              1048576
    11	se.avg.load_sum                              :                23552
    12	se.avg.util_sum                              :                 2048
    13	se.avg.load_avg                              :                    0
    14	se.avg.util_avg                              :                    0
    15	se.avg.last_update_time                      :        2088952284621
    16	policy                                       :                    0
    17	prio                                         :                  120
    18	clock-delta                                  :                   95
     1	[<0000000000000000>] freezable_schedule+0x15/0x17
     2	[<0000000000000000>] do_signal_stop+0x17d/0x199
     3	[<0000000000000000>] get_signal+0x122/0x4e7
     4	[<0000000000000000>] do_signal+0x36/0x4c3
     5	[<0000000000000000>] __switch_to_asm+0x40/0x70
     6	[<0000000000000000>] __switch_to_asm+0x34/0x70
     7	[<0000000000000000>] __switch_to_asm+0x34/0x70
     8	[<0000000000000000>] __switch_to_asm+0x40/0x70
     9	[<0000000000000000>] __seccomp_filter+0x7f/0x229
    10	[<0000000000000000>] __switch_to_asm+0x34/0x70
    11	[<0000000000000000>] __switch_to+0x371/0x45f
    12	[<0000000000000000>] SyS_futex+0xd1/0x153
    13	[<0000000000000000>] prepare_exit_to_usermode+0x5e/0x9b
    14	[<0000000000000000>] entry_SYSCALL_64_after_swapgs+0x58/0xc6
    15	[<0000000000000000>] 0xffffffffffffffff
     1	Name:	sqlservr
     2	Umask:	0022
     3	State:	T (stopped)
     4	Tgid:	7
     5	Ngid:	0
     6	Pid:	18
     7	PPid:	1
     8	TracerPid:	0
     9	Uid:	0	0	0	0
    10	Gid:	0	0	0	0
    11	FDSize:	64
    12	Groups:	 
    13	NStgid:	7
    14	NSpid:	18
    15	NSpgid:	1
    16	NSsid:	1
    17	VmPeak:	  276440 kB
    18	VmSize:	  276436 kB
    19	VmLck:	       0 kB
    20	VmPin:	       0 kB
    21	VmHWM:	   60848 kB
    22	VmRSS:	   60844 kB
    23	RssAnon:	   50868 kB
    24	RssFile:	    9976 kB
    25	RssShmem:	       0 kB
    26	VmData:	  121988 kB
    27	VmStk:	     140 kB
    28	VmExe:	    2416 kB
    29	VmLib:	   29220 kB
    30	VmPTE:	     532 kB
    31	VmPMD:	      32 kB
    32	VmSwap:	       0 kB
    33	HugetlbPages:	       0 kB
    34	Threads:	12
    35	SigQ:	2/7844
    36	SigPnd:	0000000000000000
    37	ShdPnd:	0000000000000200
    38	SigBlk:	0000000600005007
    39	SigIgn:	0000000000000000
    40	SigCgt:	00000001c18086f8
    41	CapInh:	00000000a80425fb
    42	CapPrm:	00000000a80425fb
    43	CapEff:	00000000a80425fb
    44	CapBnd:	00000000a80425fb
    45	CapAmb:	0000000000000000
    46	Seccomp:	2
    47	Speculation_Store_Bypass:	thread force mitigated
    48	Cpus_allowed:	00000000,00000000,00000000,00000003
    49	Cpus_allowed_list:	0-1
    50	Mems_allowed:	1
    51	Mems_allowed_list:	0
    52	voluntary_ctxt_switches:	2
    53	nonvoluntary_ctxt_switches:	1
     1	rchar: 2276318
     2	wchar: 4
     3	syscr: 36
     4	syscw: 1
     5	read_bytes: 0
     6	write_bytes: 0
     7	cancelled_write_bytes: 0
     1	sqlservr (8665, #threads: 12)
     2	-------------------------------------------------------------------
     3	se.exec_start                                :       2088952.261425
     4	se.vruntime                                  :          1983.423251
     5	se.sum_exec_runtime                          :            22.361840
     6	se.nr_migrations                             :                    0
     7	nr_switches                                  :                   61
     8	nr_voluntary_switches                        :                    4
     9	nr_involuntary_switches                      :                   57
    10	se.load.weight                               :              1048576
    11	se.avg.load_sum                              :               233472
    12	se.avg.util_sum                              :                24576
    13	se.avg.load_avg                              :                    0
    14	se.avg.util_avg                              :                    0
    15	se.avg.last_update_time                      :        2088952261425
    16	policy                                       :                    0
    17	prio                                         :                  120
    18	clock-delta                                  :                  183
     1	[<0000000000000000>] freezable_schedule+0x15/0x17
     2	[<0000000000000000>] do_signal_stop+0x17d/0x199
     3	[<0000000000000000>] get_signal+0x3d8/0x4e7
     4	[<0000000000000000>] do_signal+0x36/0x4c3
     5	[<0000000000000000>] paravirt_read_msr+0x7/0xa
     6	[<0000000000000000>] timekeeping_get_ns+0x19/0x2c
     7	[<0000000000000000>] ktime_get+0x40/0x50
     8	[<0000000000000000>] update_rmtp+0x60/0x8b
     9	[<0000000000000000>] hrtimer_nanosleep+0xf6/0x131
    10	[<0000000000000000>] hrtimer_init+0xcd/0xcd
    11	[<0000000000000000>] prepare_exit_to_usermode+0x5e/0x9b
    12	[<0000000000000000>] entry_SYSCALL_64_after_swapgs+0x58/0xc6
    13	[<0000000000000000>] 0xffffffffffffffff
     1	Name:	sqlservr
     2	Umask:	0022
     3	State:	T (stopped)
     4	Tgid:	7
     5	Ngid:	0
     6	Pid:	7
     7	PPid:	1
     8	TracerPid:	0
     9	Uid:	0	0	0	0
    10	Gid:	0	0	0	0
    11	FDSize:	64
    12	Groups:	 
    13	NStgid:	7
    14	NSpid:	7
    15	NSpgid:	1
    16	NSsid:	1
    17	VmPeak:	  276440 kB
    18	VmSize:	  276436 kB
    19	VmLck:	       0 kB
    20	VmPin:	       0 kB
    21	VmHWM:	   60848 kB
    22	VmRSS:	   60844 kB
    23	RssAnon:	   50868 kB
    24	RssFile:	    9976 kB
    25	RssShmem:	       0 kB
    26	VmData:	  121988 kB
    27	VmStk:	     140 kB
    28	VmExe:	    2416 kB
    29	VmLib:	   29220 kB
    30	VmPTE:	     532 kB
    31	VmPMD:	      32 kB
    32	VmSwap:	       0 kB
    33	HugetlbPages:	       0 kB
    34	Threads:	12
    35	SigQ:	2/7844
    36	SigPnd:	0000000000000000
    37	ShdPnd:	0000000000000200
    38	SigBlk:	0000000600005007
    39	SigIgn:	0000000000000000
    40	SigCgt:	00000001c18086f8
    41	CapInh:	00000000a80425fb
    42	CapPrm:	00000000a80425fb
    43	CapEff:	00000000a80425fb
    44	CapBnd:	00000000a80425fb
    45	CapAmb:	0000000000000000
    46	Seccomp:	2
    47	Speculation_Store_Bypass:	thread force mitigated
    48	Cpus_allowed:	00000000,00000000,00000000,00000003
    49	Cpus_allowed_list:	0-1
    50	Mems_allowed:	1
    51	Mems_allowed_list:	0
    52	voluntary_ctxt_switches:	4
    53	nonvoluntary_ctxt_switches:	57
     1	rchar: 0
     2	wchar: 0
     3	syscr: 0
     4	syscw: 0
     5	read_bytes: 0
     6	write_bytes: 0
     7	cancelled_write_bytes: 0
     1	sqlservr (8666, #threads: 12)
     2	-------------------------------------------------------------------
     3	se.exec_start                                :       2088952.265987
     4	se.vruntime                                  :          1983.403158
     5	se.sum_exec_runtime                          :             0.238418
     6	se.nr_migrations                             :                    1
     7	nr_switches                                  :                    3
     8	nr_voluntary_switches                        :                    3
     9	nr_involuntary_switches                      :                    0
    10	se.load.weight                               :              1048576
    11	se.avg.load_sum                              :                18432
    12	se.avg.util_sum                              :                 4096
    13	se.avg.load_avg                              :                    0
    14	se.avg.util_avg                              :                    0
    15	se.avg.last_update_time                      :        2088952265987
    16	policy                                       :                    0
    17	prio                                         :                  120
    18	clock-delta                                  :                   89
     1	[<0000000000000000>] freezable_schedule+0x15/0x17
     2	[<0000000000000000>] do_signal_stop+0x17d/0x199
     3	[<0000000000000000>] get_signal+0x122/0x4e7
     4	[<0000000000000000>] __switch_to_asm+0x34/0x70
     5	[<0000000000000000>] do_signal+0x36/0x4c3
     6	[<0000000000000000>] paravirt_read_msr+0x7/0xa
     7	[<0000000000000000>] timekeeping_get_ns+0x19/0x2c
     8	[<0000000000000000>] ktime_get+0x40/0x50
     9	[<0000000000000000>] update_rmtp+0x60/0x8b
    10	[<0000000000000000>] hrtimer_nanosleep+0xf6/0x131
    11	[<0000000000000000>] hrtimer_init+0xcd/0xcd
    12	[<0000000000000000>] prepare_exit_to_usermode+0x5e/0x9b
    13	[<0000000000000000>] entry_SYSCALL_64_after_swapgs+0x58/0xc6
    14	[<0000000000000000>] 0xffffffffffffffff
     1	Name:	sqlservr
     2	Umask:	0022
     3	State:	T (stopped)
     4	Tgid:	7
     5	Ngid:	0
     6	Pid:	8
     7	PPid:	1
     8	TracerPid:	0
     9	Uid:	0	0	0	0
    10	Gid:	0	0	0	0
    11	FDSize:	64
    12	Groups:	 
    13	NStgid:	7
    14	NSpid:	8
    15	NSpgid:	1
    16	NSsid:	1
    17	VmPeak:	  276440 kB
    18	VmSize:	  276436 kB
    19	VmLck:	       0 kB
    20	VmPin:	       0 kB
    21	VmHWM:	   60848 kB
    22	VmRSS:	   60844 kB
    23	RssAnon:	   50868 kB
    24	RssFile:	    9976 kB
    25	RssShmem:	       0 kB
    26	VmData:	  121988 kB
    27	VmStk:	     140 kB
    28	VmExe:	    2416 kB
    29	VmLib:	   29220 kB
    30	VmPTE:	     532 kB
    31	VmPMD:	      32 kB
    32	VmSwap:	       0 kB
    33	HugetlbPages:	       0 kB
    34	Threads:	12
    35	SigQ:	2/7844
    36	SigPnd:	0000000000000000
    37	ShdPnd:	0000000000000200
    38	SigBlk:	0000000600005007
    39	SigIgn:	0000000000000000
    40	SigCgt:	00000001c18086f8
    41	CapInh:	00000000a80425fb
    42	CapPrm:	00000000a80425fb
    43	CapEff:	00000000a80425fb
    44	CapBnd:	00000000a80425fb
    45	CapAmb:	0000000000000000
    46	Seccomp:	2
    47	Speculation_Store_Bypass:	thread force mitigated
    48	Cpus_allowed:	00000000,00000000,00000000,00000003
    49	Cpus_allowed_list:	0-1
    50	Mems_allowed:	1
    51	Mems_allowed_list:	0
    52	voluntary_ctxt_switches:	3
    53	nonvoluntary_ctxt_switches:	0
     1	rchar: 0
     2	wchar: 0
     3	syscr: 0
     4	syscw: 0
     5	read_bytes: 0
     6	write_bytes: 0
     7	cancelled_write_bytes: 0
     1	sqlservr (8683, #threads: 12)
     2	-------------------------------------------------------------------
     3	se.exec_start                                :       2088952.305583
     4	se.vruntime                                  :          1983.436835
     5	se.sum_exec_runtime                          :             0.421754
     6	se.nr_migrations                             :                    3
     7	nr_switches                                  :                   14
     8	nr_voluntary_switches                        :                   14
     9	nr_involuntary_switches                      :                    0
    10	se.load.weight                               :              1048576
    11	se.avg.load_sum                              :                86076
    12	se.avg.util_sum                              :                36924
    13	se.avg.load_avg                              :                    0
    14	se.avg.util_avg                              :                    0
    15	se.avg.last_update_time                      :        2088952305583
    16	policy                                       :                    0
    17	prio                                         :                  120
    18	clock-delta                                  :                  229
     1	[<0000000000000000>] freezable_schedule+0x15/0x17
     2	[<0000000000000000>] do_signal_stop+0x17d/0x199
     3	[<0000000000000000>] get_signal+0x122/0x4e7
     4	[<0000000000000000>] do_signal+0x36/0x4c3
     5	[<0000000000000000>] get_empty_filp+0x11c/0x196
     6	[<0000000000000000>] __seccomp_filter+0x7f/0x229
     7	[<0000000000000000>] __fd_install+0x2c/0xb7
     8	[<0000000000000000>] SyS_ppoll+0x123/0x149
     9	[<0000000000000000>] prepare_exit_to_usermode+0x5e/0x9b
    10	[<0000000000000000>] entry_SYSCALL_64_after_swapgs+0x58/0xc6
    11	[<0000000000000000>] 0xffffffffffffffff
     1	Name:	sqlservr
     2	Umask:	0022
     3	State:	T (stopped)
     4	Tgid:	7
     5	Ngid:	0
     6	Pid:	9
     7	PPid:	1
     8	TracerPid:	0
     9	Uid:	0	0	0	0
    10	Gid:	0	0	0	0
    11	FDSize:	64
    12	Groups:	 
    13	NStgid:	7
    14	NSpid:	9
    15	NSpgid:	1
    16	NSsid:	1
    17	VmPeak:	  276440 kB
    18	VmSize:	  276436 kB
    19	VmLck:	       0 kB
    20	VmPin:	       0 kB
    21	VmHWM:	   60848 kB
    22	VmRSS:	   60844 kB
    23	RssAnon:	   50868 kB
    24	RssFile:	    9976 kB
    25	RssShmem:	       0 kB
    26	VmData:	  121988 kB
    27	VmStk:	     140 kB
    28	VmExe:	    2416 kB
    29	VmLib:	   29220 kB
    30	VmPTE:	     532 kB
    31	VmPMD:	      32 kB
    32	VmSwap:	       0 kB
    33	HugetlbPages:	       0 kB
    34	Threads:	12
    35	SigQ:	2/7844
    36	SigPnd:	0000000000000000
    37	ShdPnd:	0000000000000200
    38	SigBlk:	0000000600005007
    39	SigIgn:	0000000000000000
    40	SigCgt:	00000001c18086f8
    41	CapInh:	00000000a80425fb
    42	CapPrm:	00000000a80425fb
    43	CapEff:	00000000a80425fb
    44	CapBnd:	00000000a80425fb
    45	CapAmb:	0000000000000000
    46	Seccomp:	2
    47	Speculation_Store_Bypass:	thread force mitigated
    48	Cpus_allowed:	00000000,00000000,00000000,00000003
    49	Cpus_allowed_list:	0-1
    50	Mems_allowed:	1
    51	Mems_allowed_list:	0
    52	voluntary_ctxt_switches:	14
    53	nonvoluntary_ctxt_switches:	0
