     1	rchar: 9733726
     2	wchar: 3113
     3	syscr: 228
     4	syscw: 4
     5	read_bytes: 0
     6	write_bytes: 8192
     7	cancelled_write_bytes: 0
     1	sqlservr (12465, #threads: 12)
     2	-------------------------------------------------------------------
     3	se.exec_start                                :       2160963.023092
     4	se.vruntime                                  :           194.653028
     5	se.sum_exec_runtime                          :            19.262955
     6	se.nr_migrations                             :                    2
     7	nr_switches                                  :                    5
     8	nr_voluntary_switches                        :                    4
     9	nr_involuntary_switches                      :                    1
    10	se.load.weight                               :              1048576
    11	se.avg.load_sum                              :                47112
    12	se.avg.util_sum                              :                24579
    13	se.avg.load_avg                              :                    0
    14	se.avg.util_avg                              :                    0
    15	se.avg.last_update_time                      :        2160963023092
    16	policy                                       :                    0
    17	prio                                         :                  120
    18	clock-delta                                  :                  200
     1	[<0000000000000000>] freezable_schedule+0x15/0x17
     2	[<0000000000000000>] do_signal_stop+0x17d/0x199
     3	[<0000000000000000>] get_signal+0x3d8/0x4e7
     4	[<0000000000000000>] do_signal+0x36/0x4c3
     5	[<0000000000000000>] paravirt_read_msr+0x7/0xa
     6	[<0000000000000000>] timekeeping_get_ns+0x19/0x2c
     7	[<0000000000000000>] ktime_get+0x40/0x50
     8	[<0000000000000000>] update_rmtp+0x60/0x8b
     9	[<0000000000000000>] hrtimer_nanosleep+0xf6/0x131
    10	[<0000000000000000>] hrtimer_init+0xcd/0xcd
    11	[<0000000000000000>] prepare_exit_to_usermode+0x5e/0x9b
    12	[<0000000000000000>] entry_SYSCALL_64_after_swapgs+0x58/0xc6
    13	[<0000000000000000>] 0xffffffffffffffff
     1	Name:	sqlservr
     2	Umask:	0022
     3	State:	T (stopped)
     4	Tgid:	9
     5	Ngid:	0
     6	Pid:	9
     7	PPid:	1
     8	TracerPid:	0
     9	Uid:	0	0	0	0
    10	Gid:	0	0	0	0
    11	FDSize:	64
    12	Groups:	 
    13	NStgid:	9
    14	NSpid:	9
    15	NSpgid:	1
    16	NSsid:	1
    17	VmPeak:	  270300 kB
    18	VmSize:	  270296 kB
    19	VmLck:	       0 kB
    20	VmPin:	       0 kB
    21	VmHWM:	   60960 kB
    22	VmRSS:	   60956 kB
    23	RssAnon:	   50872 kB
    24	RssFile:	   10084 kB
    25	RssShmem:	       0 kB
    26	VmData:	  115844 kB
    27	VmStk:	     144 kB
    28	VmExe:	    2416 kB
    29	VmLib:	   29220 kB
    30	VmPTE:	     516 kB
    31	VmPMD:	      28 kB
    32	VmSwap:	       0 kB
    33	HugetlbPages:	       0 kB
    34	Threads:	12
    35	SigQ:	2/7844
    36	SigPnd:	0000000000000000
    37	ShdPnd:	0000000000000200
    38	SigBlk:	0000000600005007
    39	SigIgn:	0000000000000000
    40	SigCgt:	00000001c18086f8
    41	CapInh:	00000000a80425fb
    42	CapPrm:	00000000a80425fb
    43	CapEff:	00000000a80425fb
    44	CapBnd:	00000000a80425fb
    45	CapAmb:	0000000000000000
    46	Seccomp:	2
    47	Speculation_Store_Bypass:	thread force mitigated
    48	Cpus_allowed:	00000000,00000000,00000000,00000003
    49	Cpus_allowed_list:	0-1
    50	Mems_allowed:	1
    51	Mems_allowed_list:	0
    52	voluntary_ctxt_switches:	4
    53	nonvoluntary_ctxt_switches:	1
     1	rchar: 0
     2	wchar: 0
     3	syscr: 0
     4	syscw: 0
     5	read_bytes: 0
     6	write_bytes: 0
     7	cancelled_write_bytes: 0
     1	sqlservr (12466, #threads: 12)
     2	-------------------------------------------------------------------
     3	se.exec_start                                :       2160963.028145
     4	se.vruntime                                  :          1031.262479
     5	se.sum_exec_runtime                          :             3.321585
     6	se.nr_migrations                             :                    1
     7	nr_switches                                  :                    2
     8	nr_voluntary_switches                        :                    2
     9	nr_involuntary_switches                      :                    0
    10	se.load.weight                               :              1048576
    11	se.avg.load_sum                              :                18439
    12	se.avg.util_sum                              :                18432
    13	se.avg.load_avg                              :                    0
    14	se.avg.util_avg                              :                    0
    15	se.avg.last_update_time                      :        2160963028145
    16	policy                                       :                    0
    17	prio                                         :                  120
    18	clock-delta                                  :                   86
     1	[<0000000000000000>] freezable_schedule+0x15/0x17
     2	[<0000000000000000>] do_signal_stop+0x17d/0x199
     3	[<0000000000000000>] get_signal+0x122/0x4e7
     4	[<0000000000000000>] __switch_to_asm+0x34/0x70
     5	[<0000000000000000>] wrmsrl+0x10/0x13
     6	[<0000000000000000>] do_signal+0x36/0x4c3
     7	[<0000000000000000>] paravirt_read_msr+0x7/0xa
     8	[<0000000000000000>] timekeeping_get_ns+0x19/0x2c
     9	[<0000000000000000>] ktime_get+0x40/0x50
    10	[<0000000000000000>] update_rmtp+0x60/0x8b
    11	[<0000000000000000>] hrtimer_nanosleep+0xf6/0x131
    12	[<0000000000000000>] hrtimer_init+0xcd/0xcd
    13	[<0000000000000000>] prepare_exit_to_usermode+0x5e/0x9b
    14	[<0000000000000000>] entry_SYSCALL_64_after_swapgs+0x58/0xc6
    15	[<0000000000000000>] 0xffffffffffffffff
     1	Name:	sqlservr
     2	Umask:	0022
     3	State:	T (stopped)
     4	Tgid:	9
     5	Ngid:	0
     6	Pid:	10
     7	PPid:	1
     8	TracerPid:	0
     9	Uid:	0	0	0	0
    10	Gid:	0	0	0	0
    11	FDSize:	64
    12	Groups:	 
    13	NStgid:	9
    14	NSpid:	10
    15	NSpgid:	1
    16	NSsid:	1
    17	VmPeak:	  270300 kB
    18	VmSize:	  270296 kB
    19	VmLck:	       0 kB
    20	VmPin:	       0 kB
    21	VmHWM:	   60960 kB
    22	VmRSS:	   60956 kB
    23	RssAnon:	   50872 kB
    24	RssFile:	   10084 kB
    25	RssShmem:	       0 kB
    26	VmData:	  115844 kB
    27	VmStk:	     144 kB
    28	VmExe:	    2416 kB
    29	VmLib:	   29220 kB
    30	VmPTE:	     516 kB
    31	VmPMD:	      28 kB
    32	VmSwap:	       0 kB
    33	HugetlbPages:	       0 kB
    34	Threads:	12
    35	SigQ:	2/7844
    36	SigPnd:	0000000000000000
    37	ShdPnd:	0000000000000200
    38	SigBlk:	0000000600005007
    39	SigIgn:	0000000000000000
    40	SigCgt:	00000001c18086f8
    41	CapInh:	00000000a80425fb
    42	CapPrm:	00000000a80425fb
    43	CapEff:	00000000a80425fb
    44	CapBnd:	00000000a80425fb
    45	CapAmb:	0000000000000000
    46	Seccomp:	2
    47	Speculation_Store_Bypass:	thread force mitigated
    48	Cpus_allowed:	00000000,00000000,00000000,00000003
    49	Cpus_allowed_list:	0-1
    50	Mems_allowed:	1
    51	Mems_allowed_list:	0
    52	voluntary_ctxt_switches:	2
    53	nonvoluntary_ctxt_switches:	0
     1	rchar: 0
     2	wchar: 0
     3	syscr: 0
     4	syscw: 0
     5	read_bytes: 0
     6	write_bytes: 0
     7	cancelled_write_bytes: 0
     1	sqlservr (12467, #threads: 12)
     2	-------------------------------------------------------------------
     3	se.exec_start                                :       2160963.043106
     4	se.vruntime                                  :           194.702753
     5	se.sum_exec_runtime                          :             0.295629
     6	se.nr_migrations                             :                    1
     7	nr_switches                                  :                   10
     8	nr_voluntary_switches                        :                   10
     9	nr_involuntary_switches                      :                    0
    10	se.load.weight                               :              1048576
    11	se.avg.load_sum                              :                93064
    12	se.avg.util_sum                              :                63364
    13	se.avg.load_avg                              :                    0
    14	se.avg.util_avg                              :                    0
    15	se.avg.last_update_time                      :        2160963043106
    16	policy                                       :                    0
    17	prio                                         :                  120
    18	clock-delta                                  :                   93
     1	[<0000000000000000>] freezable_schedule+0x15/0x17
     2	[<0000000000000000>] do_signal_stop+0x17d/0x199
     3	[<0000000000000000>] get_signal+0x122/0x4e7
     4	[<0000000000000000>] do_signal+0x36/0x4c3
     5	[<0000000000000000>] get_empty_filp+0x11c/0x196
     6	[<0000000000000000>] __seccomp_filter+0x7f/0x229
     7	[<0000000000000000>] __fd_install+0x2c/0xb7
     8	[<0000000000000000>] SyS_ppoll+0x123/0x149
     9	[<0000000000000000>] prepare_exit_to_usermode+0x5e/0x9b
    10	[<0000000000000000>] entry_SYSCALL_64_after_swapgs+0x58/0xc6
    11	[<0000000000000000>] 0xffffffffffffffff
     1	Name:	sqlservr
     2	Umask:	0022
     3	State:	T (stopped)
     4	Tgid:	9
     5	Ngid:	0
     6	Pid:	11
     7	PPid:	1
     8	TracerPid:	0
     9	Uid:	0	0	0	0
    10	Gid:	0	0	0	0
    11	FDSize:	64
    12	Groups:	 
    13	NStgid:	9
    14	NSpid:	11
    15	NSpgid:	1
    16	NSsid:	1
    17	VmPeak:	  270300 kB
    18	VmSize:	  270296 kB
    19	VmLck:	       0 kB
    20	VmPin:	       0 kB
    21	VmHWM:	   60960 kB
    22	VmRSS:	   60956 kB
    23	RssAnon:	   50872 kB
    24	RssFile:	   10084 kB
    25	RssShmem:	       0 kB
    26	VmData:	  115844 kB
    27	VmStk:	     144 kB
    28	VmExe:	    2416 kB
    29	VmLib:	   29220 kB
    30	VmPTE:	     516 kB
    31	VmPMD:	      28 kB
    32	VmSwap:	       0 kB
    33	HugetlbPages:	       0 kB
    34	Threads:	12
    35	SigQ:	2/7844
    36	SigPnd:	0000000000000000
    37	ShdPnd:	0000000000000200
    38	SigBlk:	0000000600005007
    39	SigIgn:	0000000000000000
    40	SigCgt:	00000001c18086f8
    41	CapInh:	00000000a80425fb
    42	CapPrm:	00000000a80425fb
    43	CapEff:	00000000a80425fb
    44	CapBnd:	00000000a80425fb
    45	CapAmb:	0000000000000000
    46	Seccomp:	2
    47	Speculation_Store_Bypass:	thread force mitigated
    48	Cpus_allowed:	00000000,00000000,00000000,00000003
    49	Cpus_allowed_list:	0-1
    50	Mems_allowed:	1
    51	Mems_allowed_list:	0
    52	voluntary_ctxt_switches:	10
    53	nonvoluntary_ctxt_switches:	0
     1	rchar: 0
     2	wchar: 0
     3	syscr: 0
     4	syscw: 0
     5	read_bytes: 0
     6	write_bytes: 0
     7	cancelled_write_bytes: 0
     1	sqlservr (12468, #threads: 12)
     2	-------------------------------------------------------------------
     3	se.exec_start                                :       2160963.027563
     4	se.vruntime                                  :           194.632834
     5	se.sum_exec_runtime                          :             5.283362
     6	se.nr_migrations                             :                    5
     7	nr_switches                                  :                   35
     8	nr_voluntary_switches                        :                   35
     9	nr_involuntary_switches                      :                    0
    10	se.load.weight                               :              1048576
    11	se.avg.load_sum                              :               202129
    12	se.avg.util_sum                              :               185552
    13	se.avg.load_avg                              :                    3
    14	se.avg.util_avg                              :                    3
    15	se.avg.last_update_time                      :        2160963027563
    16	policy                                       :                    0
    17	prio                                         :                  120
    18	clock-delta                                  :                   96
     1	[<0000000000000000>] freezable_schedule+0x15/0x17
     2	[<0000000000000000>] do_signal_stop+0x17d/0x199
     3	[<0000000000000000>] get_signal+0x122/0x4e7
     4	[<0000000000000000>] __switch_to+0x371/0x45f
     5	[<0000000000000000>] timerqueue_del+0x4b/0x59
     6	[<0000000000000000>] do_signal+0x36/0x4c3
     7	[<0000000000000000>] hrtimer_try_to_cancel+0x94/0xb4
     8	[<0000000000000000>] hrtimer_cancel+0x11/0x1b
     9	[<0000000000000000>] read_events+0x185/0x1cc
    10	[<0000000000000000>] add_wait_queue_exclusive+0x3a/0x3a
    11	[<0000000000000000>] hrtimer_init+0xcd/0xcd
    12	[<0000000000000000>] prepare_exit_to_usermode+0x5e/0x9b
    13	[<0000000000000000>] entry_SYSCALL_64_after_swapgs+0x58/0xc6
    14	[<0000000000000000>] 0xffffffffffffffff
     1	Name:	sqlservr
     2	Umask:	0022
     3	State:	T (stopped)
     4	Tgid:	9
     5	Ngid:	0
     6	Pid:	12
     7	PPid:	1
     8	TracerPid:	0
     9	Uid:	0	0	0	0
    10	Gid:	0	0	0	0
    11	FDSize:	64
    12	Groups:	 
    13	NStgid:	9
    14	NSpid:	12
    15	NSpgid:	1
    16	NSsid:	1
    17	VmPeak:	  270300 kB
    18	VmSize:	  270296 kB
    19	VmLck:	       0 kB
    20	VmPin:	       0 kB
    21	VmHWM:	   60960 kB
    22	VmRSS:	   60956 kB
    23	RssAnon:	   50872 kB
    24	RssFile:	   10084 kB
    25	RssShmem:	       0 kB
    26	VmData:	  115844 kB
    27	VmStk:	     144 kB
    28	VmExe:	    2416 kB
    29	VmLib:	   29220 kB
    30	VmPTE:	     516 kB
    31	VmPMD:	      28 kB
    32	VmSwap:	       0 kB
    33	HugetlbPages:	       0 kB
    34	Threads:	12
    35	SigQ:	2/7844
    36	SigPnd:	0000000000000000
    37	ShdPnd:	0000000000000200
    38	SigBlk:	0000000600005007
    39	SigIgn:	0000000000000000
    40	SigCgt:	00000001c18086f8
    41	CapInh:	00000000a80425fb
    42	CapPrm:	00000000a80425fb
    43	CapEff:	00000000a80425fb
    44	CapBnd:	00000000a80425fb
    45	CapAmb:	0000000000000000
    46	Seccomp:	2
    47	Speculation_Store_Bypass:	thread force mitigated
    48	Cpus_allowed:	00000000,00000000,00000000,00000003
    49	Cpus_allowed_list:	0-1
    50	Mems_allowed:	1
    51	Mems_allowed_list:	0
    52	voluntary_ctxt_switches:	35
    53	nonvoluntary_ctxt_switches:	0
     1	rchar: 7457408
     2	wchar: 3109
     3	syscr: 192
     4	syscw: 3
     5	read_bytes: 0
     6	write_bytes: 8192
     7	cancelled_write_bytes: 0
     1	sqlservr (12469, #threads: 12)
     2	-------------------------------------------------------------------
     3	se.exec_start                                :       2160963.172617
     4	se.vruntime                                  :           200.633734
     5	se.sum_exec_runtime                          :           461.427753
     6	se.nr_migrations                             :                   18
     7	nr_switches                                  :                  795
     8	nr_voluntary_switches                        :                  758
     9	nr_involuntary_switches                      :                   37
    10	se.load.weight                               :              1048576
    11	se.avg.load_sum                              :             12354993
    12	se.avg.util_sum                              :             12045884
    13	se.avg.load_avg                              :                  250
    14	se.avg.util_avg                              :                  247
    15	se.avg.last_update_time                      :        2160963172617
    16	policy                                       :                    0
    17	prio                                         :                  120
    18	clock-delta                                  :                   91
     1	[<0000000000000000>] freezable_schedule+0x15/0x17
     2	[<0000000000000000>] do_signal_stop+0x17d/0x199
     3	[<0000000000000000>] get_signal+0x122/0x4e7
     4	[<0000000000000000>] do_signal+0x36/0x4c3
     5	[<0000000000000000>] __raw_spin_unlock_irq+0x5/0xd
     6	[<0000000000000000>] do_sigtimedwait+0x17b/0x1dc
     7	[<0000000000000000>] SYSC_rt_sigtimedwait+0x7e/0xc5
     8	[<0000000000000000>] syscall_trace_enter+0x102/0x1f5
     9	[<0000000000000000>] prepare_exit_to_usermode+0x5e/0x9b
    10	[<0000000000000000>] entry_SYSCALL_64_after_swapgs+0x58/0xc6
    11	[<0000000000000000>] 0xffffffffffffffff
     1	Name:	sqlservr
     2	Umask:	0022
     3	State:	T (stopped)
     4	Tgid:	9
     5	Ngid:	0
     6	Pid:	13
     7	PPid:	1
     8	TracerPid:	0
     9	Uid:	0	0	0	0
    10	Gid:	0	0	0	0
    11	FDSize:	64
    12	Groups:	 
    13	NStgid:	9
    14	NSpid:	13
    15	NSpgid:	1
    16	NSsid:	1
    17	VmPeak:	  270300 kB
    18	VmSize:	  270296 kB
    19	VmLck:	       0 kB
    20	VmPin:	       0 kB
    21	VmHWM:	   60960 kB
    22	VmRSS:	   60956 kB
    23	RssAnon:	   50872 kB
    24	RssFile:	   10084 kB
    25	RssShmem:	       0 kB
    26	VmData:	  115844 kB
    27	VmStk:	     144 kB
    28	VmExe:	    2416 kB
    29	VmLib:	   29220 kB
    30	VmPTE:	     516 kB
    31	VmPMD:	      28 kB
    32	VmSwap:	       0 kB
    33	HugetlbPages:	       0 kB
    34	Threads:	12
    35	SigQ:	2/7844
    36	SigPnd:	0000000000000000
    37	ShdPnd:	0000000000000200
    38	SigBlk:	0000000600005007
    39	SigIgn:	0000000000000000
    40	SigCgt:	00000001c18086f8
    41	CapInh:	00000000a80425fb
    42	CapPrm:	00000000a80425fb
    43	CapEff:	00000000a80425fb
    44	CapBnd:	00000000a80425fb
    45	CapAmb:	0000000000000000
    46	Seccomp:	2
    47	Speculation_Store_Bypass:	thread force mitigated
    48	Cpus_allowed:	00000000,00000000,00000000,00000003
    49	Cpus_allowed_list:	0-1
    50	Mems_allowed:	1
    51	Mems_allowed_list:	0
    52	voluntary_ctxt_switches:	758
    53	nonvoluntary_ctxt_switches:	37
     1	rchar: 0
     2	wchar: 0
     3	syscr: 0
     4	syscw: 0
     5	read_bytes: 0
     6	write_bytes: 0
     7	cancelled_write_bytes: 0
     1	sqlservr (12470, #threads: 12)
     2	-------------------------------------------------------------------
     3	se.exec_start                                :       2160963.034400
     4	se.vruntime                                  :           194.635200
     5	se.sum_exec_runtime                          :            12.979472
     6	se.nr_migrations                             :                   27
     7	nr_switches                                  :                  174
     8	nr_voluntary_switches                        :                  173
     9	nr_involuntary_switches                      :                    1
    10	se.load.weight                               :              1048576
    11	se.avg.load_sum                              :              1209530
    12	se.avg.util_sum                              :              1120482
    13	se.avg.load_avg                              :                   24
    14	se.avg.util_avg                              :                   23
    15	se.avg.last_update_time                      :        2160963034400
    16	policy                                       :                    0
    17	prio                                         :                  120
    18	clock-delta                                  :                   79
     1	[<0000000000000000>] freezable_schedule+0x15/0x17
     2	[<0000000000000000>] do_signal_stop+0x17d/0x199
     3	[<0000000000000000>] get_signal+0x122/0x4e7
     4	[<0000000000000000>] do_signal+0x36/0x4c3
     5	[<0000000000000000>] __seccomp_filter+0x7f/0x229
     6	[<0000000000000000>] native_read_msr+0x6/0x33
     7	[<0000000000000000>] SyS_futex+0xd1/0x153
     8	[<0000000000000000>] prepare_exit_to_usermode+0x5e/0x9b
     9	[<0000000000000000>] entry_SYSCALL_64_after_swapgs+0x58/0xc6
    10	[<0000000000000000>] 0xffffffffffffffff
     1	Name:	sqlservr
     2	Umask:	0022
     3	State:	T (stopped)
     4	Tgid:	9
     5	Ngid:	0
     6	Pid:	14
     7	PPid:	1
     8	TracerPid:	0
     9	Uid:	0	0	0	0
    10	Gid:	0	0	0	0
    11	FDSize:	64
    12	Groups:	 
    13	NStgid:	9
    14	NSpid:	14
    15	NSpgid:	1
    16	NSsid:	1
    17	VmPeak:	  270300 kB
    18	VmSize:	  270296 kB
    19	VmLck:	       0 kB
    20	VmPin:	       0 kB
    21	VmHWM:	   60960 kB
    22	VmRSS:	   60956 kB
    23	RssAnon:	   50872 kB
    24	RssFile:	   10084 kB
    25	RssShmem:	       0 kB
    26	VmData:	  115844 kB
    27	VmStk:	     144 kB
    28	VmExe:	    2416 kB
    29	VmLib:	   29220 kB
    30	VmPTE:	     516 kB
    31	VmPMD:	      28 kB
    32	VmSwap:	       0 kB
    33	HugetlbPages:	       0 kB
    34	Threads:	12
    35	SigQ:	2/7844
    36	SigPnd:	0000000000000000
    37	ShdPnd:	0000000000000200
    38	SigBlk:	0000000600005007
    39	SigIgn:	0000000000000000
    40	SigCgt:	00000001c18086f8
    41	CapInh:	00000000a80425fb
    42	CapPrm:	00000000a80425fb
    43	CapEff:	00000000a80425fb
    44	CapBnd:	00000000a80425fb
    45	CapAmb:	0000000000000000
    46	Seccomp:	2
    47	Speculation_Store_Bypass:	thread force mitigated
    48	Cpus_allowed:	00000000,00000000,00000000,00000003
    49	Cpus_allowed_list:	0-1
    50	Mems_allowed:	1
    51	Mems_allowed_list:	0
    52	voluntary_ctxt_switches:	173
    53	nonvoluntary_ctxt_switches:	1
     1	rchar: 0
     2	wchar: 0
     3	syscr: 0
     4	syscw: 0
     5	read_bytes: 0
     6	write_bytes: 0
     7	cancelled_write_bytes: 0
     1	sqlservr (12471, #threads: 12)
     2	-------------------------------------------------------------------
     3	se.exec_start                                :       2160963.032422
     4	se.vruntime                                  :          1031.247986
     5	se.sum_exec_runtime                          :             4.028885
     6	se.nr_migrations                             :                    0
     7	nr_switches                                  :                    3
     8	nr_voluntary_switches                        :                    2
     9	nr_involuntary_switches                      :                    1
    10	se.load.weight                               :              1048576
    11	se.avg.load_sum                              :                15267
    12	se.avg.util_sum                              :                 4097
    13	se.avg.load_avg                              :                    0
    14	se.avg.util_avg                              :                    0
    15	se.avg.last_update_time                      :        2160963032422
    16	policy                                       :                    0
    17	prio                                         :                  120
    18	clock-delta                                  :                   78
     1	[<0000000000000000>] freezable_schedule+0x15/0x17
     2	[<0000000000000000>] do_signal_stop+0x17d/0x199
     3	[<0000000000000000>] get_signal+0x122/0x4e7
     4	[<0000000000000000>] do_signal+0x36/0x4c3
     5	[<0000000000000000>] __seccomp_filter+0x7f/0x229
     6	[<0000000000000000>] SyS_futex+0xd1/0x153
     7	[<0000000000000000>] prepare_exit_to_usermode+0x5e/0x9b
     8	[<0000000000000000>] entry_SYSCALL_64_after_swapgs+0x58/0xc6
     9	[<0000000000000000>] 0xffffffffffffffff
     1	Name:	sqlservr
     2	Umask:	0022
     3	State:	T (stopped)
     4	Tgid:	9
     5	Ngid:	0
     6	Pid:	15
     7	PPid:	1
     8	TracerPid:	0
     9	Uid:	0	0	0	0
    10	Gid:	0	0	0	0
    11	FDSize:	64
    12	Groups:	 
    13	NStgid:	9
    14	NSpid:	15
    15	NSpgid:	1
    16	NSsid:	1
    17	VmPeak:	  270300 kB
    18	VmSize:	  270296 kB
    19	VmLck:	       0 kB
    20	VmPin:	       0 kB
    21	VmHWM:	   60960 kB
    22	VmRSS:	   60956 kB
    23	RssAnon:	   50872 kB
    24	RssFile:	   10084 kB
    25	RssShmem:	       0 kB
    26	VmData:	  115844 kB
    27	VmStk:	     144 kB
    28	VmExe:	    2416 kB
    29	VmLib:	   29220 kB
    30	VmPTE:	     516 kB
    31	VmPMD:	      28 kB
    32	VmSwap:	       0 kB
    33	HugetlbPages:	       0 kB
    34	Threads:	12
    35	SigQ:	2/7844
    36	SigPnd:	0000000000000000
    37	ShdPnd:	0000000000000200
    38	SigBlk:	0000000600005007
    39	SigIgn:	0000000000000000
    40	SigCgt:	00000001c18086f8
    41	CapInh:	00000000a80425fb
    42	CapPrm:	00000000a80425fb
    43	CapEff:	00000000a80425fb
    44	CapBnd:	00000000a80425fb
    45	CapAmb:	0000000000000000
    46	Seccomp:	2
    47	Speculation_Store_Bypass:	thread force mitigated
    48	Cpus_allowed:	00000000,00000000,00000000,00000003
    49	Cpus_allowed_list:	0-1
    50	Mems_allowed:	1
    51	Mems_allowed_list:	0
    52	voluntary_ctxt_switches:	2
    53	nonvoluntary_ctxt_switches:	1
     1	rchar: 0
     2	wchar: 0
     3	syscr: 0
     4	syscw: 0
     5	read_bytes: 0
     6	write_bytes: 0
     7	cancelled_write_bytes: 0
     1	sqlservr (12472, #threads: 12)
     2	-------------------------------------------------------------------
     3	se.exec_start                                :       2160963.035553
     4	se.vruntime                                  :          1031.246840
     5	se.sum_exec_runtime                          :             0.363610
     6	se.nr_migrations                             :                    0
     7	nr_switches                                  :                    2
     8	nr_voluntary_switches                        :                    2
     9	nr_involuntary_switches                      :                    0
    10	se.load.weight                               :              1048576
    11	se.avg.load_sum                              :                16402
    12	se.avg.util_sum                              :                 3073
    13	se.avg.load_avg                              :                    0
    14	se.avg.util_avg                              :                    0
    15	se.avg.last_update_time                      :        2160963035553
    16	policy                                       :                    0
    17	prio                                         :                  120
    18	clock-delta                                  :                   76
     1	[<0000000000000000>] freezable_schedule+0x15/0x17
     2	[<0000000000000000>] do_signal_stop+0x17d/0x199
     3	[<0000000000000000>] get_signal+0x122/0x4e7
     4	[<0000000000000000>] __remove_hrtimer+0x2d/0x83
     5	[<0000000000000000>] hrtimer_try_to_cancel+0x94/0xb4
     6	[<0000000000000000>] do_signal+0x36/0x4c3
     7	[<0000000000000000>] hrtimer_init+0xcd/0xcd
     8	[<0000000000000000>] fput+0x12/0x82
     9	[<0000000000000000>] SYSC_epoll_wait+0x227/0x360
    10	[<0000000000000000>] syscall_trace_enter+0x102/0x1f5
    11	[<0000000000000000>] wake_up_q+0x45/0x45
    12	[<0000000000000000>] prepare_exit_to_usermode+0x5e/0x9b
    13	[<0000000000000000>] entry_SYSCALL_64_after_swapgs+0x58/0xc6
    14	[<0000000000000000>] 0xffffffffffffffff
     1	Name:	sqlservr
     2	Umask:	0022
     3	State:	T (stopped)
     4	Tgid:	9
     5	Ngid:	0
     6	Pid:	16
     7	PPid:	1
     8	TracerPid:	0
     9	Uid:	0	0	0	0
    10	Gid:	0	0	0	0
    11	FDSize:	64
    12	Groups:	 
    13	NStgid:	9
    14	NSpid:	16
    15	NSpgid:	1
    16	NSsid:	1
    17	VmPeak:	  270300 kB
    18	VmSize:	  270296 kB
    19	VmLck:	       0 kB
    20	VmPin:	       0 kB
    21	VmHWM:	   60960 kB
    22	VmRSS:	   60956 kB
    23	RssAnon:	   50872 kB
    24	RssFile:	   10084 kB
    25	RssShmem:	       0 kB
    26	VmData:	  115844 kB
    27	VmStk:	     144 kB
    28	VmExe:	    2416 kB
    29	VmLib:	   29220 kB
    30	VmPTE:	     516 kB
    31	VmPMD:	      28 kB
    32	VmSwap:	       0 kB
    33	HugetlbPages:	       0 kB
    34	Threads:	12
    35	SigQ:	2/7844
    36	SigPnd:	0000000000000000
    37	ShdPnd:	0000000000000200
    38	SigBlk:	0000000600005007
    39	SigIgn:	0000000000000000
    40	SigCgt:	00000001c18086f8
    41	CapInh:	00000000a80425fb
    42	CapPrm:	00000000a80425fb
    43	CapEff:	00000000a80425fb
    44	CapBnd:	00000000a80425fb
    45	CapAmb:	0000000000000000
    46	Seccomp:	2
    47	Speculation_Store_Bypass:	thread force mitigated
    48	Cpus_allowed:	00000000,00000000,00000000,00000003
    49	Cpus_allowed_list:	0-1
    50	Mems_allowed:	1
    51	Mems_allowed_list:	0
    52	voluntary_ctxt_switches:	2
    53	nonvoluntary_ctxt_switches:	0
     1	rchar: 0
     2	wchar: 0
     3	syscr: 0
     4	syscw: 0
     5	read_bytes: 0
     6	write_bytes: 0
     7	cancelled_write_bytes: 0
     1	sqlservr (12473, #threads: 12)
     2	-------------------------------------------------------------------
     3	se.exec_start                                :       2160963.039311
     4	se.vruntime                                  :          1031.247467
     5	se.sum_exec_runtime                          :             0.659160
     6	se.nr_migrations                             :                    0
     7	nr_switches                                  :                    6
     8	nr_voluntary_switches                        :                    2
     9	nr_involuntary_switches                      :                    4
    10	se.load.weight                               :              1048576
    11	se.avg.load_sum                              :                18450
    12	se.avg.util_sum                              :                 3072
    13	se.avg.load_avg                              :                    0
    14	se.avg.util_avg                              :                    0
    15	se.avg.last_update_time                      :        2160963039311
    16	policy                                       :                    0
    17	prio                                         :                  120
    18	clock-delta                                  :                  290
     1	[<0000000000000000>] freezable_schedule+0x15/0x17
     2	[<0000000000000000>] do_signal_stop+0x17d/0x199
     3	[<0000000000000000>] get_signal+0x122/0x4e7
     4	[<0000000000000000>] __switch_to+0x371/0x45f
     5	[<0000000000000000>] timerqueue_del+0x4b/0x59
     6	[<0000000000000000>] do_signal+0x36/0x4c3
     7	[<0000000000000000>] hrtimer_try_to_cancel+0x94/0xb4
     8	[<0000000000000000>] hrtimer_cancel+0x11/0x1b
     9	[<0000000000000000>] read_events+0x185/0x1cc
    10	[<0000000000000000>] add_wait_queue_exclusive+0x3a/0x3a
    11	[<0000000000000000>] hrtimer_init+0xcd/0xcd
    12	[<0000000000000000>] prepare_exit_to_usermode+0x5e/0x9b
    13	[<0000000000000000>] entry_SYSCALL_64_after_swapgs+0x58/0xc6
    14	[<0000000000000000>] 0xffffffffffffffff
     1	Name:	sqlservr
     2	Umask:	0022
     3	State:	T (stopped)
     4	Tgid:	9
     5	Ngid:	0
     6	Pid:	17
     7	PPid:	1
     8	TracerPid:	0
     9	Uid:	0	0	0	0
    10	Gid:	0	0	0	0
    11	FDSize:	64
    12	Groups:	 
    13	NStgid:	9
    14	NSpid:	17
    15	NSpgid:	1
    16	NSsid:	1
    17	VmPeak:	  270300 kB
    18	VmSize:	  270296 kB
    19	VmLck:	       0 kB
    20	VmPin:	       0 kB
    21	VmHWM:	   60960 kB
    22	VmRSS:	   60956 kB
    23	RssAnon:	   50872 kB
    24	RssFile:	   10084 kB
    25	RssShmem:	       0 kB
    26	VmData:	  115844 kB
    27	VmStk:	     144 kB
    28	VmExe:	    2416 kB
    29	VmLib:	   29220 kB
    30	VmPTE:	     516 kB
    31	VmPMD:	      28 kB
    32	VmSwap:	       0 kB
    33	HugetlbPages:	       0 kB
    34	Threads:	12
    35	SigQ:	2/7844
    36	SigPnd:	0000000000000000
    37	ShdPnd:	0000000000000200
    38	SigBlk:	0000000600005007
    39	SigIgn:	0000000000000000
    40	SigCgt:	00000001c18086f8
    41	CapInh:	00000000a80425fb
    42	CapPrm:	00000000a80425fb
    43	CapEff:	00000000a80425fb
    44	CapBnd:	00000000a80425fb
    45	CapAmb:	0000000000000000
    46	Seccomp:	2
    47	Speculation_Store_Bypass:	thread force mitigated
    48	Cpus_allowed:	00000000,00000000,00000000,00000003
    49	Cpus_allowed_list:	0-1
    50	Mems_allowed:	1
    51	Mems_allowed_list:	0
    52	voluntary_ctxt_switches:	2
    53	nonvoluntary_ctxt_switches:	4
     1	rchar: 0
     2	wchar: 0
     3	syscr: 0
     4	syscw: 0
     5	read_bytes: 0
     6	write_bytes: 0
     7	cancelled_write_bytes: 0
     1	sqlservr (12474, #threads: 12)
     2	-------------------------------------------------------------------
     3	se.exec_start                                :       2160963.036840
     4	se.vruntime                                  :           194.630803
     5	se.sum_exec_runtime                          :             0.291371
     6	se.nr_migrations                             :                    1
     7	nr_switches                                  :                    6
     8	nr_voluntary_switches                        :                    2
     9	nr_involuntary_switches                      :                    4
    10	se.load.weight                               :              1048576
    11	se.avg.load_sum                              :                15380
    12	se.avg.util_sum                              :                 2048
    13	se.avg.load_avg                              :                    0
    14	se.avg.util_avg                              :                    0
    15	se.avg.last_update_time                      :        2160963036840
    16	policy                                       :                    0
    17	prio                                         :                  120
    18	clock-delta                                  :                   92
     1	[<0000000000000000>] freezable_schedule+0x15/0x17
     2	[<0000000000000000>] do_signal_stop+0x17d/0x199
     3	[<0000000000000000>] get_signal+0x122/0x4e7
     4	[<0000000000000000>] do_signal+0x36/0x4c3
     5	[<0000000000000000>] __switch_to_asm+0x40/0x70
     6	[<0000000000000000>] __switch_to_asm+0x34/0x70
     7	[<0000000000000000>] __switch_to_asm+0x34/0x70
     8	[<0000000000000000>] __switch_to_asm+0x40/0x70
     9	[<0000000000000000>] __seccomp_filter+0x7f/0x229
    10	[<0000000000000000>] __switch_to_asm+0x34/0x70
    11	[<0000000000000000>] __switch_to+0x371/0x45f
    12	[<0000000000000000>] SyS_futex+0xd1/0x153
    13	[<0000000000000000>] prepare_exit_to_usermode+0x5e/0x9b
    14	[<0000000000000000>] entry_SYSCALL_64_after_swapgs+0x58/0xc6
    15	[<0000000000000000>] 0xffffffffffffffff
     1	Name:	sqlservr
     2	Umask:	0022
     3	State:	T (stopped)
     4	Tgid:	9
     5	Ngid:	0
     6	Pid:	18
     7	PPid:	1
     8	TracerPid:	0
     9	Uid:	0	0	0	0
    10	Gid:	0	0	0	0
    11	FDSize:	64
    12	Groups:	 
    13	NStgid:	9
    14	NSpid:	18
    15	NSpgid:	1
    16	NSsid:	1
    17	VmPeak:	  270300 kB
    18	VmSize:	  270296 kB
    19	VmLck:	       0 kB
    20	VmPin:	       0 kB
    21	VmHWM:	   60960 kB
    22	VmRSS:	   60956 kB
    23	RssAnon:	   50872 kB
    24	RssFile:	   10084 kB
    25	RssShmem:	       0 kB
    26	VmData:	  115844 kB
    27	VmStk:	     144 kB
    28	VmExe:	    2416 kB
    29	VmLib:	   29220 kB
    30	VmPTE:	     516 kB
    31	VmPMD:	      28 kB
    32	VmSwap:	       0 kB
    33	HugetlbPages:	       0 kB
    34	Threads:	12
    35	SigQ:	2/7844
    36	SigPnd:	0000000000000000
    37	ShdPnd:	0000000000000200
    38	SigBlk:	0000000600005007
    39	SigIgn:	0000000000000000
    40	SigCgt:	00000001c18086f8
    41	CapInh:	00000000a80425fb
    42	CapPrm:	00000000a80425fb
    43	CapEff:	00000000a80425fb
    44	CapBnd:	00000000a80425fb
    45	CapAmb:	0000000000000000
    46	Seccomp:	2
    47	Speculation_Store_Bypass:	thread force mitigated
    48	Cpus_allowed:	00000000,00000000,00000000,00000003
    49	Cpus_allowed_list:	0-1
    50	Mems_allowed:	1
    51	Mems_allowed_list:	0
    52	voluntary_ctxt_switches:	2
    53	nonvoluntary_ctxt_switches:	4
     1	rchar: 0
     2	wchar: 0
     3	syscr: 0
     4	syscw: 0
     5	read_bytes: 0
     6	write_bytes: 0
     7	cancelled_write_bytes: 0
     1	sqlservr (12475, #threads: 12)
     2	-------------------------------------------------------------------
     3	se.exec_start                                :       2160963.038910
     4	se.vruntime                                  :           194.630433
     5	se.sum_exec_runtime                          :             0.208272
     6	se.nr_migrations                             :                    1
     7	nr_switches                                  :                    6
     8	nr_voluntary_switches                        :                    2
     9	nr_involuntary_switches                      :                    4
    10	se.load.weight                               :              1048576
    11	se.avg.load_sum                              :                17429
    12	se.avg.util_sum                              :                 2048
    13	se.avg.load_avg                              :                    0
    14	se.avg.util_avg                              :                    0
    15	se.avg.last_update_time                      :        2160963038910
    16	policy                                       :                    0
    17	prio                                         :                  120
    18	clock-delta                                  :                   95
     1	[<0000000000000000>] freezable_schedule+0x15/0x17
     2	[<0000000000000000>] do_signal_stop+0x17d/0x199
     3	[<0000000000000000>] get_signal+0x122/0x4e7
     4	[<0000000000000000>] do_signal+0x36/0x4c3
     5	[<0000000000000000>] __lru_cache_add+0x1e/0x4f
     6	[<0000000000000000>] __seccomp_filter+0x7f/0x229
     7	[<0000000000000000>] SyS_futex+0xd1/0x153
     8	[<0000000000000000>] prepare_exit_to_usermode+0x5e/0x9b
     9	[<0000000000000000>] entry_SYSCALL_64_after_swapgs+0x58/0xc6
    10	[<0000000000000000>] 0xffffffffffffffff
     1	Name:	sqlservr
     2	Umask:	0022
     3	State:	T (stopped)
     4	Tgid:	9
     5	Ngid:	0
     6	Pid:	19
     7	PPid:	1
     8	TracerPid:	0
     9	Uid:	0	0	0	0
    10	Gid:	0	0	0	0
    11	FDSize:	64
    12	Groups:	 
    13	NStgid:	9
    14	NSpid:	19
    15	NSpgid:	1
    16	NSsid:	1
    17	VmPeak:	  270300 kB
    18	VmSize:	  270296 kB
    19	VmLck:	       0 kB
    20	VmPin:	       0 kB
    21	VmHWM:	   60960 kB
    22	VmRSS:	   60956 kB
    23	RssAnon:	   50872 kB
    24	RssFile:	   10084 kB
    25	RssShmem:	       0 kB
    26	VmData:	  115844 kB
    27	VmStk:	     144 kB
    28	VmExe:	    2416 kB
    29	VmLib:	   29220 kB
    30	VmPTE:	     516 kB
    31	VmPMD:	      28 kB
    32	VmSwap:	       0 kB
    33	HugetlbPages:	       0 kB
    34	Threads:	12
    35	SigQ:	2/7844
    36	SigPnd:	0000000000000000
    37	ShdPnd:	0000000000000200
    38	SigBlk:	0000000600005007
    39	SigIgn:	0000000000000000
    40	SigCgt:	00000001c18086f8
    41	CapInh:	00000000a80425fb
    42	CapPrm:	00000000a80425fb
    43	CapEff:	00000000a80425fb
    44	CapBnd:	00000000a80425fb
    45	CapAmb:	0000000000000000
    46	Seccomp:	2
    47	Speculation_Store_Bypass:	thread force mitigated
    48	Cpus_allowed:	00000000,00000000,00000000,00000003
    49	Cpus_allowed_list:	0-1
    50	Mems_allowed:	1
    51	Mems_allowed_list:	0
    52	voluntary_ctxt_switches:	2
    53	nonvoluntary_ctxt_switches:	4
     1	rchar: 0
     2	wchar: 0
     3	syscr: 0
     4	syscw: 0
     5	read_bytes: 0
     6	write_bytes: 0
     7	cancelled_write_bytes: 0
     1	sqlservr (12476, #threads: 12)
     2	-------------------------------------------------------------------
     3	se.exec_start                                :       2160963.040929
     4	se.vruntime                                  :           194.630382
     5	se.sum_exec_runtime                          :             0.334045
     6	se.nr_migrations                             :                    0
     7	nr_switches                                  :                    2
     8	nr_voluntary_switches                        :                    2
     9	nr_involuntary_switches                      :                    0
    10	se.load.weight                               :              1048576
    11	se.avg.load_sum                              :                25207
    12	se.avg.util_sum                              :                 4897
    13	se.avg.load_avg                              :                    0
    14	se.avg.util_avg                              :                    0
    15	se.avg.last_update_time                      :        2160963040929
    16	policy                                       :                    0
    17	prio                                         :                  120
    18	clock-delta                                  :                   99
     1	[<0000000000000000>] freezable_schedule+0x15/0x17
     2	[<0000000000000000>] do_signal_stop+0x17d/0x199
     3	[<0000000000000000>] get_signal+0x122/0x4e7
     4	[<0000000000000000>] do_signal+0x36/0x4c3
     5	[<0000000000000000>] __seccomp_filter+0x7f/0x229
     6	[<0000000000000000>] SyS_futex+0xd1/0x153
     7	[<0000000000000000>] prepare_exit_to_usermode+0x5e/0x9b
     8	[<0000000000000000>] entry_SYSCALL_64_after_swapgs+0x58/0xc6
     9	[<0000000000000000>] 0xffffffffffffffff
     1	Name:	sqlservr
     2	Umask:	0022
     3	State:	T (stopped)
     4	Tgid:	9
     5	Ngid:	0
     6	Pid:	20
     7	PPid:	1
     8	TracerPid:	0
     9	Uid:	0	0	0	0
    10	Gid:	0	0	0	0
    11	FDSize:	64
    12	Groups:	 
    13	NStgid:	9
    14	NSpid:	20
    15	NSpgid:	1
    16	NSsid:	1
    17	VmPeak:	  270300 kB
    18	VmSize:	  270296 kB
    19	VmLck:	       0 kB
    20	VmPin:	       0 kB
    21	VmHWM:	   60960 kB
    22	VmRSS:	   60956 kB
    23	RssAnon:	   50872 kB
    24	RssFile:	   10084 kB
    25	RssShmem:	       0 kB
    26	VmData:	  115844 kB
    27	VmStk:	     144 kB
    28	VmExe:	    2416 kB
    29	VmLib:	   29220 kB
    30	VmPTE:	     516 kB
    31	VmPMD:	      28 kB
    32	VmSwap:	       0 kB
    33	HugetlbPages:	       0 kB
    34	Threads:	12
    35	SigQ:	2/7844
    36	SigPnd:	0000000000000000
    37	ShdPnd:	0000000000000200
    38	SigBlk:	0000000600005007
    39	SigIgn:	0000000000000000
    40	SigCgt:	00000001c18086f8
    41	CapInh:	00000000a80425fb
    42	CapPrm:	00000000a80425fb
    43	CapEff:	00000000a80425fb
    44	CapBnd:	00000000a80425fb
    45	CapAmb:	0000000000000000
    46	Seccomp:	2
    47	Speculation_Store_Bypass:	thread force mitigated
    48	Cpus_allowed:	00000000,00000000,00000000,00000003
    49	Cpus_allowed_list:	0-1
    50	Mems_allowed:	1
    51	Mems_allowed_list:	0
    52	voluntary_ctxt_switches:	2
    53	nonvoluntary_ctxt_switches:	0
     1	rchar: 2276318
     2	wchar: 4
     3	syscr: 36
     4	syscw: 1
     5	read_bytes: 0
     6	write_bytes: 0
     7	cancelled_write_bytes: 0
     1	sqlservr (12465, #threads: 12)
     2	-------------------------------------------------------------------
     3	se.exec_start                                :       2160963.023092
     4	se.vruntime                                  :           194.653028
     5	se.sum_exec_runtime                          :            19.262955
     6	se.nr_migrations                             :                    2
     7	nr_switches                                  :                    5
     8	nr_voluntary_switches                        :                    4
     9	nr_involuntary_switches                      :                    1
    10	se.load.weight                               :              1048576
    11	se.avg.load_sum                              :                47112
    12	se.avg.util_sum                              :                24579
    13	se.avg.load_avg                              :                    0
    14	se.avg.util_avg                              :                    0
    15	se.avg.last_update_time                      :        2160963023092
    16	policy                                       :                    0
    17	prio                                         :                  120
    18	clock-delta                                  :                  153
     1	[<0000000000000000>] freezable_schedule+0x15/0x17
     2	[<0000000000000000>] do_signal_stop+0x17d/0x199
     3	[<0000000000000000>] get_signal+0x3d8/0x4e7
     4	[<0000000000000000>] do_signal+0x36/0x4c3
     5	[<0000000000000000>] paravirt_read_msr+0x7/0xa
     6	[<0000000000000000>] timekeeping_get_ns+0x19/0x2c
     7	[<0000000000000000>] ktime_get+0x40/0x50
     8	[<0000000000000000>] update_rmtp+0x60/0x8b
     9	[<0000000000000000>] hrtimer_nanosleep+0xf6/0x131
    10	[<0000000000000000>] hrtimer_init+0xcd/0xcd
    11	[<0000000000000000>] prepare_exit_to_usermode+0x5e/0x9b
    12	[<0000000000000000>] entry_SYSCALL_64_after_swapgs+0x58/0xc6
    13	[<0000000000000000>] 0xffffffffffffffff
     1	Name:	sqlservr
     2	Umask:	0022
     3	State:	T (stopped)
     4	Tgid:	9
     5	Ngid:	0
     6	Pid:	9
     7	PPid:	1
     8	TracerPid:	0
     9	Uid:	0	0	0	0
    10	Gid:	0	0	0	0
    11	FDSize:	64
    12	Groups:	 
    13	NStgid:	9
    14	NSpid:	9
    15	NSpgid:	1
    16	NSsid:	1
    17	VmPeak:	  270300 kB
    18	VmSize:	  270296 kB
    19	VmLck:	       0 kB
    20	VmPin:	       0 kB
    21	VmHWM:	   60960 kB
    22	VmRSS:	   60956 kB
    23	RssAnon:	   50872 kB
    24	RssFile:	   10084 kB
    25	RssShmem:	       0 kB
    26	VmData:	  115844 kB
    27	VmStk:	     144 kB
    28	VmExe:	    2416 kB
    29	VmLib:	   29220 kB
    30	VmPTE:	     516 kB
    31	VmPMD:	      28 kB
    32	VmSwap:	       0 kB
    33	HugetlbPages:	       0 kB
    34	Threads:	12
    35	SigQ:	2/7844
    36	SigPnd:	0000000000000000
    37	ShdPnd:	0000000000000200
    38	SigBlk:	0000000600005007
    39	SigIgn:	0000000000000000
    40	SigCgt:	00000001c18086f8
    41	CapInh:	00000000a80425fb
    42	CapPrm:	00000000a80425fb
    43	CapEff:	00000000a80425fb
    44	CapBnd:	00000000a80425fb
    45	CapAmb:	0000000000000000
    46	Seccomp:	2
    47	Speculation_Store_Bypass:	thread force mitigated
    48	Cpus_allowed:	00000000,00000000,00000000,00000003
    49	Cpus_allowed_list:	0-1
    50	Mems_allowed:	1
    51	Mems_allowed_list:	0
    52	voluntary_ctxt_switches:	4
    53	nonvoluntary_ctxt_switches:	1
