     1	rchar: 9733722
     2	wchar: 3113
     3	syscr: 227
     4	syscw: 4
     5	read_bytes: 0
     6	write_bytes: 8192
     7	cancelled_write_bytes: 0
     1	sqlservr (10183, #threads: 12)
     2	-------------------------------------------------------------------
     3	se.exec_start                                :       2110547.877363
     4	se.vruntime                                  :           670.576941
     5	se.sum_exec_runtime                          :            14.486449
     6	se.nr_migrations                             :                    1
     7	nr_switches                                  :                    4
     8	nr_voluntary_switches                        :                    4
     9	nr_involuntary_switches                      :                    0
    10	se.load.weight                               :              1048576
    11	se.avg.load_sum                              :               149508
    12	se.avg.util_sum                              :                20481
    13	se.avg.load_avg                              :                    0
    14	se.avg.util_avg                              :                    0
    15	se.avg.last_update_time                      :        2110547877363
    16	policy                                       :                    0
    17	prio                                         :                  120
    18	clock-delta                                  :                   72
     1	[<0000000000000000>] freezable_schedule+0x15/0x17
     2	[<0000000000000000>] do_signal_stop+0x17d/0x199
     3	[<0000000000000000>] get_signal+0x3d8/0x4e7
     4	[<0000000000000000>] do_signal+0x36/0x4c3
     5	[<0000000000000000>] paravirt_read_msr+0x7/0xa
     6	[<0000000000000000>] timekeeping_get_ns+0x19/0x2c
     7	[<0000000000000000>] ktime_get+0x40/0x50
     8	[<0000000000000000>] update_rmtp+0x60/0x8b
     9	[<0000000000000000>] hrtimer_nanosleep+0xf6/0x131
    10	[<0000000000000000>] hrtimer_init+0xcd/0xcd
    11	[<0000000000000000>] prepare_exit_to_usermode+0x5e/0x9b
    12	[<0000000000000000>] entry_SYSCALL_64_after_swapgs+0x58/0xc6
    13	[<0000000000000000>] 0xffffffffffffffff
     1	Name:	sqlservr
     2	Umask:	0022
     3	State:	T (stopped)
     4	Tgid:	7
     5	Ngid:	0
     6	Pid:	7
     7	PPid:	1
     8	TracerPid:	0
     9	Uid:	0	0	0	0
    10	Gid:	0	0	0	0
    11	FDSize:	64
    12	Groups:	 
    13	NStgid:	7
    14	NSpid:	7
    15	NSpgid:	1
    16	NSsid:	1
    17	VmPeak:	  270300 kB
    18	VmSize:	  270296 kB
    19	VmLck:	       0 kB
    20	VmPin:	       0 kB
    21	VmHWM:	   60932 kB
    22	VmRSS:	   60928 kB
    23	RssAnon:	   50868 kB
    24	RssFile:	   10060 kB
    25	RssShmem:	       0 kB
    26	VmData:	  115844 kB
    27	VmStk:	     144 kB
    28	VmExe:	    2416 kB
    29	VmLib:	   29220 kB
    30	VmPTE:	     512 kB
    31	VmPMD:	      28 kB
    32	VmSwap:	       0 kB
    33	HugetlbPages:	       0 kB
    34	Threads:	12
    35	SigQ:	2/7844
    36	SigPnd:	0000000000000000
    37	ShdPnd:	0000000000000200
    38	SigBlk:	0000000600005007
    39	SigIgn:	0000000000000000
    40	SigCgt:	00000001c18086f8
    41	CapInh:	00000000a80425fb
    42	CapPrm:	00000000a80425fb
    43	CapEff:	00000000a80425fb
    44	CapBnd:	00000000a80425fb
    45	CapAmb:	0000000000000000
    46	Seccomp:	2
    47	Speculation_Store_Bypass:	thread force mitigated
    48	Cpus_allowed:	00000000,00000000,00000000,00000003
    49	Cpus_allowed_list:	0-1
    50	Mems_allowed:	1
    51	Mems_allowed_list:	0
    52	voluntary_ctxt_switches:	4
    53	nonvoluntary_ctxt_switches:	0
     1	rchar: 0
     2	wchar: 0
     3	syscr: 0
     4	syscw: 0
     5	read_bytes: 0
     6	write_bytes: 0
     7	cancelled_write_bytes: 0
     1	sqlservr (10186, #threads: 12)
     2	-------------------------------------------------------------------
     3	se.exec_start                                :       2110547.885529
     4	se.vruntime                                  :           670.559721
     5	se.sum_exec_runtime                          :             4.515887
     6	se.nr_migrations                             :                    4
     7	nr_switches                                  :                   35
     8	nr_voluntary_switches                        :                   35
     9	nr_involuntary_switches                      :                    0
    10	se.load.weight                               :              1048576
    11	se.avg.load_sum                              :               204427
    12	se.avg.util_sum                              :               191994
    13	se.avg.load_avg                              :                    3
    14	se.avg.util_avg                              :                    3
    15	se.avg.last_update_time                      :        2110547885529
    16	policy                                       :                    0
    17	prio                                         :                  120
    18	clock-delta                                  :                   73
     1	[<0000000000000000>] freezable_schedule+0x15/0x17
     2	[<0000000000000000>] do_signal_stop+0x17d/0x199
     3	[<0000000000000000>] get_signal+0x122/0x4e7
     4	[<0000000000000000>] __switch_to+0x371/0x45f
     5	[<0000000000000000>] timerqueue_del+0x4b/0x59
     6	[<0000000000000000>] do_signal+0x36/0x4c3
     7	[<0000000000000000>] hrtimer_try_to_cancel+0x94/0xb4
     8	[<0000000000000000>] hrtimer_cancel+0x11/0x1b
     9	[<0000000000000000>] read_events+0x185/0x1cc
    10	[<0000000000000000>] add_wait_queue_exclusive+0x3a/0x3a
    11	[<0000000000000000>] hrtimer_init+0xcd/0xcd
    12	[<0000000000000000>] prepare_exit_to_usermode+0x5e/0x9b
    13	[<0000000000000000>] entry_SYSCALL_64_after_swapgs+0x58/0xc6
    14	[<0000000000000000>] 0xffffffffffffffff
     1	Name:	sqlservr
     2	Umask:	0022
     3	State:	T (stopped)
     4	Tgid:	7
     5	Ngid:	0
     6	Pid:	10
     7	PPid:	1
     8	TracerPid:	0
     9	Uid:	0	0	0	0
    10	Gid:	0	0	0	0
    11	FDSize:	64
    12	Groups:	 
    13	NStgid:	7
    14	NSpid:	10
    15	NSpgid:	1
    16	NSsid:	1
    17	VmPeak:	  270300 kB
    18	VmSize:	  270296 kB
    19	VmLck:	       0 kB
    20	VmPin:	       0 kB
    21	VmHWM:	   60932 kB
    22	VmRSS:	   60928 kB
    23	RssAnon:	   50868 kB
    24	RssFile:	   10060 kB
    25	RssShmem:	       0 kB
    26	VmData:	  115844 kB
    27	VmStk:	     144 kB
    28	VmExe:	    2416 kB
    29	VmLib:	   29220 kB
    30	VmPTE:	     512 kB
    31	VmPMD:	      28 kB
    32	VmSwap:	       0 kB
    33	HugetlbPages:	       0 kB
    34	Threads:	12
    35	SigQ:	2/7844
    36	SigPnd:	0000000000000000
    37	ShdPnd:	0000000000000200
    38	SigBlk:	0000000600005007
    39	SigIgn:	0000000000000000
    40	SigCgt:	00000001c18086f8
    41	CapInh:	00000000a80425fb
    42	CapPrm:	00000000a80425fb
    43	CapEff:	00000000a80425fb
    44	CapBnd:	00000000a80425fb
    45	CapAmb:	0000000000000000
    46	Seccomp:	2
    47	Speculation_Store_Bypass:	thread force mitigated
    48	Cpus_allowed:	00000000,00000000,00000000,00000003
    49	Cpus_allowed_list:	0-1
    50	Mems_allowed:	1
    51	Mems_allowed_list:	0
    52	voluntary_ctxt_switches:	35
    53	nonvoluntary_ctxt_switches:	0
     1	rchar: 7457404
     2	wchar: 3109
     3	syscr: 191
     4	syscw: 3
     5	read_bytes: 0
     6	write_bytes: 8192
     7	cancelled_write_bytes: 0
     1	sqlservr (10187, #threads: 12)
     2	-------------------------------------------------------------------
     3	se.exec_start                                :       2110547.908140
     4	se.vruntime                                  :           676.558233
     5	se.sum_exec_runtime                          :           486.293335
     6	se.nr_migrations                             :                   13
     7	nr_switches                                  :                  766
     8	nr_voluntary_switches                        :                  758
     9	nr_involuntary_switches                      :                    8
    10	se.load.weight                               :              1048576
    11	se.avg.load_sum                              :             12042268
    12	se.avg.util_sum                              :             11690357
    13	se.avg.load_avg                              :                  245
    14	se.avg.util_avg                              :                  238
    15	se.avg.last_update_time                      :        2110547908140
    16	policy                                       :                    0
    17	prio                                         :                  120
    18	clock-delta                                  :                   98
     1	[<0000000000000000>] freezable_schedule+0x15/0x17
     2	[<0000000000000000>] do_signal_stop+0x17d/0x199
     3	[<0000000000000000>] get_signal+0x122/0x4e7
     4	[<0000000000000000>] do_signal+0x36/0x4c3
     5	[<0000000000000000>] __raw_spin_unlock_irq+0x5/0xd
     6	[<0000000000000000>] do_sigtimedwait+0x17b/0x1dc
     7	[<0000000000000000>] SYSC_rt_sigtimedwait+0x7e/0xc5
     8	[<0000000000000000>] syscall_trace_enter+0x102/0x1f5
     9	[<0000000000000000>] prepare_exit_to_usermode+0x5e/0x9b
    10	[<0000000000000000>] entry_SYSCALL_64_after_swapgs+0x58/0xc6
    11	[<0000000000000000>] 0xffffffffffffffff
     1	Name:	sqlservr
     2	Umask:	0022
     3	State:	T (stopped)
     4	Tgid:	7
     5	Ngid:	0
     6	Pid:	11
     7	PPid:	1
     8	TracerPid:	0
     9	Uid:	0	0	0	0
    10	Gid:	0	0	0	0
    11	FDSize:	64
    12	Groups:	 
    13	NStgid:	7
    14	NSpid:	11
    15	NSpgid:	1
    16	NSsid:	1
    17	VmPeak:	  270300 kB
    18	VmSize:	  270296 kB
    19	VmLck:	       0 kB
    20	VmPin:	       0 kB
    21	VmHWM:	   60932 kB
    22	VmRSS:	   60928 kB
    23	RssAnon:	   50868 kB
    24	RssFile:	   10060 kB
    25	RssShmem:	       0 kB
    26	VmData:	  115844 kB
    27	VmStk:	     144 kB
    28	VmExe:	    2416 kB
    29	VmLib:	   29220 kB
    30	VmPTE:	     512 kB
    31	VmPMD:	      28 kB
    32	VmSwap:	       0 kB
    33	HugetlbPages:	       0 kB
    34	Threads:	12
    35	SigQ:	2/7844
    36	SigPnd:	0000000000000000
    37	ShdPnd:	0000000000000200
    38	SigBlk:	0000000600005007
    39	SigIgn:	0000000000000000
    40	SigCgt:	00000001c18086f8
    41	CapInh:	00000000a80425fb
    42	CapPrm:	00000000a80425fb
    43	CapEff:	00000000a80425fb
    44	CapBnd:	00000000a80425fb
    45	CapAmb:	0000000000000000
    46	Seccomp:	2
    47	Speculation_Store_Bypass:	thread force mitigated
    48	Cpus_allowed:	00000000,00000000,00000000,00000003
    49	Cpus_allowed_list:	0-1
    50	Mems_allowed:	1
    51	Mems_allowed_list:	0
    52	voluntary_ctxt_switches:	758
    53	nonvoluntary_ctxt_switches:	8
     1	rchar: 0
     2	wchar: 0
     3	syscr: 0
     4	syscw: 0
     5	read_bytes: 0
     6	write_bytes: 0
     7	cancelled_write_bytes: 0
     1	sqlservr (10188, #threads: 12)
     2	-------------------------------------------------------------------
     3	se.exec_start                                :       2110547.905586
     4	se.vruntime                                  :           671.289876
     5	se.sum_exec_runtime                          :            16.189758
     6	se.nr_migrations                             :                   30
     7	nr_switches                                  :                  179
     8	nr_voluntary_switches                        :                  178
     9	nr_involuntary_switches                      :                    1
    10	se.load.weight                               :              1048576
    11	se.avg.load_sum                              :               964155
    12	se.avg.util_sum                              :               880469
    13	se.avg.load_avg                              :                   18
    14	se.avg.util_avg                              :                   17
    15	se.avg.last_update_time                      :        2110547905586
    16	policy                                       :                    0
    17	prio                                         :                  120
    18	clock-delta                                  :                   74
     1	[<0000000000000000>] freezable_schedule+0x15/0x17
     2	[<0000000000000000>] do_signal_stop+0x17d/0x199
     3	[<0000000000000000>] get_signal+0x122/0x4e7
     4	[<0000000000000000>] do_signal+0x36/0x4c3
     5	[<0000000000000000>] __seccomp_filter+0x7f/0x229
     6	[<0000000000000000>] SyS_futex+0xd1/0x153
     7	[<0000000000000000>] prepare_exit_to_usermode+0x5e/0x9b
     8	[<0000000000000000>] entry_SYSCALL_64_after_swapgs+0x58/0xc6
     9	[<0000000000000000>] 0xffffffffffffffff
     1	Name:	sqlservr
     2	Umask:	0022
     3	State:	T (stopped)
     4	Tgid:	7
     5	Ngid:	0
     6	Pid:	12
     7	PPid:	1
     8	TracerPid:	0
     9	Uid:	0	0	0	0
    10	Gid:	0	0	0	0
    11	FDSize:	64
    12	Groups:	 
    13	NStgid:	7
    14	NSpid:	12
    15	NSpgid:	1
    16	NSsid:	1
    17	VmPeak:	  270300 kB
    18	VmSize:	  270296 kB
    19	VmLck:	       0 kB
    20	VmPin:	       0 kB
    21	VmHWM:	   60932 kB
    22	VmRSS:	   60928 kB
    23	RssAnon:	   50868 kB
    24	RssFile:	   10060 kB
    25	RssShmem:	       0 kB
    26	VmData:	  115844 kB
    27	VmStk:	     144 kB
    28	VmExe:	    2416 kB
    29	VmLib:	   29220 kB
    30	VmPTE:	     512 kB
    31	VmPMD:	      28 kB
    32	VmSwap:	       0 kB
    33	HugetlbPages:	       0 kB
    34	Threads:	12
    35	SigQ:	2/7844
    36	SigPnd:	0000000000000000
    37	ShdPnd:	0000000000000200
    38	SigBlk:	0000000600005007
    39	SigIgn:	0000000000000000
    40	SigCgt:	00000001c18086f8
    41	CapInh:	00000000a80425fb
    42	CapPrm:	00000000a80425fb
    43	CapEff:	00000000a80425fb
    44	CapBnd:	00000000a80425fb
    45	CapAmb:	0000000000000000
    46	Seccomp:	2
    47	Speculation_Store_Bypass:	thread force mitigated
    48	Cpus_allowed:	00000000,00000000,00000000,00000003
    49	Cpus_allowed_list:	0-1
    50	Mems_allowed:	1
    51	Mems_allowed_list:	0
    52	voluntary_ctxt_switches:	178
    53	nonvoluntary_ctxt_switches:	1
     1	rchar: 0
     2	wchar: 0
     3	syscr: 0
     4	syscw: 0
     5	read_bytes: 0
     6	write_bytes: 0
     7	cancelled_write_bytes: 0
     1	sqlservr (10189, #threads: 12)
     2	-------------------------------------------------------------------
     3	se.exec_start                                :       2110547.888607
     4	se.vruntime                                  :           670.558757
     5	se.sum_exec_runtime                          :             0.379978
     6	se.nr_migrations                             :                    0
     7	nr_switches                                  :                    2
     8	nr_voluntary_switches                        :                    2
     9	nr_involuntary_switches                      :                    0
    10	se.load.weight                               :              1048576
    11	se.avg.load_sum                              :                16393
    12	se.avg.util_sum                              :                 3072
    13	se.avg.load_avg                              :                    0
    14	se.avg.util_avg                              :                    0
    15	se.avg.last_update_time                      :        2110547888607
    16	policy                                       :                    0
    17	prio                                         :                  120
    18	clock-delta                                  :                   95
     1	[<0000000000000000>] freezable_schedule+0x15/0x17
     2	[<0000000000000000>] do_signal_stop+0x17d/0x199
     3	[<0000000000000000>] get_signal+0x122/0x4e7
     4	[<0000000000000000>] do_signal+0x36/0x4c3
     5	[<0000000000000000>] __seccomp_filter+0x7f/0x229
     6	[<0000000000000000>] SyS_futex+0xd1/0x153
     7	[<0000000000000000>] prepare_exit_to_usermode+0x5e/0x9b
     8	[<0000000000000000>] entry_SYSCALL_64_after_swapgs+0x58/0xc6
     9	[<0000000000000000>] 0xffffffffffffffff
     1	Name:	sqlservr
     2	Umask:	0022
     3	State:	T (stopped)
     4	Tgid:	7
     5	Ngid:	0
     6	Pid:	13
     7	PPid:	1
     8	TracerPid:	0
     9	Uid:	0	0	0	0
    10	Gid:	0	0	0	0
    11	FDSize:	64
    12	Groups:	 
    13	NStgid:	7
    14	NSpid:	13
    15	NSpgid:	1
    16	NSsid:	1
    17	VmPeak:	  270300 kB
    18	VmSize:	  270296 kB
    19	VmLck:	       0 kB
    20	VmPin:	       0 kB
    21	VmHWM:	   60932 kB
    22	VmRSS:	   60928 kB
    23	RssAnon:	   50868 kB
    24	RssFile:	   10060 kB
    25	RssShmem:	       0 kB
    26	VmData:	  115844 kB
    27	VmStk:	     144 kB
    28	VmExe:	    2416 kB
    29	VmLib:	   29220 kB
    30	VmPTE:	     512 kB
    31	VmPMD:	      28 kB
    32	VmSwap:	       0 kB
    33	HugetlbPages:	       0 kB
    34	Threads:	12
    35	SigQ:	2/7844
    36	SigPnd:	0000000000000000
    37	ShdPnd:	0000000000000200
    38	SigBlk:	0000000600005007
    39	SigIgn:	0000000000000000
    40	SigCgt:	00000001c18086f8
    41	CapInh:	00000000a80425fb
    42	CapPrm:	00000000a80425fb
    43	CapEff:	00000000a80425fb
    44	CapBnd:	00000000a80425fb
    45	CapAmb:	0000000000000000
    46	Seccomp:	2
    47	Speculation_Store_Bypass:	thread force mitigated
    48	Cpus_allowed:	00000000,00000000,00000000,00000003
    49	Cpus_allowed_list:	0-1
    50	Mems_allowed:	1
    51	Mems_allowed_list:	0
    52	voluntary_ctxt_switches:	2
    53	nonvoluntary_ctxt_switches:	0
     1	rchar: 0
     2	wchar: 0
     3	syscr: 0
     4	syscw: 0
     5	read_bytes: 0
     6	write_bytes: 0
     7	cancelled_write_bytes: 0
     1	sqlservr (10190, #threads: 12)
     2	-------------------------------------------------------------------
     3	se.exec_start                                :       2110547.891035
     4	se.vruntime                                  :           670.558107
     5	se.sum_exec_runtime                          :             0.380925
     6	se.nr_migrations                             :                    0
     7	nr_switches                                  :                    2
     8	nr_voluntary_switches                        :                    2
     9	nr_involuntary_switches                      :                    0
    10	se.load.weight                               :              1048576
    11	se.avg.load_sum                              :                17417
    12	se.avg.util_sum                              :                 2048
    13	se.avg.load_avg                              :                    0
    14	se.avg.util_avg                              :                    0
    15	se.avg.last_update_time                      :        2110547891035
    16	policy                                       :                    0
    17	prio                                         :                  120
    18	clock-delta                                  :                   83
     1	[<0000000000000000>] freezable_schedule+0x15/0x17
     2	[<0000000000000000>] do_signal_stop+0x17d/0x199
     3	[<0000000000000000>] get_signal+0x122/0x4e7
     4	[<0000000000000000>] __remove_hrtimer+0x2d/0x83
     5	[<0000000000000000>] hrtimer_try_to_cancel+0x94/0xb4
     6	[<0000000000000000>] do_signal+0x36/0x4c3
     7	[<0000000000000000>] hrtimer_init+0xcd/0xcd
     8	[<0000000000000000>] fput+0x12/0x82
     9	[<0000000000000000>] SYSC_epoll_wait+0x227/0x360
    10	[<0000000000000000>] syscall_trace_enter+0x102/0x1f5
    11	[<0000000000000000>] wake_up_q+0x45/0x45
    12	[<0000000000000000>] prepare_exit_to_usermode+0x5e/0x9b
    13	[<0000000000000000>] entry_SYSCALL_64_after_swapgs+0x58/0xc6
    14	[<0000000000000000>] 0xffffffffffffffff
     1	Name:	sqlservr
     2	Umask:	0022
     3	State:	T (stopped)
     4	Tgid:	7
     5	Ngid:	0
     6	Pid:	14
     7	PPid:	1
     8	TracerPid:	0
     9	Uid:	0	0	0	0
    10	Gid:	0	0	0	0
    11	FDSize:	64
    12	Groups:	 
    13	NStgid:	7
    14	NSpid:	14
    15	NSpgid:	1
    16	NSsid:	1
    17	VmPeak:	  270300 kB
    18	VmSize:	  270296 kB
    19	VmLck:	       0 kB
    20	VmPin:	       0 kB
    21	VmHWM:	   60932 kB
    22	VmRSS:	   60928 kB
    23	RssAnon:	   50868 kB
    24	RssFile:	   10060 kB
    25	RssShmem:	       0 kB
    26	VmData:	  115844 kB
    27	VmStk:	     144 kB
    28	VmExe:	    2416 kB
    29	VmLib:	   29220 kB
    30	VmPTE:	     512 kB
    31	VmPMD:	      28 kB
    32	VmSwap:	       0 kB
    33	HugetlbPages:	       0 kB
    34	Threads:	12
    35	SigQ:	2/7844
    36	SigPnd:	0000000000000000
    37	ShdPnd:	0000000000000200
    38	SigBlk:	0000000600005007
    39	SigIgn:	0000000000000000
    40	SigCgt:	00000001c18086f8
    41	CapInh:	00000000a80425fb
    42	CapPrm:	00000000a80425fb
    43	CapEff:	00000000a80425fb
    44	CapBnd:	00000000a80425fb
    45	CapAmb:	0000000000000000
    46	Seccomp:	2
    47	Speculation_Store_Bypass:	thread force mitigated
    48	Cpus_allowed:	00000000,00000000,00000000,00000003
    49	Cpus_allowed_list:	0-1
    50	Mems_allowed:	1
    51	Mems_allowed_list:	0
    52	voluntary_ctxt_switches:	2
    53	nonvoluntary_ctxt_switches:	0
     1	rchar: 0
     2	wchar: 0
     3	syscr: 0
     4	syscw: 0
     5	read_bytes: 0
     6	write_bytes: 0
     7	cancelled_write_bytes: 0
     1	sqlservr (10191, #threads: 12)
     2	-------------------------------------------------------------------
     3	se.exec_start                                :       2110547.894435
     4	se.vruntime                                  :           670.559079
     5	se.sum_exec_runtime                          :             5.403410
     6	se.nr_migrations                             :                    0
     7	nr_switches                                  :                    2
     8	nr_voluntary_switches                        :                    2
     9	nr_involuntary_switches                      :                    0
    10	se.load.weight                               :              1048576
    11	se.avg.load_sum                              :                19466
    12	se.avg.util_sum                              :                 3072
    13	se.avg.load_avg                              :                    0
    14	se.avg.util_avg                              :                    0
    15	se.avg.last_update_time                      :        2110547894435
    16	policy                                       :                    0
    17	prio                                         :                  120
    18	clock-delta                                  :                   87
     1	[<0000000000000000>] freezable_schedule+0x15/0x17
     2	[<0000000000000000>] do_signal_stop+0x17d/0x199
     3	[<0000000000000000>] get_signal+0x122/0x4e7
     4	[<0000000000000000>] __switch_to+0x371/0x45f
     5	[<0000000000000000>] timerqueue_del+0x4b/0x59
     6	[<0000000000000000>] do_signal+0x36/0x4c3
     7	[<0000000000000000>] hrtimer_try_to_cancel+0x94/0xb4
     8	[<0000000000000000>] hrtimer_cancel+0x11/0x1b
     9	[<0000000000000000>] read_events+0x185/0x1cc
    10	[<0000000000000000>] add_wait_queue_exclusive+0x3a/0x3a
    11	[<0000000000000000>] hrtimer_init+0xcd/0xcd
    12	[<0000000000000000>] prepare_exit_to_usermode+0x5e/0x9b
    13	[<0000000000000000>] entry_SYSCALL_64_after_swapgs+0x58/0xc6
    14	[<0000000000000000>] 0xffffffffffffffff
     1	Name:	sqlservr
     2	Umask:	0022
     3	State:	T (stopped)
     4	Tgid:	7
     5	Ngid:	0
     6	Pid:	15
     7	PPid:	1
     8	TracerPid:	0
     9	Uid:	0	0	0	0
    10	Gid:	0	0	0	0
    11	FDSize:	64
    12	Groups:	 
    13	NStgid:	7
    14	NSpid:	15
    15	NSpgid:	1
    16	NSsid:	1
    17	VmPeak:	  270300 kB
    18	VmSize:	  270296 kB
    19	VmLck:	       0 kB
    20	VmPin:	       0 kB
    21	VmHWM:	   60932 kB
    22	VmRSS:	   60928 kB
    23	RssAnon:	   50868 kB
    24	RssFile:	   10060 kB
    25	RssShmem:	       0 kB
    26	VmData:	  115844 kB
    27	VmStk:	     144 kB
    28	VmExe:	    2416 kB
    29	VmLib:	   29220 kB
    30	VmPTE:	     512 kB
    31	VmPMD:	      28 kB
    32	VmSwap:	       0 kB
    33	HugetlbPages:	       0 kB
    34	Threads:	12
    35	SigQ:	2/7844
    36	SigPnd:	0000000000000000
    37	ShdPnd:	0000000000000200
    38	SigBlk:	0000000600005007
    39	SigIgn:	0000000000000000
    40	SigCgt:	00000001c18086f8
    41	CapInh:	00000000a80425fb
    42	CapPrm:	00000000a80425fb
    43	CapEff:	00000000a80425fb
    44	CapBnd:	00000000a80425fb
    45	CapAmb:	0000000000000000
    46	Seccomp:	2
    47	Speculation_Store_Bypass:	thread force mitigated
    48	Cpus_allowed:	00000000,00000000,00000000,00000003
    49	Cpus_allowed_list:	0-1
    50	Mems_allowed:	1
    51	Mems_allowed_list:	0
    52	voluntary_ctxt_switches:	2
    53	nonvoluntary_ctxt_switches:	0
     1	rchar: 0
     2	wchar: 0
     3	syscr: 0
     4	syscw: 0
     5	read_bytes: 0
     6	write_bytes: 0
     7	cancelled_write_bytes: 0
     1	sqlservr (10192, #threads: 12)
     2	-------------------------------------------------------------------
     3	se.exec_start                                :       2110547.896631
     4	se.vruntime                                  :           670.557875
     5	se.sum_exec_runtime                          :             0.501952
     6	se.nr_migrations                             :                    0
     7	nr_switches                                  :                    2
     8	nr_voluntary_switches                        :                    2
     9	nr_involuntary_switches                      :                    0
    10	se.load.weight                               :              1048576
    11	se.avg.load_sum                              :                21514
    12	se.avg.util_sum                              :                 2048
    13	se.avg.load_avg                              :                    0
    14	se.avg.util_avg                              :                    0
    15	se.avg.last_update_time                      :        2110547896631
    16	policy                                       :                    0
    17	prio                                         :                  120
    18	clock-delta                                  :                   70
     1	[<0000000000000000>] freezable_schedule+0x15/0x17
     2	[<0000000000000000>] do_signal_stop+0x17d/0x199
     3	[<0000000000000000>] get_signal+0x122/0x4e7
     4	[<0000000000000000>] do_signal+0x36/0x4c3
     5	[<0000000000000000>] __seccomp_filter+0x7f/0x229
     6	[<0000000000000000>] SyS_futex+0xd1/0x153
     7	[<0000000000000000>] prepare_exit_to_usermode+0x5e/0x9b
     8	[<0000000000000000>] entry_SYSCALL_64_after_swapgs+0x58/0xc6
     9	[<0000000000000000>] 0xffffffffffffffff
     1	Name:	sqlservr
     2	Umask:	0022
     3	State:	T (stopped)
     4	Tgid:	7
     5	Ngid:	0
     6	Pid:	16
     7	PPid:	1
     8	TracerPid:	0
     9	Uid:	0	0	0	0
    10	Gid:	0	0	0	0
    11	FDSize:	64
    12	Groups:	 
    13	NStgid:	7
    14	NSpid:	16
    15	NSpgid:	1
    16	NSsid:	1
    17	VmPeak:	  270300 kB
    18	VmSize:	  270296 kB
    19	VmLck:	       0 kB
    20	VmPin:	       0 kB
    21	VmHWM:	   60932 kB
    22	VmRSS:	   60928 kB
    23	RssAnon:	   50868 kB
    24	RssFile:	   10060 kB
    25	RssShmem:	       0 kB
    26	VmData:	  115844 kB
    27	VmStk:	     144 kB
    28	VmExe:	    2416 kB
    29	VmLib:	   29220 kB
    30	VmPTE:	     512 kB
    31	VmPMD:	      28 kB
    32	VmSwap:	       0 kB
    33	HugetlbPages:	       0 kB
    34	Threads:	12
    35	SigQ:	2/7844
    36	SigPnd:	0000000000000000
    37	ShdPnd:	0000000000000200
    38	SigBlk:	0000000600005007
    39	SigIgn:	0000000000000000
    40	SigCgt:	00000001c18086f8
    41	CapInh:	00000000a80425fb
    42	CapPrm:	00000000a80425fb
    43	CapEff:	00000000a80425fb
    44	CapBnd:	00000000a80425fb
    45	CapAmb:	0000000000000000
    46	Seccomp:	2
    47	Speculation_Store_Bypass:	thread force mitigated
    48	Cpus_allowed:	00000000,00000000,00000000,00000003
    49	Cpus_allowed_list:	0-1
    50	Mems_allowed:	1
    51	Mems_allowed_list:	0
    52	voluntary_ctxt_switches:	2
    53	nonvoluntary_ctxt_switches:	0
     1	rchar: 0
     2	wchar: 0
     3	syscr: 0
     4	syscw: 0
     5	read_bytes: 0
     6	write_bytes: 0
     7	cancelled_write_bytes: 0
     1	sqlservr (10193, #threads: 12)
     2	-------------------------------------------------------------------
     3	se.exec_start                                :       2110547.898525
     4	se.vruntime                                  :           670.557573
     5	se.sum_exec_runtime                          :             0.760614
     6	se.nr_migrations                             :                    0
     7	nr_switches                                  :                    2
     8	nr_voluntary_switches                        :                    2
     9	nr_involuntary_switches                      :                    0
    10	se.load.weight                               :              1048576
    11	se.avg.load_sum                              :                21514
    12	se.avg.util_sum                              :                 1024
    13	se.avg.load_avg                              :                    0
    14	se.avg.util_avg                              :                    0
    15	se.avg.last_update_time                      :        2110547898525
    16	policy                                       :                    0
    17	prio                                         :                  120
    18	clock-delta                                  :                   80
     1	[<0000000000000000>] freezable_schedule+0x15/0x17
     2	[<0000000000000000>] do_signal_stop+0x17d/0x199
     3	[<0000000000000000>] get_signal+0x122/0x4e7
     4	[<0000000000000000>] do_signal+0x36/0x4c3
     5	[<0000000000000000>] __lru_cache_add+0x1e/0x4f
     6	[<0000000000000000>] __seccomp_filter+0x7f/0x229
     7	[<0000000000000000>] SyS_futex+0xd1/0x153
     8	[<0000000000000000>] prepare_exit_to_usermode+0x5e/0x9b
     9	[<0000000000000000>] entry_SYSCALL_64_after_swapgs+0x58/0xc6
    10	[<0000000000000000>] 0xffffffffffffffff
     1	Name:	sqlservr
     2	Umask:	0022
     3	State:	T (stopped)
     4	Tgid:	7
     5	Ngid:	0
     6	Pid:	17
     7	PPid:	1
     8	TracerPid:	0
     9	Uid:	0	0	0	0
    10	Gid:	0	0	0	0
    11	FDSize:	64
    12	Groups:	 
    13	NStgid:	7
    14	NSpid:	17
    15	NSpgid:	1
    16	NSsid:	1
    17	VmPeak:	  270300 kB
    18	VmSize:	  270296 kB
    19	VmLck:	       0 kB
    20	VmPin:	       0 kB
    21	VmHWM:	   60932 kB
    22	VmRSS:	   60928 kB
    23	RssAnon:	   50868 kB
    24	RssFile:	   10060 kB
    25	RssShmem:	       0 kB
    26	VmData:	  115844 kB
    27	VmStk:	     144 kB
    28	VmExe:	    2416 kB
    29	VmLib:	   29220 kB
    30	VmPTE:	     512 kB
    31	VmPMD:	      28 kB
    32	VmSwap:	       0 kB
    33	HugetlbPages:	       0 kB
    34	Threads:	12
    35	SigQ:	2/7844
    36	SigPnd:	0000000000000000
    37	ShdPnd:	0000000000000200
    38	SigBlk:	0000000600005007
    39	SigIgn:	0000000000000000
    40	SigCgt:	00000001c18086f8
    41	CapInh:	00000000a80425fb
    42	CapPrm:	00000000a80425fb
    43	CapEff:	00000000a80425fb
    44	CapBnd:	00000000a80425fb
    45	CapAmb:	0000000000000000
    46	Seccomp:	2
    47	Speculation_Store_Bypass:	thread force mitigated
    48	Cpus_allowed:	00000000,00000000,00000000,00000003
    49	Cpus_allowed_list:	0-1
    50	Mems_allowed:	1
    51	Mems_allowed_list:	0
    52	voluntary_ctxt_switches:	2
    53	nonvoluntary_ctxt_switches:	0
     1	rchar: 0
     2	wchar: 0
     3	syscr: 0
     4	syscw: 0
     5	read_bytes: 0
     6	write_bytes: 0
     7	cancelled_write_bytes: 0
     1	sqlservr (10194, #threads: 12)
     2	-------------------------------------------------------------------
     3	se.exec_start                                :       2110547.900466
     4	se.vruntime                                  :           670.557620
     5	se.sum_exec_runtime                          :             0.353495
     6	se.nr_migrations                             :                    0
     7	nr_switches                                  :                    2
     8	nr_voluntary_switches                        :                    2
     9	nr_involuntary_switches                      :                    0
    10	se.load.weight                               :              1048576
    11	se.avg.load_sum                              :                28286
    12	se.avg.util_sum                              :                 3880
    13	se.avg.load_avg                              :                    0
    14	se.avg.util_avg                              :                    0
    15	se.avg.last_update_time                      :        2110547900466
    16	policy                                       :                    0
    17	prio                                         :                  120
    18	clock-delta                                  :                   74
     1	[<0000000000000000>] freezable_schedule+0x15/0x17
     2	[<0000000000000000>] do_signal_stop+0x17d/0x199
     3	[<0000000000000000>] get_signal+0x122/0x4e7
     4	[<0000000000000000>] do_signal+0x36/0x4c3
     5	[<0000000000000000>] __seccomp_filter+0x7f/0x229
     6	[<0000000000000000>] SyS_futex+0xd1/0x153
     7	[<0000000000000000>] prepare_exit_to_usermode+0x5e/0x9b
     8	[<0000000000000000>] entry_SYSCALL_64_after_swapgs+0x58/0xc6
     9	[<0000000000000000>] 0xffffffffffffffff
     1	Name:	sqlservr
     2	Umask:	0022
     3	State:	T (stopped)
     4	Tgid:	7
     5	Ngid:	0
     6	Pid:	18
     7	PPid:	1
     8	TracerPid:	0
     9	Uid:	0	0	0	0
    10	Gid:	0	0	0	0
    11	FDSize:	64
    12	Groups:	 
    13	NStgid:	7
    14	NSpid:	18
    15	NSpgid:	1
    16	NSsid:	1
    17	VmPeak:	  270300 kB
    18	VmSize:	  270296 kB
    19	VmLck:	       0 kB
    20	VmPin:	       0 kB
    21	VmHWM:	   60932 kB
    22	VmRSS:	   60928 kB
    23	RssAnon:	   50868 kB
    24	RssFile:	   10060 kB
    25	RssShmem:	       0 kB
    26	VmData:	  115844 kB
    27	VmStk:	     144 kB
    28	VmExe:	    2416 kB
    29	VmLib:	   29220 kB
    30	VmPTE:	     512 kB
    31	VmPMD:	      28 kB
    32	VmSwap:	       0 kB
    33	HugetlbPages:	       0 kB
    34	Threads:	12
    35	SigQ:	2/7844
    36	SigPnd:	0000000000000000
    37	ShdPnd:	0000000000000200
    38	SigBlk:	0000000600005007
    39	SigIgn:	0000000000000000
    40	SigCgt:	00000001c18086f8
    41	CapInh:	00000000a80425fb
    42	CapPrm:	00000000a80425fb
    43	CapEff:	00000000a80425fb
    44	CapBnd:	00000000a80425fb
    45	CapAmb:	0000000000000000
    46	Seccomp:	2
    47	Speculation_Store_Bypass:	thread force mitigated
    48	Cpus_allowed:	00000000,00000000,00000000,00000003
    49	Cpus_allowed_list:	0-1
    50	Mems_allowed:	1
    51	Mems_allowed_list:	0
    52	voluntary_ctxt_switches:	2
    53	nonvoluntary_ctxt_switches:	0
     1	rchar: 2276318
     2	wchar: 4
     3	syscr: 36
     4	syscw: 1
     5	read_bytes: 0
     6	write_bytes: 0
     7	cancelled_write_bytes: 0
     1	sqlservr (10183, #threads: 12)
     2	-------------------------------------------------------------------
     3	se.exec_start                                :       2110547.877363
     4	se.vruntime                                  :           670.576941
     5	se.sum_exec_runtime                          :            14.486449
     6	se.nr_migrations                             :                    1
     7	nr_switches                                  :                    4
     8	nr_voluntary_switches                        :                    4
     9	nr_involuntary_switches                      :                    0
    10	se.load.weight                               :              1048576
    11	se.avg.load_sum                              :               149508
    12	se.avg.util_sum                              :                20481
    13	se.avg.load_avg                              :                    0
    14	se.avg.util_avg                              :                    0
    15	se.avg.last_update_time                      :        2110547877363
    16	policy                                       :                    0
    17	prio                                         :                  120
    18	clock-delta                                  :                   78
     1	[<0000000000000000>] freezable_schedule+0x15/0x17
     2	[<0000000000000000>] do_signal_stop+0x17d/0x199
     3	[<0000000000000000>] get_signal+0x3d8/0x4e7
     4	[<0000000000000000>] do_signal+0x36/0x4c3
     5	[<0000000000000000>] paravirt_read_msr+0x7/0xa
     6	[<0000000000000000>] timekeeping_get_ns+0x19/0x2c
     7	[<0000000000000000>] ktime_get+0x40/0x50
     8	[<0000000000000000>] update_rmtp+0x60/0x8b
     9	[<0000000000000000>] hrtimer_nanosleep+0xf6/0x131
    10	[<0000000000000000>] hrtimer_init+0xcd/0xcd
    11	[<0000000000000000>] prepare_exit_to_usermode+0x5e/0x9b
    12	[<0000000000000000>] entry_SYSCALL_64_after_swapgs+0x58/0xc6
    13	[<0000000000000000>] 0xffffffffffffffff
     1	Name:	sqlservr
     2	Umask:	0022
     3	State:	T (stopped)
     4	Tgid:	7
     5	Ngid:	0
     6	Pid:	7
     7	PPid:	1
     8	TracerPid:	0
     9	Uid:	0	0	0	0
    10	Gid:	0	0	0	0
    11	FDSize:	64
    12	Groups:	 
    13	NStgid:	7
    14	NSpid:	7
    15	NSpgid:	1
    16	NSsid:	1
    17	VmPeak:	  270300 kB
    18	VmSize:	  270296 kB
    19	VmLck:	       0 kB
    20	VmPin:	       0 kB
    21	VmHWM:	   60932 kB
    22	VmRSS:	   60928 kB
    23	RssAnon:	   50868 kB
    24	RssFile:	   10060 kB
    25	RssShmem:	       0 kB
    26	VmData:	  115844 kB
    27	VmStk:	     144 kB
    28	VmExe:	    2416 kB
    29	VmLib:	   29220 kB
    30	VmPTE:	     512 kB
    31	VmPMD:	      28 kB
    32	VmSwap:	       0 kB
    33	HugetlbPages:	       0 kB
    34	Threads:	12
    35	SigQ:	2/7844
    36	SigPnd:	0000000000000000
    37	ShdPnd:	0000000000000200
    38	SigBlk:	0000000600005007
    39	SigIgn:	0000000000000000
    40	SigCgt:	00000001c18086f8
    41	CapInh:	00000000a80425fb
    42	CapPrm:	00000000a80425fb
    43	CapEff:	00000000a80425fb
    44	CapBnd:	00000000a80425fb
    45	CapAmb:	0000000000000000
    46	Seccomp:	2
    47	Speculation_Store_Bypass:	thread force mitigated
    48	Cpus_allowed:	00000000,00000000,00000000,00000003
    49	Cpus_allowed_list:	0-1
    50	Mems_allowed:	1
    51	Mems_allowed_list:	0
    52	voluntary_ctxt_switches:	4
    53	nonvoluntary_ctxt_switches:	0
     1	rchar: 0
     2	wchar: 0
     3	syscr: 0
     4	syscw: 0
     5	read_bytes: 0
     6	write_bytes: 0
     7	cancelled_write_bytes: 0
     1	sqlservr (10184, #threads: 12)
     2	-------------------------------------------------------------------
     3	se.exec_start                                :       2110547.881487
     4	se.vruntime                                  :           670.559803
     5	se.sum_exec_runtime                          :             0.133825
     6	se.nr_migrations                             :                    1
     7	nr_switches                                  :                    2
     8	nr_voluntary_switches                        :                    2
     9	nr_involuntary_switches                      :                    0
    10	se.load.weight                               :              1048576
    11	se.avg.load_sum                              :                15364
    12	se.avg.util_sum                              :                 4096
    13	se.avg.load_avg                              :                    0
    14	se.avg.util_avg                              :                    0
    15	se.avg.last_update_time                      :        2110547881487
    16	policy                                       :                    0
    17	prio                                         :                  120
    18	clock-delta                                  :                   80
     1	[<0000000000000000>] freezable_schedule+0x15/0x17
     2	[<0000000000000000>] do_signal_stop+0x17d/0x199
     3	[<0000000000000000>] get_signal+0x122/0x4e7
     4	[<0000000000000000>] __switch_to_asm+0x34/0x70
     5	[<0000000000000000>] do_signal+0x36/0x4c3
     6	[<0000000000000000>] paravirt_read_msr+0x7/0xa
     7	[<0000000000000000>] timekeeping_get_ns+0x19/0x2c
     8	[<0000000000000000>] ktime_get+0x40/0x50
     9	[<0000000000000000>] update_rmtp+0x60/0x8b
    10	[<0000000000000000>] hrtimer_nanosleep+0xf6/0x131
    11	[<0000000000000000>] hrtimer_init+0xcd/0xcd
    12	[<0000000000000000>] prepare_exit_to_usermode+0x5e/0x9b
    13	[<0000000000000000>] entry_SYSCALL_64_after_swapgs+0x58/0xc6
    14	[<0000000000000000>] 0xffffffffffffffff
     1	Name:	sqlservr
     2	Umask:	0022
     3	State:	T (stopped)
     4	Tgid:	7
     5	Ngid:	0
     6	Pid:	8
     7	PPid:	1
     8	TracerPid:	0
     9	Uid:	0	0	0	0
    10	Gid:	0	0	0	0
    11	FDSize:	64
    12	Groups:	 
    13	NStgid:	7
    14	NSpid:	8
    15	NSpgid:	1
    16	NSsid:	1
    17	VmPeak:	  270300 kB
    18	VmSize:	  270296 kB
    19	VmLck:	       0 kB
    20	VmPin:	       0 kB
    21	VmHWM:	   60932 kB
    22	VmRSS:	   60928 kB
    23	RssAnon:	   50868 kB
    24	RssFile:	   10060 kB
    25	RssShmem:	       0 kB
    26	VmData:	  115844 kB
    27	VmStk:	     144 kB
    28	VmExe:	    2416 kB
    29	VmLib:	   29220 kB
    30	VmPTE:	     512 kB
    31	VmPMD:	      28 kB
    32	VmSwap:	       0 kB
    33	HugetlbPages:	       0 kB
    34	Threads:	12
    35	SigQ:	2/7844
    36	SigPnd:	0000000000000000
    37	ShdPnd:	0000000000000200
    38	SigBlk:	0000000600005007
    39	SigIgn:	0000000000000000
    40	SigCgt:	00000001c18086f8
    41	CapInh:	00000000a80425fb
    42	CapPrm:	00000000a80425fb
    43	CapEff:	00000000a80425fb
    44	CapBnd:	00000000a80425fb
    45	CapAmb:	0000000000000000
    46	Seccomp:	2
    47	Speculation_Store_Bypass:	thread force mitigated
    48	Cpus_allowed:	00000000,00000000,00000000,00000003
    49	Cpus_allowed_list:	0-1
    50	Mems_allowed:	1
    51	Mems_allowed_list:	0
    52	voluntary_ctxt_switches:	2
    53	nonvoluntary_ctxt_switches:	0
     1	rchar: 0
     2	wchar: 0
     3	syscr: 0
     4	syscw: 0
     5	read_bytes: 0
     6	write_bytes: 0
     7	cancelled_write_bytes: 0
     1	sqlservr (10185, #threads: 12)
     2	-------------------------------------------------------------------
     3	se.exec_start                                :       2110547.903266
     4	se.vruntime                                  :           670.644419
     5	se.sum_exec_runtime                          :             1.207689
     6	se.nr_migrations                             :                    2
     7	nr_switches                                  :                    9
     8	nr_voluntary_switches                        :                    9
     9	nr_involuntary_switches                      :                    0
    10	se.load.weight                               :              1048576
    11	se.avg.load_sum                              :               118685
    12	se.avg.util_sum                              :                85913
    13	se.avg.load_avg                              :                    1
    14	se.avg.util_avg                              :                    1
    15	se.avg.last_update_time                      :        2110547903266
    16	policy                                       :                    0
    17	prio                                         :                  120
    18	clock-delta                                  :                   73
     1	[<0000000000000000>] freezable_schedule+0x15/0x17
     2	[<0000000000000000>] do_signal_stop+0x17d/0x199
     3	[<0000000000000000>] get_signal+0x122/0x4e7
     4	[<0000000000000000>] do_signal+0x36/0x4c3
     5	[<0000000000000000>] get_empty_filp+0x11c/0x196
     6	[<0000000000000000>] __seccomp_filter+0x7f/0x229
     7	[<0000000000000000>] __fd_install+0x2c/0xb7
     8	[<0000000000000000>] SyS_ppoll+0x123/0x149
     9	[<0000000000000000>] prepare_exit_to_usermode+0x5e/0x9b
    10	[<0000000000000000>] entry_SYSCALL_64_after_swapgs+0x58/0xc6
    11	[<0000000000000000>] 0xffffffffffffffff
     1	Name:	sqlservr
     2	Umask:	0022
     3	State:	T (stopped)
     4	Tgid:	7
     5	Ngid:	0
     6	Pid:	9
     7	PPid:	1
     8	TracerPid:	0
     9	Uid:	0	0	0	0
    10	Gid:	0	0	0	0
    11	FDSize:	64
    12	Groups:	 
    13	NStgid:	7
    14	NSpid:	9
    15	NSpgid:	1
    16	NSsid:	1
    17	VmPeak:	  270300 kB
    18	VmSize:	  270296 kB
    19	VmLck:	       0 kB
    20	VmPin:	       0 kB
    21	VmHWM:	   60932 kB
    22	VmRSS:	   60928 kB
    23	RssAnon:	   50868 kB
    24	RssFile:	   10060 kB
    25	RssShmem:	       0 kB
    26	VmData:	  115844 kB
    27	VmStk:	     144 kB
    28	VmExe:	    2416 kB
    29	VmLib:	   29220 kB
    30	VmPTE:	     512 kB
    31	VmPMD:	      28 kB
    32	VmSwap:	       0 kB
    33	HugetlbPages:	       0 kB
    34	Threads:	12
    35	SigQ:	2/7844
    36	SigPnd:	0000000000000000
    37	ShdPnd:	0000000000000200
    38	SigBlk:	0000000600005007
    39	SigIgn:	0000000000000000
    40	SigCgt:	00000001c18086f8
    41	CapInh:	00000000a80425fb
    42	CapPrm:	00000000a80425fb
    43	CapEff:	00000000a80425fb
    44	CapBnd:	00000000a80425fb
    45	CapAmb:	0000000000000000
    46	Seccomp:	2
    47	Speculation_Store_Bypass:	thread force mitigated
    48	Cpus_allowed:	00000000,00000000,00000000,00000003
    49	Cpus_allowed_list:	0-1
    50	Mems_allowed:	1
    51	Mems_allowed_list:	0
    52	voluntary_ctxt_switches:	9
    53	nonvoluntary_ctxt_switches:	0
