     1	rchar: 9733722
     2	wchar: 3113
     3	syscr: 227
     4	syscw: 4
     5	read_bytes: 0
     6	write_bytes: 8192
     7	cancelled_write_bytes: 0
     1	sqlservr (9262, #threads: 12)
     2	-------------------------------------------------------------------
     3	se.exec_start                                :       2097286.054918
     4	se.vruntime                                  :           193.063799
     5	se.sum_exec_runtime                          :            15.153408
     6	se.nr_migrations                             :                    2
     7	nr_switches                                  :                    4
     8	nr_voluntary_switches                        :                    4
     9	nr_involuntary_switches                      :                    0
    10	se.load.weight                               :              1048576
    11	se.avg.load_sum                              :                97288
    12	se.avg.util_sum                              :                23555
    13	se.avg.load_avg                              :                    0
    14	se.avg.util_avg                              :                    0
    15	se.avg.last_update_time                      :        2097286054918
    16	policy                                       :                    0
    17	prio                                         :                  120
    18	clock-delta                                  :                   77
     1	[<0000000000000000>] freezable_schedule+0x15/0x17
     2	[<0000000000000000>] do_signal_stop+0x17d/0x199
     3	[<0000000000000000>] get_signal+0x3d8/0x4e7
     4	[<0000000000000000>] wrmsrl+0x10/0x13
     5	[<0000000000000000>] do_signal+0x36/0x4c3
     6	[<0000000000000000>] paravirt_read_msr+0x7/0xa
     7	[<0000000000000000>] timekeeping_get_ns+0x19/0x2c
     8	[<0000000000000000>] ktime_get+0x40/0x50
     9	[<0000000000000000>] update_rmtp+0x60/0x8b
    10	[<0000000000000000>] hrtimer_nanosleep+0xf6/0x131
    11	[<0000000000000000>] hrtimer_init+0xcd/0xcd
    12	[<0000000000000000>] prepare_exit_to_usermode+0x5e/0x9b
    13	[<0000000000000000>] entry_SYSCALL_64_after_swapgs+0x58/0xc6
    14	[<0000000000000000>] 0xffffffffffffffff
     1	Name:	sqlservr
     2	Umask:	0022
     3	State:	T (stopped)
     4	Tgid:	7
     5	Ngid:	0
     6	Pid:	7
     7	PPid:	1
     8	TracerPid:	0
     9	Uid:	0	0	0	0
    10	Gid:	0	0	0	0
    11	FDSize:	64
    12	Groups:	 
    13	NStgid:	7
    14	NSpid:	7
    15	NSpgid:	1
    16	NSsid:	1
    17	VmPeak:	  270296 kB
    18	VmSize:	  270292 kB
    19	VmLck:	       0 kB
    20	VmPin:	       0 kB
    21	VmHWM:	   60912 kB
    22	VmRSS:	   60908 kB
    23	RssAnon:	   50864 kB
    24	RssFile:	   10044 kB
    25	RssShmem:	       0 kB
    26	VmData:	  115844 kB
    27	VmStk:	     140 kB
    28	VmExe:	    2416 kB
    29	VmLib:	   29220 kB
    30	VmPTE:	     520 kB
    31	VmPMD:	      28 kB
    32	VmSwap:	       0 kB
    33	HugetlbPages:	       0 kB
    34	Threads:	12
    35	SigQ:	2/7844
    36	SigPnd:	0000000000000000
    37	ShdPnd:	0000000000000200
    38	SigBlk:	0000000600005007
    39	SigIgn:	0000000000000000
    40	SigCgt:	00000001c18086f8
    41	CapInh:	00000000a80425fb
    42	CapPrm:	00000000a80425fb
    43	CapEff:	00000000a80425fb
    44	CapBnd:	00000000a80425fb
    45	CapAmb:	0000000000000000
    46	Seccomp:	2
    47	Speculation_Store_Bypass:	thread force mitigated
    48	Cpus_allowed:	00000000,00000000,00000000,00000003
    49	Cpus_allowed_list:	0-1
    50	Mems_allowed:	1
    51	Mems_allowed_list:	0
    52	voluntary_ctxt_switches:	4
    53	nonvoluntary_ctxt_switches:	0
     1	rchar: 0
     2	wchar: 0
     3	syscr: 0
     4	syscw: 0
     5	read_bytes: 0
     6	write_bytes: 0
     7	cancelled_write_bytes: 0
     1	sqlservr (9265, #threads: 12)
     2	-------------------------------------------------------------------
     3	se.exec_start                                :       2097286.063796
     4	se.vruntime                                  :           193.043944
     5	se.sum_exec_runtime                          :             5.166858
     6	se.nr_migrations                             :                    7
     7	nr_switches                                  :                   35
     8	nr_voluntary_switches                        :                   35
     9	nr_involuntary_switches                      :                    0
    10	se.load.weight                               :              1048576
    11	se.avg.load_sum                              :               206838
    12	se.avg.util_sum                              :               192495
    13	se.avg.load_avg                              :                    3
    14	se.avg.util_avg                              :                    3
    15	se.avg.last_update_time                      :        2097286063796
    16	policy                                       :                    0
    17	prio                                         :                  120
    18	clock-delta                                  :                   74
     1	[<0000000000000000>] freezable_schedule+0x15/0x17
     2	[<0000000000000000>] do_signal_stop+0x17d/0x199
     3	[<0000000000000000>] get_signal+0x122/0x4e7
     4	[<0000000000000000>] __switch_to+0x371/0x45f
     5	[<0000000000000000>] timerqueue_del+0x4b/0x59
     6	[<0000000000000000>] do_signal+0x36/0x4c3
     7	[<0000000000000000>] hrtimer_try_to_cancel+0x94/0xb4
     8	[<0000000000000000>] hrtimer_cancel+0x11/0x1b
     9	[<0000000000000000>] read_events+0x185/0x1cc
    10	[<0000000000000000>] add_wait_queue_exclusive+0x3a/0x3a
    11	[<0000000000000000>] hrtimer_init+0xcd/0xcd
    12	[<0000000000000000>] prepare_exit_to_usermode+0x5e/0x9b
    13	[<0000000000000000>] entry_SYSCALL_64_after_swapgs+0x58/0xc6
    14	[<0000000000000000>] 0xffffffffffffffff
     1	Name:	sqlservr
     2	Umask:	0022
     3	State:	T (stopped)
     4	Tgid:	7
     5	Ngid:	0
     6	Pid:	10
     7	PPid:	1
     8	TracerPid:	0
     9	Uid:	0	0	0	0
    10	Gid:	0	0	0	0
    11	FDSize:	64
    12	Groups:	 
    13	NStgid:	7
    14	NSpid:	10
    15	NSpgid:	1
    16	NSsid:	1
    17	VmPeak:	  270296 kB
    18	VmSize:	  270292 kB
    19	VmLck:	       0 kB
    20	VmPin:	       0 kB
    21	VmHWM:	   60912 kB
    22	VmRSS:	   60908 kB
    23	RssAnon:	   50864 kB
    24	RssFile:	   10044 kB
    25	RssShmem:	       0 kB
    26	VmData:	  115844 kB
    27	VmStk:	     140 kB
    28	VmExe:	    2416 kB
    29	VmLib:	   29220 kB
    30	VmPTE:	     520 kB
    31	VmPMD:	      28 kB
    32	VmSwap:	       0 kB
    33	HugetlbPages:	       0 kB
    34	Threads:	12
    35	SigQ:	2/7844
    36	SigPnd:	0000000000000000
    37	ShdPnd:	0000000000000200
    38	SigBlk:	0000000600005007
    39	SigIgn:	0000000000000000
    40	SigCgt:	00000001c18086f8
    41	CapInh:	00000000a80425fb
    42	CapPrm:	00000000a80425fb
    43	CapEff:	00000000a80425fb
    44	CapBnd:	00000000a80425fb
    45	CapAmb:	0000000000000000
    46	Seccomp:	2
    47	Speculation_Store_Bypass:	thread force mitigated
    48	Cpus_allowed:	00000000,00000000,00000000,00000003
    49	Cpus_allowed_list:	0-1
    50	Mems_allowed:	1
    51	Mems_allowed_list:	0
    52	voluntary_ctxt_switches:	35
    53	nonvoluntary_ctxt_switches:	0
     1	rchar: 7457408
     2	wchar: 3109
     3	syscr: 192
     4	syscw: 3
     5	read_bytes: 0
     6	write_bytes: 8192
     7	cancelled_write_bytes: 0
     1	sqlservr (9266, #threads: 12)
     2	-------------------------------------------------------------------
     3	se.exec_start                                :       2097286.090766
     4	se.vruntime                                  :           199.044076
     5	se.sum_exec_runtime                          :           472.200015
     6	se.nr_migrations                             :                   18
     7	nr_switches                                  :                  769
     8	nr_voluntary_switches                        :                  755
     9	nr_involuntary_switches                      :                   14
    10	se.load.weight                               :              1048576
    11	se.avg.load_sum                              :             12753053
    12	se.avg.util_sum                              :             12481307
    13	se.avg.load_avg                              :                  261
    14	se.avg.util_avg                              :                  256
    15	se.avg.last_update_time                      :        2097286090766
    16	policy                                       :                    0
    17	prio                                         :                  120
    18	clock-delta                                  :                   95
     1	[<0000000000000000>] freezable_schedule+0x15/0x17
     2	[<0000000000000000>] do_signal_stop+0x17d/0x199
     3	[<0000000000000000>] get_signal+0x122/0x4e7
     4	[<0000000000000000>] do_signal+0x36/0x4c3
     5	[<0000000000000000>] __raw_spin_unlock_irq+0x5/0xd
     6	[<0000000000000000>] do_sigtimedwait+0x17b/0x1dc
     7	[<0000000000000000>] SYSC_rt_sigtimedwait+0x7e/0xc5
     8	[<0000000000000000>] syscall_trace_enter+0x102/0x1f5
     9	[<0000000000000000>] prepare_exit_to_usermode+0x5e/0x9b
    10	[<0000000000000000>] entry_SYSCALL_64_after_swapgs+0x58/0xc6
    11	[<0000000000000000>] 0xffffffffffffffff
     1	Name:	sqlservr
     2	Umask:	0022
     3	State:	T (stopped)
     4	Tgid:	7
     5	Ngid:	0
     6	Pid:	11
     7	PPid:	1
     8	TracerPid:	0
     9	Uid:	0	0	0	0
    10	Gid:	0	0	0	0
    11	FDSize:	64
    12	Groups:	 
    13	NStgid:	7
    14	NSpid:	11
    15	NSpgid:	1
    16	NSsid:	1
    17	VmPeak:	  270296 kB
    18	VmSize:	  270292 kB
    19	VmLck:	       0 kB
    20	VmPin:	       0 kB
    21	VmHWM:	   60912 kB
    22	VmRSS:	   60908 kB
    23	RssAnon:	   50864 kB
    24	RssFile:	   10044 kB
    25	RssShmem:	       0 kB
    26	VmData:	  115844 kB
    27	VmStk:	     140 kB
    28	VmExe:	    2416 kB
    29	VmLib:	   29220 kB
    30	VmPTE:	     520 kB
    31	VmPMD:	      28 kB
    32	VmSwap:	       0 kB
    33	HugetlbPages:	       0 kB
    34	Threads:	12
    35	SigQ:	2/7844
    36	SigPnd:	0000000000000000
    37	ShdPnd:	0000000000000200
    38	SigBlk:	0000000600005007
    39	SigIgn:	0000000000000000
    40	SigCgt:	00000001c18086f8
    41	CapInh:	00000000a80425fb
    42	CapPrm:	00000000a80425fb
    43	CapEff:	00000000a80425fb
    44	CapBnd:	00000000a80425fb
    45	CapAmb:	0000000000000000
    46	Seccomp:	2
    47	Speculation_Store_Bypass:	thread force mitigated
    48	Cpus_allowed:	00000000,00000000,00000000,00000003
    49	Cpus_allowed_list:	0-1
    50	Mems_allowed:	1
    51	Mems_allowed_list:	0
    52	voluntary_ctxt_switches:	755
    53	nonvoluntary_ctxt_switches:	14
     1	rchar: 0
     2	wchar: 0
     3	syscr: 0
     4	syscw: 0
     5	read_bytes: 0
     6	write_bytes: 0
     7	cancelled_write_bytes: 0
     1	sqlservr (9267, #threads: 12)
     2	-------------------------------------------------------------------
     3	se.exec_start                                :       2097286.086664
     4	se.vruntime                                  :           193.419175
     5	se.sum_exec_runtime                          :            14.929507
     6	se.nr_migrations                             :                   33
     7	nr_switches                                  :                  172
     8	nr_voluntary_switches                        :                  172
     9	nr_involuntary_switches                      :                    0
    10	se.load.weight                               :              1048576
    11	se.avg.load_sum                              :              1264797
    12	se.avg.util_sum                              :              1021267
    13	se.avg.load_avg                              :                   25
    14	se.avg.util_avg                              :                   21
    15	se.avg.last_update_time                      :        2097286086664
    16	policy                                       :                    0
    17	prio                                         :                  120
    18	clock-delta                                  :                   73
     1	[<0000000000000000>] freezable_schedule+0x15/0x17
     2	[<0000000000000000>] do_signal_stop+0x17d/0x199
     3	[<0000000000000000>] get_signal+0x122/0x4e7
     4	[<0000000000000000>] do_signal+0x36/0x4c3
     5	[<0000000000000000>] __seccomp_filter+0x7f/0x229
     6	[<0000000000000000>] native_read_msr+0x6/0x33
     7	[<0000000000000000>] SyS_futex+0xd1/0x153
     8	[<0000000000000000>] prepare_exit_to_usermode+0x5e/0x9b
     9	[<0000000000000000>] entry_SYSCALL_64_after_swapgs+0x58/0xc6
    10	[<0000000000000000>] 0xffffffffffffffff
     1	Name:	sqlservr
     2	Umask:	0022
     3	State:	T (stopped)
     4	Tgid:	7
     5	Ngid:	0
     6	Pid:	12
     7	PPid:	1
     8	TracerPid:	0
     9	Uid:	0	0	0	0
    10	Gid:	0	0	0	0
    11	FDSize:	64
    12	Groups:	 
    13	NStgid:	7
    14	NSpid:	12
    15	NSpgid:	1
    16	NSsid:	1
    17	VmPeak:	  270296 kB
    18	VmSize:	  270292 kB
    19	VmLck:	       0 kB
    20	VmPin:	       0 kB
    21	VmHWM:	   60912 kB
    22	VmRSS:	   60908 kB
    23	RssAnon:	   50864 kB
    24	RssFile:	   10044 kB
    25	RssShmem:	       0 kB
    26	VmData:	  115844 kB
    27	VmStk:	     140 kB
    28	VmExe:	    2416 kB
    29	VmLib:	   29220 kB
    30	VmPTE:	     520 kB
    31	VmPMD:	      28 kB
    32	VmSwap:	       0 kB
    33	HugetlbPages:	       0 kB
    34	Threads:	12
    35	SigQ:	2/7844
    36	SigPnd:	0000000000000000
    37	ShdPnd:	0000000000000200
    38	SigBlk:	0000000600005007
    39	SigIgn:	0000000000000000
    40	SigCgt:	00000001c18086f8
    41	CapInh:	00000000a80425fb
    42	CapPrm:	00000000a80425fb
    43	CapEff:	00000000a80425fb
    44	CapBnd:	00000000a80425fb
    45	CapAmb:	0000000000000000
    46	Seccomp:	2
    47	Speculation_Store_Bypass:	thread force mitigated
    48	Cpus_allowed:	00000000,00000000,00000000,00000003
    49	Cpus_allowed_list:	0-1
    50	Mems_allowed:	1
    51	Mems_allowed_list:	0
    52	voluntary_ctxt_switches:	172
    53	nonvoluntary_ctxt_switches:	0
     1	rchar: 0
     2	wchar: 0
     3	syscr: 0
     4	syscw: 0
     5	read_bytes: 0
     6	write_bytes: 0
     7	cancelled_write_bytes: 0
     1	sqlservr (9268, #threads: 12)
     2	-------------------------------------------------------------------
     3	se.exec_start                                :       2097286.066972
     4	se.vruntime                                  :           193.043150
     5	se.sum_exec_runtime                          :             0.351157
     6	se.nr_migrations                             :                    1
     7	nr_switches                                  :                    2
     8	nr_voluntary_switches                        :                    2
     9	nr_involuntary_switches                      :                    0
    10	se.load.weight                               :              1048576
    11	se.avg.load_sum                              :                17424
    12	se.avg.util_sum                              :                 3073
    13	se.avg.load_avg                              :                    0
    14	se.avg.util_avg                              :                    0
    15	se.avg.last_update_time                      :        2097286066972
    16	policy                                       :                    0
    17	prio                                         :                  120
    18	clock-delta                                  :                   73
     1	[<0000000000000000>] freezable_schedule+0x15/0x17
     2	[<0000000000000000>] do_signal_stop+0x17d/0x199
     3	[<0000000000000000>] get_signal+0x122/0x4e7
     4	[<0000000000000000>] do_signal+0x36/0x4c3
     5	[<0000000000000000>] __seccomp_filter+0x7f/0x229
     6	[<0000000000000000>] SyS_futex+0xd1/0x153
     7	[<0000000000000000>] prepare_exit_to_usermode+0x5e/0x9b
     8	[<0000000000000000>] entry_SYSCALL_64_after_swapgs+0x58/0xc6
     9	[<0000000000000000>] 0xffffffffffffffff
     1	Name:	sqlservr
     2	Umask:	0022
     3	State:	T (stopped)
     4	Tgid:	7
     5	Ngid:	0
     6	Pid:	13
     7	PPid:	1
     8	TracerPid:	0
     9	Uid:	0	0	0	0
    10	Gid:	0	0	0	0
    11	FDSize:	64
    12	Groups:	 
    13	NStgid:	7
    14	NSpid:	13
    15	NSpgid:	1
    16	NSsid:	1
    17	VmPeak:	  270296 kB
    18	VmSize:	  270292 kB
    19	VmLck:	       0 kB
    20	VmPin:	       0 kB
    21	VmHWM:	   60912 kB
    22	VmRSS:	   60908 kB
    23	RssAnon:	   50864 kB
    24	RssFile:	   10044 kB
    25	RssShmem:	       0 kB
    26	VmData:	  115844 kB
    27	VmStk:	     140 kB
    28	VmExe:	    2416 kB
    29	VmLib:	   29220 kB
    30	VmPTE:	     520 kB
    31	VmPMD:	      28 kB
    32	VmSwap:	       0 kB
    33	HugetlbPages:	       0 kB
    34	Threads:	12
    35	SigQ:	2/7844
    36	SigPnd:	0000000000000000
    37	ShdPnd:	0000000000000200
    38	SigBlk:	0000000600005007
    39	SigIgn:	0000000000000000
    40	SigCgt:	00000001c18086f8
    41	CapInh:	00000000a80425fb
    42	CapPrm:	00000000a80425fb
    43	CapEff:	00000000a80425fb
    44	CapBnd:	00000000a80425fb
    45	CapAmb:	0000000000000000
    46	Seccomp:	2
    47	Speculation_Store_Bypass:	thread force mitigated
    48	Cpus_allowed:	00000000,00000000,00000000,00000003
    49	Cpus_allowed_list:	0-1
    50	Mems_allowed:	1
    51	Mems_allowed_list:	0
    52	voluntary_ctxt_switches:	2
    53	nonvoluntary_ctxt_switches:	0
     1	rchar: 0
     2	wchar: 0
     3	syscr: 0
     4	syscw: 0
     5	read_bytes: 0
     6	write_bytes: 0
     7	cancelled_write_bytes: 0
     1	sqlservr (9269, #threads: 12)
     2	-------------------------------------------------------------------
     3	se.exec_start                                :       2097286.069367
     4	se.vruntime                                  :           193.042369
     5	se.sum_exec_runtime                          :             0.442131
     6	se.nr_migrations                             :                    1
     7	nr_switches                                  :                    2
     8	nr_voluntary_switches                        :                    2
     9	nr_involuntary_switches                      :                    0
    10	se.load.weight                               :              1048576
    11	se.avg.load_sum                              :                18449
    12	se.avg.util_sum                              :                 2048
    13	se.avg.load_avg                              :                    0
    14	se.avg.util_avg                              :                    0
    15	se.avg.last_update_time                      :        2097286069367
    16	policy                                       :                    0
    17	prio                                         :                  120
    18	clock-delta                                  :                   74
     1	[<0000000000000000>] freezable_schedule+0x15/0x17
     2	[<0000000000000000>] do_signal_stop+0x17d/0x199
     3	[<0000000000000000>] get_signal+0x122/0x4e7
     4	[<0000000000000000>] __remove_hrtimer+0x2d/0x83
     5	[<0000000000000000>] hrtimer_try_to_cancel+0x94/0xb4
     6	[<0000000000000000>] do_signal+0x36/0x4c3
     7	[<0000000000000000>] hrtimer_init+0xcd/0xcd
     8	[<0000000000000000>] fput+0x12/0x82
     9	[<0000000000000000>] SYSC_epoll_wait+0x227/0x360
    10	[<0000000000000000>] syscall_trace_enter+0x102/0x1f5
    11	[<0000000000000000>] wake_up_q+0x45/0x45
    12	[<0000000000000000>] prepare_exit_to_usermode+0x5e/0x9b
    13	[<0000000000000000>] entry_SYSCALL_64_after_swapgs+0x58/0xc6
    14	[<0000000000000000>] 0xffffffffffffffff
     1	Name:	sqlservr
     2	Umask:	0022
     3	State:	T (stopped)
     4	Tgid:	7
     5	Ngid:	0
     6	Pid:	14
     7	PPid:	1
     8	TracerPid:	0
     9	Uid:	0	0	0	0
    10	Gid:	0	0	0	0
    11	FDSize:	64
    12	Groups:	 
    13	NStgid:	7
    14	NSpid:	14
    15	NSpgid:	1
    16	NSsid:	1
    17	VmPeak:	  270296 kB
    18	VmSize:	  270292 kB
    19	VmLck:	       0 kB
    20	VmPin:	       0 kB
    21	VmHWM:	   60912 kB
    22	VmRSS:	   60908 kB
    23	RssAnon:	   50864 kB
    24	RssFile:	   10044 kB
    25	RssShmem:	       0 kB
    26	VmData:	  115844 kB
    27	VmStk:	     140 kB
    28	VmExe:	    2416 kB
    29	VmLib:	   29220 kB
    30	VmPTE:	     520 kB
    31	VmPMD:	      28 kB
    32	VmSwap:	       0 kB
    33	HugetlbPages:	       0 kB
    34	Threads:	12
    35	SigQ:	2/7844
    36	SigPnd:	0000000000000000
    37	ShdPnd:	0000000000000200
    38	SigBlk:	0000000600005007
    39	SigIgn:	0000000000000000
    40	SigCgt:	00000001c18086f8
    41	CapInh:	00000000a80425fb
    42	CapPrm:	00000000a80425fb
    43	CapEff:	00000000a80425fb
    44	CapBnd:	00000000a80425fb
    45	CapAmb:	0000000000000000
    46	Seccomp:	2
    47	Speculation_Store_Bypass:	thread force mitigated
    48	Cpus_allowed:	00000000,00000000,00000000,00000003
    49	Cpus_allowed_list:	0-1
    50	Mems_allowed:	1
    51	Mems_allowed_list:	0
    52	voluntary_ctxt_switches:	2
    53	nonvoluntary_ctxt_switches:	0
     1	rchar: 0
     2	wchar: 0
     3	syscr: 0
     4	syscw: 0
     5	read_bytes: 0
     6	write_bytes: 0
     7	cancelled_write_bytes: 0
     1	sqlservr (9270, #threads: 12)
     2	-------------------------------------------------------------------
     3	se.exec_start                                :       2097286.071838
     4	se.vruntime                                  :           193.042445
     5	se.sum_exec_runtime                          :             0.389190
     6	se.nr_migrations                             :                    1
     7	nr_switches                                  :                    2
     8	nr_voluntary_switches                        :                    2
     9	nr_involuntary_switches                      :                    0
    10	se.load.weight                               :              1048576
    11	se.avg.load_sum                              :                19472
    12	se.avg.util_sum                              :                 2048
    13	se.avg.load_avg                              :                    0
    14	se.avg.util_avg                              :                    0
    15	se.avg.last_update_time                      :        2097286071838
    16	policy                                       :                    0
    17	prio                                         :                  120
    18	clock-delta                                  :                   74
     1	[<0000000000000000>] freezable_schedule+0x15/0x17
     2	[<0000000000000000>] do_signal_stop+0x17d/0x199
     3	[<0000000000000000>] get_signal+0x122/0x4e7
     4	[<0000000000000000>] __switch_to+0x371/0x45f
     5	[<0000000000000000>] timerqueue_del+0x4b/0x59
     6	[<0000000000000000>] do_signal+0x36/0x4c3
     7	[<0000000000000000>] hrtimer_try_to_cancel+0x94/0xb4
     8	[<0000000000000000>] hrtimer_cancel+0x11/0x1b
     9	[<0000000000000000>] read_events+0x185/0x1cc
    10	[<0000000000000000>] add_wait_queue_exclusive+0x3a/0x3a
    11	[<0000000000000000>] hrtimer_init+0xcd/0xcd
    12	[<0000000000000000>] prepare_exit_to_usermode+0x5e/0x9b
    13	[<0000000000000000>] entry_SYSCALL_64_after_swapgs+0x58/0xc6
    14	[<0000000000000000>] 0xffffffffffffffff
     1	Name:	sqlservr
     2	Umask:	0022
     3	State:	T (stopped)
     4	Tgid:	7
     5	Ngid:	0
     6	Pid:	15
     7	PPid:	1
     8	TracerPid:	0
     9	Uid:	0	0	0	0
    10	Gid:	0	0	0	0
    11	FDSize:	64
    12	Groups:	 
    13	NStgid:	7
    14	NSpid:	15
    15	NSpgid:	1
    16	NSsid:	1
    17	VmPeak:	  270296 kB
    18	VmSize:	  270292 kB
    19	VmLck:	       0 kB
    20	VmPin:	       0 kB
    21	VmHWM:	   60912 kB
    22	VmRSS:	   60908 kB
    23	RssAnon:	   50864 kB
    24	RssFile:	   10044 kB
    25	RssShmem:	       0 kB
    26	VmData:	  115844 kB
    27	VmStk:	     140 kB
    28	VmExe:	    2416 kB
    29	VmLib:	   29220 kB
    30	VmPTE:	     520 kB
    31	VmPMD:	      28 kB
    32	VmSwap:	       0 kB
    33	HugetlbPages:	       0 kB
    34	Threads:	12
    35	SigQ:	2/7844
    36	SigPnd:	0000000000000000
    37	ShdPnd:	0000000000000200
    38	SigBlk:	0000000600005007
    39	SigIgn:	0000000000000000
    40	SigCgt:	00000001c18086f8
    41	CapInh:	00000000a80425fb
    42	CapPrm:	00000000a80425fb
    43	CapEff:	00000000a80425fb
    44	CapBnd:	00000000a80425fb
    45	CapAmb:	0000000000000000
    46	Seccomp:	2
    47	Speculation_Store_Bypass:	thread force mitigated
    48	Cpus_allowed:	00000000,00000000,00000000,00000003
    49	Cpus_allowed_list:	0-1
    50	Mems_allowed:	1
    51	Mems_allowed_list:	0
    52	voluntary_ctxt_switches:	2
    53	nonvoluntary_ctxt_switches:	0
     1	rchar: 0
     2	wchar: 0
     3	syscr: 0
     4	syscw: 0
     5	read_bytes: 0
     6	write_bytes: 0
     7	cancelled_write_bytes: 0
     1	sqlservr (9271, #threads: 12)
     2	-------------------------------------------------------------------
     3	se.exec_start                                :       2097286.073838
     4	se.vruntime                                  :           193.041974
     5	se.sum_exec_runtime                          :             0.457407
     6	se.nr_migrations                             :                    1
     7	nr_switches                                  :                    2
     8	nr_voluntary_switches                        :                    2
     9	nr_involuntary_switches                      :                    0
    10	se.load.weight                               :              1048576
    11	se.avg.load_sum                              :                20497
    12	se.avg.util_sum                              :                 1024
    13	se.avg.load_avg                              :                    0
    14	se.avg.util_avg                              :                    0
    15	se.avg.last_update_time                      :        2097286073838
    16	policy                                       :                    0
    17	prio                                         :                  120
    18	clock-delta                                  :                   73
     1	[<0000000000000000>] freezable_schedule+0x15/0x17
     2	[<0000000000000000>] do_signal_stop+0x17d/0x199
     3	[<0000000000000000>] get_signal+0x122/0x4e7
     4	[<0000000000000000>] do_signal+0x36/0x4c3
     5	[<0000000000000000>] __seccomp_filter+0x7f/0x229
     6	[<0000000000000000>] SyS_futex+0xd1/0x153
     7	[<0000000000000000>] prepare_exit_to_usermode+0x5e/0x9b
     8	[<0000000000000000>] entry_SYSCALL_64_after_swapgs+0x58/0xc6
     9	[<0000000000000000>] 0xffffffffffffffff
     1	Name:	sqlservr
     2	Umask:	0022
     3	State:	T (stopped)
     4	Tgid:	7
     5	Ngid:	0
     6	Pid:	16
     7	PPid:	1
     8	TracerPid:	0
     9	Uid:	0	0	0	0
    10	Gid:	0	0	0	0
    11	FDSize:	64
    12	Groups:	 
    13	NStgid:	7
    14	NSpid:	16
    15	NSpgid:	1
    16	NSsid:	1
    17	VmPeak:	  270296 kB
    18	VmSize:	  270292 kB
    19	VmLck:	       0 kB
    20	VmPin:	       0 kB
    21	VmHWM:	   60912 kB
    22	VmRSS:	   60908 kB
    23	RssAnon:	   50864 kB
    24	RssFile:	   10044 kB
    25	RssShmem:	       0 kB
    26	VmData:	  115844 kB
    27	VmStk:	     140 kB
    28	VmExe:	    2416 kB
    29	VmLib:	   29220 kB
    30	VmPTE:	     520 kB
    31	VmPMD:	      28 kB
    32	VmSwap:	       0 kB
    33	HugetlbPages:	       0 kB
    34	Threads:	12
    35	SigQ:	2/7844
    36	SigPnd:	0000000000000000
    37	ShdPnd:	0000000000000200
    38	SigBlk:	0000000600005007
    39	SigIgn:	0000000000000000
    40	SigCgt:	00000001c18086f8
    41	CapInh:	00000000a80425fb
    42	CapPrm:	00000000a80425fb
    43	CapEff:	00000000a80425fb
    44	CapBnd:	00000000a80425fb
    45	CapAmb:	0000000000000000
    46	Seccomp:	2
    47	Speculation_Store_Bypass:	thread force mitigated
    48	Cpus_allowed:	00000000,00000000,00000000,00000003
    49	Cpus_allowed_list:	0-1
    50	Mems_allowed:	1
    51	Mems_allowed_list:	0
    52	voluntary_ctxt_switches:	2
    53	nonvoluntary_ctxt_switches:	0
     1	rchar: 0
     2	wchar: 0
     3	syscr: 0
     4	syscw: 0
     5	read_bytes: 0
     6	write_bytes: 0
     7	cancelled_write_bytes: 0
     1	sqlservr (9272, #threads: 12)
     2	-------------------------------------------------------------------
     3	se.exec_start                                :       2097286.075693
     4	se.vruntime                                  :           193.041829
     5	se.sum_exec_runtime                          :             0.706627
     6	se.nr_migrations                             :                    1
     7	nr_switches                                  :                    2
     8	nr_voluntary_switches                        :                    2
     9	nr_involuntary_switches                      :                    0
    10	se.load.weight                               :              1048576
    11	se.avg.load_sum                              :                22546
    12	se.avg.util_sum                              :                 1024
    13	se.avg.load_avg                              :                    0
    14	se.avg.util_avg                              :                    0
    15	se.avg.last_update_time                      :        2097286075693
    16	policy                                       :                    0
    17	prio                                         :                  120
    18	clock-delta                                  :                   76
     1	[<0000000000000000>] freezable_schedule+0x15/0x17
     2	[<0000000000000000>] do_signal_stop+0x17d/0x199
     3	[<0000000000000000>] get_signal+0x122/0x4e7
     4	[<0000000000000000>] do_signal+0x36/0x4c3
     5	[<0000000000000000>] __lru_cache_add+0x1e/0x4f
     6	[<0000000000000000>] __seccomp_filter+0x7f/0x229
     7	[<0000000000000000>] SyS_futex+0xd1/0x153
     8	[<0000000000000000>] prepare_exit_to_usermode+0x5e/0x9b
     9	[<0000000000000000>] entry_SYSCALL_64_after_swapgs+0x58/0xc6
    10	[<0000000000000000>] 0xffffffffffffffff
     1	Name:	sqlservr
     2	Umask:	0022
     3	State:	T (stopped)
     4	Tgid:	7
     5	Ngid:	0
     6	Pid:	17
     7	PPid:	1
     8	TracerPid:	0
     9	Uid:	0	0	0	0
    10	Gid:	0	0	0	0
    11	FDSize:	64
    12	Groups:	 
    13	NStgid:	7
    14	NSpid:	17
    15	NSpgid:	1
    16	NSsid:	1
    17	VmPeak:	  270296 kB
    18	VmSize:	  270292 kB
    19	VmLck:	       0 kB
    20	VmPin:	       0 kB
    21	VmHWM:	   60912 kB
    22	VmRSS:	   60908 kB
    23	RssAnon:	   50864 kB
    24	RssFile:	   10044 kB
    25	RssShmem:	       0 kB
    26	VmData:	  115844 kB
    27	VmStk:	     140 kB
    28	VmExe:	    2416 kB
    29	VmLib:	   29220 kB
    30	VmPTE:	     520 kB
    31	VmPMD:	      28 kB
    32	VmSwap:	       0 kB
    33	HugetlbPages:	       0 kB
    34	Threads:	12
    35	SigQ:	2/7844
    36	SigPnd:	0000000000000000
    37	ShdPnd:	0000000000000200
    38	SigBlk:	0000000600005007
    39	SigIgn:	0000000000000000
    40	SigCgt:	00000001c18086f8
    41	CapInh:	00000000a80425fb
    42	CapPrm:	00000000a80425fb
    43	CapEff:	00000000a80425fb
    44	CapBnd:	00000000a80425fb
    45	CapAmb:	0000000000000000
    46	Seccomp:	2
    47	Speculation_Store_Bypass:	thread force mitigated
    48	Cpus_allowed:	00000000,00000000,00000000,00000003
    49	Cpus_allowed_list:	0-1
    50	Mems_allowed:	1
    51	Mems_allowed_list:	0
    52	voluntary_ctxt_switches:	2
    53	nonvoluntary_ctxt_switches:	0
     1	rchar: 0
     2	wchar: 0
     3	syscr: 0
     4	syscw: 0
     5	read_bytes: 0
     6	write_bytes: 0
     7	cancelled_write_bytes: 0
     1	sqlservr (9273, #threads: 12)
     2	-------------------------------------------------------------------
     3	se.exec_start                                :       2097286.077549
     4	se.vruntime                                  :           193.041830
     5	se.sum_exec_runtime                          :             0.159433
     6	se.nr_migrations                             :                    0
     7	nr_switches                                  :                    2
     8	nr_voluntary_switches                        :                    2
     9	nr_involuntary_switches                      :                    0
    10	se.load.weight                               :              1048576
    11	se.avg.load_sum                              :                30813
    12	se.avg.util_sum                              :                 5123
    13	se.avg.load_avg                              :                    0
    14	se.avg.util_avg                              :                    0
    15	se.avg.last_update_time                      :        2097286077549
    16	policy                                       :                    0
    17	prio                                         :                  120
    18	clock-delta                                  :                   74
     1	[<0000000000000000>] freezable_schedule+0x15/0x17
     2	[<0000000000000000>] do_signal_stop+0x17d/0x199
     3	[<0000000000000000>] get_signal+0x122/0x4e7
     4	[<0000000000000000>] do_signal+0x36/0x4c3
     5	[<0000000000000000>] __seccomp_filter+0x7f/0x229
     6	[<0000000000000000>] SyS_futex+0xd1/0x153
     7	[<0000000000000000>] prepare_exit_to_usermode+0x5e/0x9b
     8	[<0000000000000000>] entry_SYSCALL_64_after_swapgs+0x58/0xc6
     9	[<0000000000000000>] 0xffffffffffffffff
     1	Name:	sqlservr
     2	Umask:	0022
     3	State:	T (stopped)
     4	Tgid:	7
     5	Ngid:	0
     6	Pid:	18
     7	PPid:	1
     8	TracerPid:	0
     9	Uid:	0	0	0	0
    10	Gid:	0	0	0	0
    11	FDSize:	64
    12	Groups:	 
    13	NStgid:	7
    14	NSpid:	18
    15	NSpgid:	1
    16	NSsid:	1
    17	VmPeak:	  270296 kB
    18	VmSize:	  270292 kB
    19	VmLck:	       0 kB
    20	VmPin:	       0 kB
    21	VmHWM:	   60912 kB
    22	VmRSS:	   60908 kB
    23	RssAnon:	   50864 kB
    24	RssFile:	   10044 kB
    25	RssShmem:	       0 kB
    26	VmData:	  115844 kB
    27	VmStk:	     140 kB
    28	VmExe:	    2416 kB
    29	VmLib:	   29220 kB
    30	VmPTE:	     520 kB
    31	VmPMD:	      28 kB
    32	VmSwap:	       0 kB
    33	HugetlbPages:	       0 kB
    34	Threads:	12
    35	SigQ:	2/7844
    36	SigPnd:	0000000000000000
    37	ShdPnd:	0000000000000200
    38	SigBlk:	0000000600005007
    39	SigIgn:	0000000000000000
    40	SigCgt:	00000001c18086f8
    41	CapInh:	00000000a80425fb
    42	CapPrm:	00000000a80425fb
    43	CapEff:	00000000a80425fb
    44	CapBnd:	00000000a80425fb
    45	CapAmb:	0000000000000000
    46	Seccomp:	2
    47	Speculation_Store_Bypass:	thread force mitigated
    48	Cpus_allowed:	00000000,00000000,00000000,00000003
    49	Cpus_allowed_list:	0-1
    50	Mems_allowed:	1
    51	Mems_allowed_list:	0
    52	voluntary_ctxt_switches:	2
    53	nonvoluntary_ctxt_switches:	0
     1	rchar: 2276314
     2	wchar: 4
     3	syscr: 35
     4	syscw: 1
     5	read_bytes: 0
     6	write_bytes: 0
     7	cancelled_write_bytes: 0
     1	sqlservr (9262, #threads: 12)
     2	-------------------------------------------------------------------
     3	se.exec_start                                :       2097286.054918
     4	se.vruntime                                  :           193.063799
     5	se.sum_exec_runtime                          :            15.153408
     6	se.nr_migrations                             :                    2
     7	nr_switches                                  :                    4
     8	nr_voluntary_switches                        :                    4
     9	nr_involuntary_switches                      :                    0
    10	se.load.weight                               :              1048576
    11	se.avg.load_sum                              :                97288
    12	se.avg.util_sum                              :                23555
    13	se.avg.load_avg                              :                    0
    14	se.avg.util_avg                              :                    0
    15	se.avg.last_update_time                      :        2097286054918
    16	policy                                       :                    0
    17	prio                                         :                  120
    18	clock-delta                                  :                   74
     1	[<0000000000000000>] freezable_schedule+0x15/0x17
     2	[<0000000000000000>] do_signal_stop+0x17d/0x199
     3	[<0000000000000000>] get_signal+0x3d8/0x4e7
     4	[<0000000000000000>] wrmsrl+0x10/0x13
     5	[<0000000000000000>] do_signal+0x36/0x4c3
     6	[<0000000000000000>] paravirt_read_msr+0x7/0xa
     7	[<0000000000000000>] timekeeping_get_ns+0x19/0x2c
     8	[<0000000000000000>] ktime_get+0x40/0x50
     9	[<0000000000000000>] update_rmtp+0x60/0x8b
    10	[<0000000000000000>] hrtimer_nanosleep+0xf6/0x131
    11	[<0000000000000000>] hrtimer_init+0xcd/0xcd
    12	[<0000000000000000>] prepare_exit_to_usermode+0x5e/0x9b
    13	[<0000000000000000>] entry_SYSCALL_64_after_swapgs+0x58/0xc6
    14	[<0000000000000000>] 0xffffffffffffffff
     1	Name:	sqlservr
     2	Umask:	0022
     3	State:	T (stopped)
     4	Tgid:	7
     5	Ngid:	0
     6	Pid:	7
     7	PPid:	1
     8	TracerPid:	0
     9	Uid:	0	0	0	0
    10	Gid:	0	0	0	0
    11	FDSize:	64
    12	Groups:	 
    13	NStgid:	7
    14	NSpid:	7
    15	NSpgid:	1
    16	NSsid:	1
    17	VmPeak:	  270296 kB
    18	VmSize:	  270292 kB
    19	VmLck:	       0 kB
    20	VmPin:	       0 kB
    21	VmHWM:	   60912 kB
    22	VmRSS:	   60908 kB
    23	RssAnon:	   50864 kB
    24	RssFile:	   10044 kB
    25	RssShmem:	       0 kB
    26	VmData:	  115844 kB
    27	VmStk:	     140 kB
    28	VmExe:	    2416 kB
    29	VmLib:	   29220 kB
    30	VmPTE:	     520 kB
    31	VmPMD:	      28 kB
    32	VmSwap:	       0 kB
    33	HugetlbPages:	       0 kB
    34	Threads:	12
    35	SigQ:	2/7844
    36	SigPnd:	0000000000000000
    37	ShdPnd:	0000000000000200
    38	SigBlk:	0000000600005007
    39	SigIgn:	0000000000000000
    40	SigCgt:	00000001c18086f8
    41	CapInh:	00000000a80425fb
    42	CapPrm:	00000000a80425fb
    43	CapEff:	00000000a80425fb
    44	CapBnd:	00000000a80425fb
    45	CapAmb:	0000000000000000
    46	Seccomp:	2
    47	Speculation_Store_Bypass:	thread force mitigated
    48	Cpus_allowed:	00000000,00000000,00000000,00000003
    49	Cpus_allowed_list:	0-1
    50	Mems_allowed:	1
    51	Mems_allowed_list:	0
    52	voluntary_ctxt_switches:	4
    53	nonvoluntary_ctxt_switches:	0
     1	rchar: 0
     2	wchar: 0
     3	syscr: 0
     4	syscw: 0
     5	read_bytes: 0
     6	write_bytes: 0
     7	cancelled_write_bytes: 0
     1	sqlservr (9263, #threads: 12)
     2	-------------------------------------------------------------------
     3	se.exec_start                                :       2097286.059826
     4	se.vruntime                                  :           193.044882
     5	se.sum_exec_runtime                          :             0.084968
     6	se.nr_migrations                             :                    2
     7	nr_switches                                  :                    2
     8	nr_voluntary_switches                        :                    2
     9	nr_involuntary_switches                      :                    0
    10	se.load.weight                               :              1048576
    11	se.avg.load_sum                              :                17414
    12	se.avg.util_sum                              :                 4096
    13	se.avg.load_avg                              :                    0
    14	se.avg.util_avg                              :                    0
    15	se.avg.last_update_time                      :        2097286059826
    16	policy                                       :                    0
    17	prio                                         :                  120
    18	clock-delta                                  :                   63
     1	[<0000000000000000>] freezable_schedule+0x15/0x17
     2	[<0000000000000000>] do_signal_stop+0x17d/0x199
     3	[<0000000000000000>] get_signal+0x122/0x4e7
     4	[<0000000000000000>] __switch_to_asm+0x34/0x70
     5	[<0000000000000000>] do_signal+0x36/0x4c3
     6	[<0000000000000000>] paravirt_read_msr+0x7/0xa
     7	[<0000000000000000>] timekeeping_get_ns+0x19/0x2c
     8	[<0000000000000000>] ktime_get+0x40/0x50
     9	[<0000000000000000>] update_rmtp+0x60/0x8b
    10	[<0000000000000000>] hrtimer_nanosleep+0xf6/0x131
    11	[<0000000000000000>] hrtimer_init+0xcd/0xcd
    12	[<0000000000000000>] prepare_exit_to_usermode+0x5e/0x9b
    13	[<0000000000000000>] entry_SYSCALL_64_after_swapgs+0x58/0xc6
    14	[<0000000000000000>] 0xffffffffffffffff
     1	Name:	sqlservr
     2	Umask:	0022
     3	State:	T (stopped)
     4	Tgid:	7
     5	Ngid:	0
     6	Pid:	8
     7	PPid:	1
     8	TracerPid:	0
     9	Uid:	0	0	0	0
    10	Gid:	0	0	0	0
    11	FDSize:	64
    12	Groups:	 
    13	NStgid:	7
    14	NSpid:	8
    15	NSpgid:	1
    16	NSsid:	1
    17	VmPeak:	  270296 kB
    18	VmSize:	  270292 kB
    19	VmLck:	       0 kB
    20	VmPin:	       0 kB
    21	VmHWM:	   60912 kB
    22	VmRSS:	   60908 kB
    23	RssAnon:	   50864 kB
    24	RssFile:	   10044 kB
    25	RssShmem:	       0 kB
    26	VmData:	  115844 kB
    27	VmStk:	     140 kB
    28	VmExe:	    2416 kB
    29	VmLib:	   29220 kB
    30	VmPTE:	     520 kB
    31	VmPMD:	      28 kB
    32	VmSwap:	       0 kB
    33	HugetlbPages:	       0 kB
    34	Threads:	12
    35	SigQ:	2/7844
    36	SigPnd:	0000000000000000
    37	ShdPnd:	0000000000000200
    38	SigBlk:	0000000600005007
    39	SigIgn:	0000000000000000
    40	SigCgt:	00000001c18086f8
    41	CapInh:	00000000a80425fb
    42	CapPrm:	00000000a80425fb
    43	CapEff:	00000000a80425fb
    44	CapBnd:	00000000a80425fb
    45	CapAmb:	0000000000000000
    46	Seccomp:	2
    47	Speculation_Store_Bypass:	thread force mitigated
    48	Cpus_allowed:	00000000,00000000,00000000,00000003
    49	Cpus_allowed_list:	0-1
    50	Mems_allowed:	1
    51	Mems_allowed_list:	0
    52	voluntary_ctxt_switches:	2
    53	nonvoluntary_ctxt_switches:	0
     1	rchar: 0
     2	wchar: 0
     3	syscr: 0
     4	syscw: 0
     5	read_bytes: 0
     6	write_bytes: 0
     7	cancelled_write_bytes: 0
     1	sqlservr (9264, #threads: 12)
     2	-------------------------------------------------------------------
     3	se.exec_start                                :       2097286.080194
     4	se.vruntime                                  :           193.104444
     5	se.sum_exec_runtime                          :             0.318765
     6	se.nr_migrations                             :                    3
     7	nr_switches                                  :                   11
     8	nr_voluntary_switches                        :                   11
     9	nr_involuntary_switches                      :                    0
    10	se.load.weight                               :              1048576
    11	se.avg.load_sum                              :                98187
    12	se.avg.util_sum                              :                64389
    13	se.avg.load_avg                              :                    0
    14	se.avg.util_avg                              :                    0
    15	se.avg.last_update_time                      :        2097286080194
    16	policy                                       :                    0
    17	prio                                         :                  120
    18	clock-delta                                  :                   74
     1	[<0000000000000000>] freezable_schedule+0x15/0x17
     2	[<0000000000000000>] do_signal_stop+0x17d/0x199
     3	[<0000000000000000>] get_signal+0x122/0x4e7
     4	[<0000000000000000>] do_signal+0x36/0x4c3
     5	[<0000000000000000>] get_empty_filp+0x11c/0x196
     6	[<0000000000000000>] __seccomp_filter+0x7f/0x229
     7	[<0000000000000000>] __fd_install+0x2c/0xb7
     8	[<0000000000000000>] SyS_ppoll+0x123/0x149
     9	[<0000000000000000>] prepare_exit_to_usermode+0x5e/0x9b
    10	[<0000000000000000>] entry_SYSCALL_64_after_swapgs+0x58/0xc6
    11	[<0000000000000000>] 0xffffffffffffffff
     1	Name:	sqlservr
     2	Umask:	0022
     3	State:	T (stopped)
     4	Tgid:	7
     5	Ngid:	0
     6	Pid:	9
     7	PPid:	1
     8	TracerPid:	0
     9	Uid:	0	0	0	0
    10	Gid:	0	0	0	0
    11	FDSize:	64
    12	Groups:	 
    13	NStgid:	7
    14	NSpid:	9
    15	NSpgid:	1
    16	NSsid:	1
    17	VmPeak:	  270296 kB
    18	VmSize:	  270292 kB
    19	VmLck:	       0 kB
    20	VmPin:	       0 kB
    21	VmHWM:	   60912 kB
    22	VmRSS:	   60908 kB
    23	RssAnon:	   50864 kB
    24	RssFile:	   10044 kB
    25	RssShmem:	       0 kB
    26	VmData:	  115844 kB
    27	VmStk:	     140 kB
    28	VmExe:	    2416 kB
    29	VmLib:	   29220 kB
    30	VmPTE:	     520 kB
    31	VmPMD:	      28 kB
    32	VmSwap:	       0 kB
    33	HugetlbPages:	       0 kB
    34	Threads:	12
    35	SigQ:	2/7844
    36	SigPnd:	0000000000000000
    37	ShdPnd:	0000000000000200
    38	SigBlk:	0000000600005007
    39	SigIgn:	0000000000000000
    40	SigCgt:	00000001c18086f8
    41	CapInh:	00000000a80425fb
    42	CapPrm:	00000000a80425fb
    43	CapEff:	00000000a80425fb
    44	CapBnd:	00000000a80425fb
    45	CapAmb:	0000000000000000
    46	Seccomp:	2
    47	Speculation_Store_Bypass:	thread force mitigated
    48	Cpus_allowed:	00000000,00000000,00000000,00000003
    49	Cpus_allowed_list:	0-1
    50	Mems_allowed:	1
    51	Mems_allowed_list:	0
    52	voluntary_ctxt_switches:	11
    53	nonvoluntary_ctxt_switches:	0
