05/12/2019 14:27:48.837618900 Info [paldumper] <0000000198/0x00000000> Executing PalDumper against PID: 7
05/12/2019 14:27:48.837672600 Info [paldumper] <0000000198/0x00000000>                       Dump type: miniplus
05/12/2019 14:27:48.837681600 Info [paldumper] <0000000198/0x00000000> Stopping target
05/12/2019 14:27:48.837693400 Info [paldumper] <0000000198/0x00000000> Target stopped
05/12/2019 14:27:48.837700900 Info [paldumper] <0000000198/0x00000000> Attaching to target threads
05/12/2019 14:27:48.837721800 Warning [paldumper] <0000000198/0x00000000> Yama PTRACE mode: 1-Restricted
05/12/2019 14:27:48.837775700 Error [paldumper] <0000000198/0x00000000> Attempt to execute ptrace command (16) for pid=7 failed - EPERM process cannot be traced.
05/12/2019 14:27:48.837784700 Error [paldumper] <0000000198/0x00000000> errno: 0x00000001
05/12/2019 14:27:48.837792900 Error [paldumper] <0000000198/0x00000000> Attempt to execute ptrace command (16) for pid=8 failed - EPERM process cannot be traced.
05/12/2019 14:27:48.837800200 Error [paldumper] <0000000198/0x00000000> errno: 0x00000001
05/12/2019 14:27:48.837807900 Error [paldumper] <0000000198/0x00000000> Attempt to execute ptrace command (16) for pid=9 failed - EPERM process cannot be traced.
05/12/2019 14:27:48.837815200 Error [paldumper] <0000000198/0x00000000> errno: 0x00000001
05/12/2019 14:27:48.837822800 Error [paldumper] <0000000198/0x00000000> Attempt to execute ptrace command (16) for pid=10 failed - EPERM process cannot be traced.
05/12/2019 14:27:48.837829800 Error [paldumper] <0000000198/0x00000000> errno: 0x00000001
05/12/2019 14:27:48.837837100 Error [paldumper] <0000000198/0x00000000> Attempt to execute ptrace command (16) for pid=11 failed - EPERM process cannot be traced.
05/12/2019 14:27:48.837844000 Error [paldumper] <0000000198/0x00000000> errno: 0x00000001
05/12/2019 14:27:48.837851400 Error [paldumper] <0000000198/0x00000000> Attempt to execute ptrace command (16) for pid=12 failed - EPERM process cannot be traced.
05/12/2019 14:27:48.837858200 Error [paldumper] <0000000198/0x00000000> errno: 0x00000001
05/12/2019 14:27:48.837865700 Error [paldumper] <0000000198/0x00000000> Attempt to execute ptrace command (16) for pid=13 failed - EPERM process cannot be traced.
05/12/2019 14:27:48.837872600 Error [paldumper] <0000000198/0x00000000> errno: 0x00000001
05/12/2019 14:27:48.837879800 Error [paldumper] <0000000198/0x00000000> Attempt to execute ptrace command (16) for pid=14 failed - EPERM process cannot be traced.
05/12/2019 14:27:48.837886700 Error [paldumper] <0000000198/0x00000000> errno: 0x00000001
05/12/2019 14:27:48.837894000 Error [paldumper] <0000000198/0x00000000> Attempt to execute ptrace command (16) for pid=15 failed - EPERM process cannot be traced.
05/12/2019 14:27:48.837900800 Error [paldumper] <0000000198/0x00000000> errno: 0x00000001
05/12/2019 14:27:48.838047600 Error [paldumper] <0000000198/0x00000000> Attempt to execute ptrace command (16) for pid=16 failed - EPERM process cannot be traced.
05/12/2019 14:27:48.838059600 Error [paldumper] <0000000198/0x00000000> errno: 0x00000001
05/12/2019 14:27:48.838069100 Error [paldumper] <0000000198/0x00000000> Attempt to execute ptrace command (16) for pid=17 failed - EPERM process cannot be traced.
05/12/2019 14:27:48.838078300 Error [paldumper] <0000000198/0x00000000> errno: 0x00000001
05/12/2019 14:27:48.838087100 Error [paldumper] <0000000198/0x00000000> Attempt to execute ptrace command (16) for pid=18 failed - EPERM process cannot be traced.
05/12/2019 14:27:48.838094300 Error [paldumper] <0000000198/0x00000000> errno: 0x00000001
05/12/2019 14:27:48.838108000 Error [paldumper] <0000000198/0x00000000> Attempt to trace target failed.
05/12/2019 14:27:48.838115300 Error [paldumper] <0000000198/0x00000000> errno: 0x00000001
05/12/2019 14:27:48.838122200 Error [paldumper] <0000000198/0x00000000> Reference previous log messages.
05/12/2019 14:27:48.838129100 Error [paldumper] <0000000198/0x00000000> errno: 0x00000001
05/12/2019 14:27:48.866241800 Info [paldumper] <0000000200/0x00000000> Executing PalDumper against PID: 7
05/12/2019 14:27:48.867023400 Info [paldumper] <0000000200/0x00000000>                       Dump type: filtered
05/12/2019 14:27:48.867035500 Info [paldumper] <0000000200/0x00000000> Stopping target
05/12/2019 14:27:48.867048200 Info [paldumper] <0000000200/0x00000000> Target stopped
05/12/2019 14:27:48.867055800 Info [paldumper] <0000000200/0x00000000> Attaching to target threads
05/12/2019 14:27:48.867079600 Warning [paldumper] <0000000200/0x00000000> Yama PTRACE mode: 1-Restricted
05/12/2019 14:27:48.867137000 Error [paldumper] <0000000200/0x00000000> Attempt to execute ptrace command (16) for pid=7 failed - EPERM process cannot be traced.
05/12/2019 14:27:48.867145800 Error [paldumper] <0000000200/0x00000000> errno: 0x00000001
05/12/2019 14:27:48.867153800 Error [paldumper] <0000000200/0x00000000> Attempt to execute ptrace command (16) for pid=8 failed - EPERM process cannot be traced.
05/12/2019 14:27:48.867161300 Error [paldumper] <0000000200/0x00000000> errno: 0x00000001
05/12/2019 14:27:48.867169100 Error [paldumper] <0000000200/0x00000000> Attempt to execute ptrace command (16) for pid=9 failed - EPERM process cannot be traced.
05/12/2019 14:27:48.867176300 Error [paldumper] <0000000200/0x00000000> errno: 0x00000001
05/12/2019 14:27:48.867184000 Error [paldumper] <0000000200/0x00000000> Attempt to execute ptrace command (16) for pid=10 failed - EPERM process cannot be traced.
05/12/2019 14:27:48.867191000 Error [paldumper] <0000000200/0x00000000> errno: 0x00000001
05/12/2019 14:27:48.867198400 Error [paldumper] <0000000200/0x00000000> Attempt to execute ptrace command (16) for pid=11 failed - EPERM process cannot be traced.
05/12/2019 14:27:48.867205400 Error [paldumper] <0000000200/0x00000000> errno: 0x00000001
05/12/2019 14:27:48.867212900 Error [paldumper] <0000000200/0x00000000> Attempt to execute ptrace command (16) for pid=12 failed - EPERM process cannot be traced.
05/12/2019 14:27:48.867219900 Error [paldumper] <0000000200/0x00000000> errno: 0x00000001
05/12/2019 14:27:48.867227600 Error [paldumper] <0000000200/0x00000000> Attempt to execute ptrace command (16) for pid=13 failed - EPERM process cannot be traced.
05/12/2019 14:27:48.867234600 Error [paldumper] <0000000200/0x00000000> errno: 0x00000001
05/12/2019 14:27:48.867242000 Error [paldumper] <0000000200/0x00000000> Attempt to execute ptrace command (16) for pid=14 failed - EPERM process cannot be traced.
05/12/2019 14:27:48.867248800 Error [paldumper] <0000000200/0x00000000> errno: 0x00000001
05/12/2019 14:27:48.867256100 Error [paldumper] <0000000200/0x00000000> Attempt to execute ptrace command (16) for pid=15 failed - EPERM process cannot be traced.
05/12/2019 14:27:48.867263000 Error [paldumper] <0000000200/0x00000000> errno: 0x00000001
05/12/2019 14:27:48.867270400 Error [paldumper] <0000000200/0x00000000> Attempt to execute ptrace command (16) for pid=16 failed - EPERM process cannot be traced.
05/12/2019 14:27:48.867277200 Error [paldumper] <0000000200/0x00000000> errno: 0x00000001
05/12/2019 14:27:48.867284500 Error [paldumper] <0000000200/0x00000000> Attempt to execute ptrace command (16) for pid=17 failed - EPERM process cannot be traced.
05/12/2019 14:27:48.867291300 Error [paldumper] <0000000200/0x00000000> errno: 0x00000001
05/12/2019 14:27:48.867298600 Error [paldumper] <0000000200/0x00000000> Attempt to execute ptrace command (16) for pid=18 failed - EPERM process cannot be traced.
05/12/2019 14:27:48.867305400 Error [paldumper] <0000000200/0x00000000> errno: 0x00000001
05/12/2019 14:27:48.867318300 Error [paldumper] <0000000200/0x00000000> Attempt to trace target failed.
05/12/2019 14:27:48.867325400 Error [paldumper] <0000000200/0x00000000> errno: 0x00000001
05/12/2019 14:27:48.867332100 Error [paldumper] <0000000200/0x00000000> Reference previous log messages.
05/12/2019 14:27:48.867338900 Error [paldumper] <0000000200/0x00000000> errno: 0x00000001
