     1	rchar: 9733722
     2	wchar: 3113
     3	syscr: 227
     4	syscw: 4
     5	read_bytes: 0
     6	write_bytes: 8192
     7	cancelled_write_bytes: 0
     1	sqlservr (10641, #threads: 12)
     2	-------------------------------------------------------------------
     3	se.exec_start                                :       2117184.451485
     4	se.vruntime                                  :          1029.027624
     5	se.sum_exec_runtime                          :            11.974014
     6	se.nr_migrations                             :                    1
     7	nr_switches                                  :                    6
     8	nr_voluntary_switches                        :                    4
     9	nr_involuntary_switches                      :                    2
    10	se.load.weight                               :              1048576
    11	se.avg.load_sum                              :                49157
    12	se.avg.util_sum                              :                20482
    13	se.avg.load_avg                              :                    0
    14	se.avg.util_avg                              :                    0
    15	se.avg.last_update_time                      :        2117184451485
    16	policy                                       :                    0
    17	prio                                         :                  120
    18	clock-delta                                  :                   85
     1	[<0000000000000000>] freezable_schedule+0x15/0x17
     2	[<0000000000000000>] do_signal_stop+0x17d/0x199
     3	[<0000000000000000>] get_signal+0x3d8/0x4e7
     4	[<0000000000000000>] wrmsrl+0x10/0x13
     5	[<0000000000000000>] do_signal+0x36/0x4c3
     6	[<0000000000000000>] paravirt_read_msr+0x7/0xa
     7	[<0000000000000000>] timekeeping_get_ns+0x19/0x2c
     8	[<0000000000000000>] ktime_get+0x40/0x50
     9	[<0000000000000000>] update_rmtp+0x60/0x8b
    10	[<0000000000000000>] hrtimer_nanosleep+0xf6/0x131
    11	[<0000000000000000>] hrtimer_init+0xcd/0xcd
    12	[<0000000000000000>] prepare_exit_to_usermode+0x5e/0x9b
    13	[<0000000000000000>] entry_SYSCALL_64_after_swapgs+0x58/0xc6
    14	[<0000000000000000>] 0xffffffffffffffff
     1	Name:	sqlservr
     2	Umask:	0022
     3	State:	T (stopped)
     4	Tgid:	7
     5	Ngid:	0
     6	Pid:	7
     7	PPid:	1
     8	TracerPid:	0
     9	Uid:	0	0	0	0
    10	Gid:	0	0	0	0
    11	FDSize:	64
    12	Groups:	 
    13	NStgid:	7
    14	NSpid:	7
    15	NSpgid:	1
    16	NSsid:	1
    17	VmPeak:	  270300 kB
    18	VmSize:	  270296 kB
    19	VmLck:	       0 kB
    20	VmPin:	       0 kB
    21	VmHWM:	   60836 kB
    22	VmRSS:	   60832 kB
    23	RssAnon:	   50868 kB
    24	RssFile:	    9964 kB
    25	RssShmem:	       0 kB
    26	VmData:	  115844 kB
    27	VmStk:	     144 kB
    28	VmExe:	    2416 kB
    29	VmLib:	   29220 kB
    30	VmPTE:	     508 kB
    31	VmPMD:	      28 kB
    32	VmSwap:	       0 kB
    33	HugetlbPages:	       0 kB
    34	Threads:	12
    35	SigQ:	2/7844
    36	SigPnd:	0000000000000000
    37	ShdPnd:	0000000000000200
    38	SigBlk:	0000000600005007
    39	SigIgn:	0000000000000000
    40	SigCgt:	00000001c18086f8
    41	CapInh:	00000000a80425fb
    42	CapPrm:	00000000a80425fb
    43	CapEff:	00000000a80425fb
    44	CapBnd:	00000000a80425fb
    45	CapAmb:	0000000000000000
    46	Seccomp:	2
    47	Speculation_Store_Bypass:	thread force mitigated
    48	Cpus_allowed:	00000000,00000000,00000000,00000003
    49	Cpus_allowed_list:	0-1
    50	Mems_allowed:	1
    51	Mems_allowed_list:	0
    52	voluntary_ctxt_switches:	4
    53	nonvoluntary_ctxt_switches:	2
     1	rchar: 0
     2	wchar: 0
     3	syscr: 0
     4	syscw: 0
     5	read_bytes: 0
     6	write_bytes: 0
     7	cancelled_write_bytes: 0
     1	sqlservr (10644, #threads: 12)
     2	-------------------------------------------------------------------
     3	se.exec_start                                :       2117184.460256
     4	se.vruntime                                  :          1029.010624
     5	se.sum_exec_runtime                          :             5.516074
     6	se.nr_migrations                             :                    6
     7	nr_switches                                  :                   35
     8	nr_voluntary_switches                        :                   35
     9	nr_involuntary_switches                      :                    0
    10	se.load.weight                               :              1048576
    11	se.avg.load_sum                              :               285381
    12	se.avg.util_sum                              :               272064
    13	se.avg.load_avg                              :                    5
    14	se.avg.util_avg                              :                    5
    15	se.avg.last_update_time                      :        2117184460256
    16	policy                                       :                    0
    17	prio                                         :                  120
    18	clock-delta                                  :                  204
     1	[<0000000000000000>] freezable_schedule+0x15/0x17
     2	[<0000000000000000>] do_signal_stop+0x17d/0x199
     3	[<0000000000000000>] get_signal+0x122/0x4e7
     4	[<0000000000000000>] __switch_to+0x371/0x45f
     5	[<0000000000000000>] timerqueue_del+0x4b/0x59
     6	[<0000000000000000>] do_signal+0x36/0x4c3
     7	[<0000000000000000>] hrtimer_try_to_cancel+0x94/0xb4
     8	[<0000000000000000>] hrtimer_cancel+0x11/0x1b
     9	[<0000000000000000>] read_events+0x185/0x1cc
    10	[<0000000000000000>] add_wait_queue_exclusive+0x3a/0x3a
    11	[<0000000000000000>] hrtimer_init+0xcd/0xcd
    12	[<0000000000000000>] prepare_exit_to_usermode+0x5e/0x9b
    13	[<0000000000000000>] entry_SYSCALL_64_after_swapgs+0x58/0xc6
    14	[<0000000000000000>] 0xffffffffffffffff
     1	Name:	sqlservr
     2	Umask:	0022
     3	State:	T (stopped)
     4	Tgid:	7
     5	Ngid:	0
     6	Pid:	10
     7	PPid:	1
     8	TracerPid:	0
     9	Uid:	0	0	0	0
    10	Gid:	0	0	0	0
    11	FDSize:	64
    12	Groups:	 
    13	NStgid:	7
    14	NSpid:	10
    15	NSpgid:	1
    16	NSsid:	1
    17	VmPeak:	  270300 kB
    18	VmSize:	  270296 kB
    19	VmLck:	       0 kB
    20	VmPin:	       0 kB
    21	VmHWM:	   60836 kB
    22	VmRSS:	   60832 kB
    23	RssAnon:	   50868 kB
    24	RssFile:	    9964 kB
    25	RssShmem:	       0 kB
    26	VmData:	  115844 kB
    27	VmStk:	     144 kB
    28	VmExe:	    2416 kB
    29	VmLib:	   29220 kB
    30	VmPTE:	     508 kB
    31	VmPMD:	      28 kB
    32	VmSwap:	       0 kB
    33	HugetlbPages:	       0 kB
    34	Threads:	12
    35	SigQ:	2/7844
    36	SigPnd:	0000000000000000
    37	ShdPnd:	0000000000000200
    38	SigBlk:	0000000600005007
    39	SigIgn:	0000000000000000
    40	SigCgt:	00000001c18086f8
    41	CapInh:	00000000a80425fb
    42	CapPrm:	00000000a80425fb
    43	CapEff:	00000000a80425fb
    44	CapBnd:	00000000a80425fb
    45	CapAmb:	0000000000000000
    46	Seccomp:	2
    47	Speculation_Store_Bypass:	thread force mitigated
    48	Cpus_allowed:	00000000,00000000,00000000,00000003
    49	Cpus_allowed_list:	0-1
    50	Mems_allowed:	1
    51	Mems_allowed_list:	0
    52	voluntary_ctxt_switches:	35
    53	nonvoluntary_ctxt_switches:	0
     1	rchar: 7457408
     2	wchar: 3109
     3	syscr: 192
     4	syscw: 3
     5	read_bytes: 0
     6	write_bytes: 8192
     7	cancelled_write_bytes: 0
     1	sqlservr (10645, #threads: 12)
     2	-------------------------------------------------------------------
     3	se.exec_start                                :       2117184.482533
     4	se.vruntime                                  :          1035.010020
     5	se.sum_exec_runtime                          :           481.539683
     6	se.nr_migrations                             :                   21
     7	nr_switches                                  :                  763
     8	nr_voluntary_switches                        :                  758
     9	nr_involuntary_switches                      :                    5
    10	se.load.weight                               :              1048576
    11	se.avg.load_sum                              :             13364036
    12	se.avg.util_sum                              :             13128039
    13	se.avg.load_avg                              :                  274
    14	se.avg.util_avg                              :                  270
    15	se.avg.last_update_time                      :        2117184482533
    16	policy                                       :                    0
    17	prio                                         :                  120
    18	clock-delta                                  :                   70
     1	[<0000000000000000>] freezable_schedule+0x15/0x17
     2	[<0000000000000000>] do_signal_stop+0x17d/0x199
     3	[<0000000000000000>] get_signal+0x122/0x4e7
     4	[<0000000000000000>] do_signal+0x36/0x4c3
     5	[<0000000000000000>] __raw_spin_unlock_irq+0x5/0xd
     6	[<0000000000000000>] do_sigtimedwait+0x17b/0x1dc
     7	[<0000000000000000>] SYSC_rt_sigtimedwait+0x7e/0xc5
     8	[<0000000000000000>] syscall_trace_enter+0x102/0x1f5
     9	[<0000000000000000>] prepare_exit_to_usermode+0x5e/0x9b
    10	[<0000000000000000>] entry_SYSCALL_64_after_swapgs+0x58/0xc6
    11	[<0000000000000000>] 0xffffffffffffffff
     1	Name:	sqlservr
     2	Umask:	0022
     3	State:	T (stopped)
     4	Tgid:	7
     5	Ngid:	0
     6	Pid:	11
     7	PPid:	1
     8	TracerPid:	0
     9	Uid:	0	0	0	0
    10	Gid:	0	0	0	0
    11	FDSize:	64
    12	Groups:	 
    13	NStgid:	7
    14	NSpid:	11
    15	NSpgid:	1
    16	NSsid:	1
    17	VmPeak:	  270300 kB
    18	VmSize:	  270296 kB
    19	VmLck:	       0 kB
    20	VmPin:	       0 kB
    21	VmHWM:	   60836 kB
    22	VmRSS:	   60832 kB
    23	RssAnon:	   50868 kB
    24	RssFile:	    9964 kB
    25	RssShmem:	       0 kB
    26	VmData:	  115844 kB
    27	VmStk:	     144 kB
    28	VmExe:	    2416 kB
    29	VmLib:	   29220 kB
    30	VmPTE:	     508 kB
    31	VmPMD:	      28 kB
    32	VmSwap:	       0 kB
    33	HugetlbPages:	       0 kB
    34	Threads:	12
    35	SigQ:	2/7844
    36	SigPnd:	0000000000000000
    37	ShdPnd:	0000000000000200
    38	SigBlk:	0000000600005007
    39	SigIgn:	0000000000000000
    40	SigCgt:	00000001c18086f8
    41	CapInh:	00000000a80425fb
    42	CapPrm:	00000000a80425fb
    43	CapEff:	00000000a80425fb
    44	CapBnd:	00000000a80425fb
    45	CapAmb:	0000000000000000
    46	Seccomp:	2
    47	Speculation_Store_Bypass:	thread force mitigated
    48	Cpus_allowed:	00000000,00000000,00000000,00000003
    49	Cpus_allowed_list:	0-1
    50	Mems_allowed:	1
    51	Mems_allowed_list:	0
    52	voluntary_ctxt_switches:	758
    53	nonvoluntary_ctxt_switches:	5
     1	rchar: 0
     2	wchar: 0
     3	syscr: 0
     4	syscw: 0
     5	read_bytes: 0
     6	write_bytes: 0
     7	cancelled_write_bytes: 0
     1	sqlservr (10646, #threads: 12)
     2	-------------------------------------------------------------------
     3	se.exec_start                                :       2117184.462535
     4	se.vruntime                                  :          1029.008693
     5	se.sum_exec_runtime                          :            12.381604
     6	se.nr_migrations                             :                   30
     7	nr_switches                                  :                  176
     8	nr_voluntary_switches                        :                  176
     9	nr_involuntary_switches                      :                    0
    10	se.load.weight                               :              1048576
    11	se.avg.load_sum                              :              1233943
    12	se.avg.util_sum                              :               880731
    13	se.avg.load_avg                              :                   25
    14	se.avg.util_avg                              :                   18
    15	se.avg.last_update_time                      :        2117184462535
    16	policy                                       :                    0
    17	prio                                         :                  120
    18	clock-delta                                  :                   50
     1	[<0000000000000000>] freezable_schedule+0x15/0x17
     2	[<0000000000000000>] do_signal_stop+0x17d/0x199
     3	[<0000000000000000>] get_signal+0x122/0x4e7
     4	[<0000000000000000>] do_signal+0x36/0x4c3
     5	[<0000000000000000>] __seccomp_filter+0x7f/0x229
     6	[<0000000000000000>] native_read_msr+0x6/0x33
     7	[<0000000000000000>] SyS_futex+0xd1/0x153
     8	[<0000000000000000>] prepare_exit_to_usermode+0x5e/0x9b
     9	[<0000000000000000>] entry_SYSCALL_64_after_swapgs+0x58/0xc6
    10	[<0000000000000000>] 0xffffffffffffffff
     1	Name:	sqlservr
     2	Umask:	0022
     3	State:	T (stopped)
     4	Tgid:	7
     5	Ngid:	0
     6	Pid:	12
     7	PPid:	1
     8	TracerPid:	0
     9	Uid:	0	0	0	0
    10	Gid:	0	0	0	0
    11	FDSize:	64
    12	Groups:	 
    13	NStgid:	7
    14	NSpid:	12
    15	NSpgid:	1
    16	NSsid:	1
    17	VmPeak:	  270300 kB
    18	VmSize:	  270296 kB
    19	VmLck:	       0 kB
    20	VmPin:	       0 kB
    21	VmHWM:	   60836 kB
    22	VmRSS:	   60832 kB
    23	RssAnon:	   50868 kB
    24	RssFile:	    9964 kB
    25	RssShmem:	       0 kB
    26	VmData:	  115844 kB
    27	VmStk:	     144 kB
    28	VmExe:	    2416 kB
    29	VmLib:	   29220 kB
    30	VmPTE:	     508 kB
    31	VmPMD:	      28 kB
    32	VmSwap:	       0 kB
    33	HugetlbPages:	       0 kB
    34	Threads:	12
    35	SigQ:	2/7844
    36	SigPnd:	0000000000000000
    37	ShdPnd:	0000000000000200
    38	SigBlk:	0000000600005007
    39	SigIgn:	0000000000000000
    40	SigCgt:	00000001c18086f8
    41	CapInh:	00000000a80425fb
    42	CapPrm:	00000000a80425fb
    43	CapEff:	00000000a80425fb
    44	CapBnd:	00000000a80425fb
    45	CapAmb:	0000000000000000
    46	Seccomp:	2
    47	Speculation_Store_Bypass:	thread force mitigated
    48	Cpus_allowed:	00000000,00000000,00000000,00000003
    49	Cpus_allowed_list:	0-1
    50	Mems_allowed:	1
    51	Mems_allowed_list:	0
    52	voluntary_ctxt_switches:	176
    53	nonvoluntary_ctxt_switches:	0
     1	rchar: 0
     2	wchar: 0
     3	syscr: 0
     4	syscw: 0
     5	read_bytes: 0
     6	write_bytes: 0
     7	cancelled_write_bytes: 0
     1	sqlservr (10647, #threads: 12)
     2	-------------------------------------------------------------------
     3	se.exec_start                                :       2117184.465152
     4	se.vruntime                                  :          1029.009031
     5	se.sum_exec_runtime                          :             0.562026
     6	se.nr_migrations                             :                    0
     7	nr_switches                                  :                    2
     8	nr_voluntary_switches                        :                    2
     9	nr_involuntary_switches                      :                    0
    10	se.load.weight                               :              1048576
    11	se.avg.load_sum                              :                18445
    12	se.avg.util_sum                              :                 2049
    13	se.avg.load_avg                              :                    0
    14	se.avg.util_avg                              :                    0
    15	se.avg.last_update_time                      :        2117184465152
    16	policy                                       :                    0
    17	prio                                         :                  120
    18	clock-delta                                  :                   73
     1	[<0000000000000000>] freezable_schedule+0x15/0x17
     2	[<0000000000000000>] do_signal_stop+0x17d/0x199
     3	[<0000000000000000>] get_signal+0x122/0x4e7
     4	[<0000000000000000>] do_signal+0x36/0x4c3
     5	[<0000000000000000>] __seccomp_filter+0x7f/0x229
     6	[<0000000000000000>] SyS_futex+0xd1/0x153
     7	[<0000000000000000>] prepare_exit_to_usermode+0x5e/0x9b
     8	[<0000000000000000>] entry_SYSCALL_64_after_swapgs+0x58/0xc6
     9	[<0000000000000000>] 0xffffffffffffffff
     1	Name:	sqlservr
     2	Umask:	0022
     3	State:	T (stopped)
     4	Tgid:	7
     5	Ngid:	0
     6	Pid:	13
     7	PPid:	1
     8	TracerPid:	0
     9	Uid:	0	0	0	0
    10	Gid:	0	0	0	0
    11	FDSize:	64
    12	Groups:	 
    13	NStgid:	7
    14	NSpid:	13
    15	NSpgid:	1
    16	NSsid:	1
    17	VmPeak:	  270300 kB
    18	VmSize:	  270296 kB
    19	VmLck:	       0 kB
    20	VmPin:	       0 kB
    21	VmHWM:	   60836 kB
    22	VmRSS:	   60832 kB
    23	RssAnon:	   50868 kB
    24	RssFile:	    9964 kB
    25	RssShmem:	       0 kB
    26	VmData:	  115844 kB
    27	VmStk:	     144 kB
    28	VmExe:	    2416 kB
    29	VmLib:	   29220 kB
    30	VmPTE:	     508 kB
    31	VmPMD:	      28 kB
    32	VmSwap:	       0 kB
    33	HugetlbPages:	       0 kB
    34	Threads:	12
    35	SigQ:	2/7844
    36	SigPnd:	0000000000000000
    37	ShdPnd:	0000000000000200
    38	SigBlk:	0000000600005007
    39	SigIgn:	0000000000000000
    40	SigCgt:	00000001c18086f8
    41	CapInh:	00000000a80425fb
    42	CapPrm:	00000000a80425fb
    43	CapEff:	00000000a80425fb
    44	CapBnd:	00000000a80425fb
    45	CapAmb:	0000000000000000
    46	Seccomp:	2
    47	Speculation_Store_Bypass:	thread force mitigated
    48	Cpus_allowed:	00000000,00000000,00000000,00000003
    49	Cpus_allowed_list:	0-1
    50	Mems_allowed:	1
    51	Mems_allowed_list:	0
    52	voluntary_ctxt_switches:	2
    53	nonvoluntary_ctxt_switches:	0
     1	rchar: 0
     2	wchar: 0
     3	syscr: 0
     4	syscw: 0
     5	read_bytes: 0
     6	write_bytes: 0
     7	cancelled_write_bytes: 0
     1	sqlservr (10648, #threads: 12)
     2	-------------------------------------------------------------------
     3	se.exec_start                                :       2117184.467784
     4	se.vruntime                                  :          1029.009046
     5	se.sum_exec_runtime                          :             0.364951
     6	se.nr_migrations                             :                    0
     7	nr_switches                                  :                    2
     8	nr_voluntary_switches                        :                    2
     9	nr_involuntary_switches                      :                    0
    10	se.load.weight                               :              1048576
    11	se.avg.load_sum                              :                20493
    12	se.avg.util_sum                              :                 2049
    13	se.avg.load_avg                              :                    0
    14	se.avg.util_avg                              :                    0
    15	se.avg.last_update_time                      :        2117184467784
    16	policy                                       :                    0
    17	prio                                         :                  120
    18	clock-delta                                  :                   94
     1	[<0000000000000000>] freezable_schedule+0x15/0x17
     2	[<0000000000000000>] do_signal_stop+0x17d/0x199
     3	[<0000000000000000>] get_signal+0x122/0x4e7
     4	[<0000000000000000>] __remove_hrtimer+0x2d/0x83
     5	[<0000000000000000>] hrtimer_try_to_cancel+0x94/0xb4
     6	[<0000000000000000>] do_signal+0x36/0x4c3
     7	[<0000000000000000>] hrtimer_init+0xcd/0xcd
     8	[<0000000000000000>] fput+0x12/0x82
     9	[<0000000000000000>] SYSC_epoll_wait+0x227/0x360
    10	[<0000000000000000>] syscall_trace_enter+0x102/0x1f5
    11	[<0000000000000000>] wake_up_q+0x45/0x45
    12	[<0000000000000000>] prepare_exit_to_usermode+0x5e/0x9b
    13	[<0000000000000000>] entry_SYSCALL_64_after_swapgs+0x58/0xc6
    14	[<0000000000000000>] 0xffffffffffffffff
     1	Name:	sqlservr
     2	Umask:	0022
     3	State:	T (stopped)
     4	Tgid:	7
     5	Ngid:	0
     6	Pid:	14
     7	PPid:	1
     8	TracerPid:	0
     9	Uid:	0	0	0	0
    10	Gid:	0	0	0	0
    11	FDSize:	64
    12	Groups:	 
    13	NStgid:	7
    14	NSpid:	14
    15	NSpgid:	1
    16	NSsid:	1
    17	VmPeak:	  270300 kB
    18	VmSize:	  270296 kB
    19	VmLck:	       0 kB
    20	VmPin:	       0 kB
    21	VmHWM:	   60836 kB
    22	VmRSS:	   60832 kB
    23	RssAnon:	   50868 kB
    24	RssFile:	    9964 kB
    25	RssShmem:	       0 kB
    26	VmData:	  115844 kB
    27	VmStk:	     144 kB
    28	VmExe:	    2416 kB
    29	VmLib:	   29220 kB
    30	VmPTE:	     508 kB
    31	VmPMD:	      28 kB
    32	VmSwap:	       0 kB
    33	HugetlbPages:	       0 kB
    34	Threads:	12
    35	SigQ:	2/7844
    36	SigPnd:	0000000000000000
    37	ShdPnd:	0000000000000200
    38	SigBlk:	0000000600005007
    39	SigIgn:	0000000000000000
    40	SigCgt:	00000001c18086f8
    41	CapInh:	00000000a80425fb
    42	CapPrm:	00000000a80425fb
    43	CapEff:	00000000a80425fb
    44	CapBnd:	00000000a80425fb
    45	CapAmb:	0000000000000000
    46	Seccomp:	2
    47	Speculation_Store_Bypass:	thread force mitigated
    48	Cpus_allowed:	00000000,00000000,00000000,00000003
    49	Cpus_allowed_list:	0-1
    50	Mems_allowed:	1
    51	Mems_allowed_list:	0
    52	voluntary_ctxt_switches:	2
    53	nonvoluntary_ctxt_switches:	0
     1	rchar: 0
     2	wchar: 0
     3	syscr: 0
     4	syscw: 0
     5	read_bytes: 0
     6	write_bytes: 0
     7	cancelled_write_bytes: 0
     1	sqlservr (10649, #threads: 12)
     2	-------------------------------------------------------------------
     3	se.exec_start                                :       2117184.470290
     4	se.vruntime                                  :          1029.008920
     5	se.sum_exec_runtime                          :             0.428166
     6	se.nr_migrations                             :                    0
     7	nr_switches                                  :                    2
     8	nr_voluntary_switches                        :                    2
     9	nr_involuntary_switches                      :                    0
    10	se.load.weight                               :              1048576
    11	se.avg.load_sum                              :                21518
    12	se.avg.util_sum                              :                 2048
    13	se.avg.load_avg                              :                    0
    14	se.avg.util_avg                              :                    0
    15	se.avg.last_update_time                      :        2117184470290
    16	policy                                       :                    0
    17	prio                                         :                  120
    18	clock-delta                                  :                   70
     1	[<0000000000000000>] freezable_schedule+0x15/0x17
     2	[<0000000000000000>] do_signal_stop+0x17d/0x199
     3	[<0000000000000000>] get_signal+0x122/0x4e7
     4	[<0000000000000000>] __switch_to+0x371/0x45f
     5	[<0000000000000000>] timerqueue_del+0x4b/0x59
     6	[<0000000000000000>] do_signal+0x36/0x4c3
     7	[<0000000000000000>] hrtimer_try_to_cancel+0x94/0xb4
     8	[<0000000000000000>] hrtimer_cancel+0x11/0x1b
     9	[<0000000000000000>] read_events+0x185/0x1cc
    10	[<0000000000000000>] add_wait_queue_exclusive+0x3a/0x3a
    11	[<0000000000000000>] hrtimer_init+0xcd/0xcd
    12	[<0000000000000000>] prepare_exit_to_usermode+0x5e/0x9b
    13	[<0000000000000000>] entry_SYSCALL_64_after_swapgs+0x58/0xc6
    14	[<0000000000000000>] 0xffffffffffffffff
     1	Name:	sqlservr
     2	Umask:	0022
     3	State:	T (stopped)
     4	Tgid:	7
     5	Ngid:	0
     6	Pid:	15
     7	PPid:	1
     8	TracerPid:	0
     9	Uid:	0	0	0	0
    10	Gid:	0	0	0	0
    11	FDSize:	64
    12	Groups:	 
    13	NStgid:	7
    14	NSpid:	15
    15	NSpgid:	1
    16	NSsid:	1
    17	VmPeak:	  270300 kB
    18	VmSize:	  270296 kB
    19	VmLck:	       0 kB
    20	VmPin:	       0 kB
    21	VmHWM:	   60836 kB
    22	VmRSS:	   60832 kB
    23	RssAnon:	   50868 kB
    24	RssFile:	    9964 kB
    25	RssShmem:	       0 kB
    26	VmData:	  115844 kB
    27	VmStk:	     144 kB
    28	VmExe:	    2416 kB
    29	VmLib:	   29220 kB
    30	VmPTE:	     508 kB
    31	VmPMD:	      28 kB
    32	VmSwap:	       0 kB
    33	HugetlbPages:	       0 kB
    34	Threads:	12
    35	SigQ:	2/7844
    36	SigPnd:	0000000000000000
    37	ShdPnd:	0000000000000200
    38	SigBlk:	0000000600005007
    39	SigIgn:	0000000000000000
    40	SigCgt:	00000001c18086f8
    41	CapInh:	00000000a80425fb
    42	CapPrm:	00000000a80425fb
    43	CapEff:	00000000a80425fb
    44	CapBnd:	00000000a80425fb
    45	CapAmb:	0000000000000000
    46	Seccomp:	2
    47	Speculation_Store_Bypass:	thread force mitigated
    48	Cpus_allowed:	00000000,00000000,00000000,00000003
    49	Cpus_allowed_list:	0-1
    50	Mems_allowed:	1
    51	Mems_allowed_list:	0
    52	voluntary_ctxt_switches:	2
    53	nonvoluntary_ctxt_switches:	0
     1	rchar: 0
     2	wchar: 0
     3	syscr: 0
     4	syscw: 0
     5	read_bytes: 0
     6	write_bytes: 0
     7	cancelled_write_bytes: 0
     1	sqlservr (10650, #threads: 12)
     2	-------------------------------------------------------------------
     3	se.exec_start                                :       2117184.472246
     4	se.vruntime                                  :          1029.008370
     5	se.sum_exec_runtime                          :             0.405622
     6	se.nr_migrations                             :                    0
     7	nr_switches                                  :                    2
     8	nr_voluntary_switches                        :                    2
     9	nr_involuntary_switches                      :                    0
    10	se.load.weight                               :              1048576
    11	se.avg.load_sum                              :                22542
    12	se.avg.util_sum                              :                 1025
    13	se.avg.load_avg                              :                    0
    14	se.avg.util_avg                              :                    0
    15	se.avg.last_update_time                      :        2117184472246
    16	policy                                       :                    0
    17	prio                                         :                  120
    18	clock-delta                                  :                  161
     1	[<0000000000000000>] freezable_schedule+0x15/0x17
     2	[<0000000000000000>] do_signal_stop+0x17d/0x199
     3	[<0000000000000000>] get_signal+0x122/0x4e7
     4	[<0000000000000000>] do_signal+0x36/0x4c3
     5	[<0000000000000000>] __seccomp_filter+0x7f/0x229
     6	[<0000000000000000>] SyS_futex+0xd1/0x153
     7	[<0000000000000000>] prepare_exit_to_usermode+0x5e/0x9b
     8	[<0000000000000000>] entry_SYSCALL_64_after_swapgs+0x58/0xc6
     9	[<0000000000000000>] 0xffffffffffffffff
     1	Name:	sqlservr
     2	Umask:	0022
     3	State:	T (stopped)
     4	Tgid:	7
     5	Ngid:	0
     6	Pid:	16
     7	PPid:	1
     8	TracerPid:	0
     9	Uid:	0	0	0	0
    10	Gid:	0	0	0	0
    11	FDSize:	64
    12	Groups:	 
    13	NStgid:	7
    14	NSpid:	16
    15	NSpgid:	1
    16	NSsid:	1
    17	VmPeak:	  270300 kB
    18	VmSize:	  270296 kB
    19	VmLck:	       0 kB
    20	VmPin:	       0 kB
    21	VmHWM:	   60836 kB
    22	VmRSS:	   60832 kB
    23	RssAnon:	   50868 kB
    24	RssFile:	    9964 kB
    25	RssShmem:	       0 kB
    26	VmData:	  115844 kB
    27	VmStk:	     144 kB
    28	VmExe:	    2416 kB
    29	VmLib:	   29220 kB
    30	VmPTE:	     508 kB
    31	VmPMD:	      28 kB
    32	VmSwap:	       0 kB
    33	HugetlbPages:	       0 kB
    34	Threads:	12
    35	SigQ:	2/7844
    36	SigPnd:	0000000000000000
    37	ShdPnd:	0000000000000200
    38	SigBlk:	0000000600005007
    39	SigIgn:	0000000000000000
    40	SigCgt:	00000001c18086f8
    41	CapInh:	00000000a80425fb
    42	CapPrm:	00000000a80425fb
    43	CapEff:	00000000a80425fb
    44	CapBnd:	00000000a80425fb
    45	CapAmb:	0000000000000000
    46	Seccomp:	2
    47	Speculation_Store_Bypass:	thread force mitigated
    48	Cpus_allowed:	00000000,00000000,00000000,00000003
    49	Cpus_allowed_list:	0-1
    50	Mems_allowed:	1
    51	Mems_allowed_list:	0
    52	voluntary_ctxt_switches:	2
    53	nonvoluntary_ctxt_switches:	0
     1	rchar: 0
     2	wchar: 0
     3	syscr: 0
     4	syscw: 0
     5	read_bytes: 0
     6	write_bytes: 0
     7	cancelled_write_bytes: 0
     1	sqlservr (10651, #threads: 12)
     2	-------------------------------------------------------------------
     3	se.exec_start                                :       2117184.474117
     4	se.vruntime                                  :          1029.008285
     5	se.sum_exec_runtime                          :             0.432848
     6	se.nr_migrations                             :                    0
     7	nr_switches                                  :                    2
     8	nr_voluntary_switches                        :                    2
     9	nr_involuntary_switches                      :                    0
    10	se.load.weight                               :              1048576
    11	se.avg.load_sum                              :                23566
    12	se.avg.util_sum                              :                 1024
    13	se.avg.load_avg                              :                    0
    14	se.avg.util_avg                              :                    0
    15	se.avg.last_update_time                      :        2117184474117
    16	policy                                       :                    0
    17	prio                                         :                  120
    18	clock-delta                                  :                   73
     1	[<0000000000000000>] freezable_schedule+0x15/0x17
     2	[<0000000000000000>] do_signal_stop+0x17d/0x199
     3	[<0000000000000000>] get_signal+0x122/0x4e7
     4	[<0000000000000000>] do_signal+0x36/0x4c3
     5	[<0000000000000000>] __lru_cache_add+0x1e/0x4f
     6	[<0000000000000000>] __seccomp_filter+0x7f/0x229
     7	[<0000000000000000>] SyS_futex+0xd1/0x153
     8	[<0000000000000000>] prepare_exit_to_usermode+0x5e/0x9b
     9	[<0000000000000000>] entry_SYSCALL_64_after_swapgs+0x58/0xc6
    10	[<0000000000000000>] 0xffffffffffffffff
     1	Name:	sqlservr
     2	Umask:	0022
     3	State:	T (stopped)
     4	Tgid:	7
     5	Ngid:	0
     6	Pid:	17
     7	PPid:	1
     8	TracerPid:	0
     9	Uid:	0	0	0	0
    10	Gid:	0	0	0	0
    11	FDSize:	64
    12	Groups:	 
    13	NStgid:	7
    14	NSpid:	17
    15	NSpgid:	1
    16	NSsid:	1
    17	VmPeak:	  270300 kB
    18	VmSize:	  270296 kB
    19	VmLck:	       0 kB
    20	VmPin:	       0 kB
    21	VmHWM:	   60836 kB
    22	VmRSS:	   60832 kB
    23	RssAnon:	   50868 kB
    24	RssFile:	    9964 kB
    25	RssShmem:	       0 kB
    26	VmData:	  115844 kB
    27	VmStk:	     144 kB
    28	VmExe:	    2416 kB
    29	VmLib:	   29220 kB
    30	VmPTE:	     508 kB
    31	VmPMD:	      28 kB
    32	VmSwap:	       0 kB
    33	HugetlbPages:	       0 kB
    34	Threads:	12
    35	SigQ:	2/7844
    36	SigPnd:	0000000000000000
    37	ShdPnd:	0000000000000200
    38	SigBlk:	0000000600005007
    39	SigIgn:	0000000000000000
    40	SigCgt:	00000001c18086f8
    41	CapInh:	00000000a80425fb
    42	CapPrm:	00000000a80425fb
    43	CapEff:	00000000a80425fb
    44	CapBnd:	00000000a80425fb
    45	CapAmb:	0000000000000000
    46	Seccomp:	2
    47	Speculation_Store_Bypass:	thread force mitigated
    48	Cpus_allowed:	00000000,00000000,00000000,00000003
    49	Cpus_allowed_list:	0-1
    50	Mems_allowed:	1
    51	Mems_allowed_list:	0
    52	voluntary_ctxt_switches:	2
    53	nonvoluntary_ctxt_switches:	0
     1	rchar: 0
     2	wchar: 0
     3	syscr: 0
     4	syscw: 0
     5	read_bytes: 0
     6	write_bytes: 0
     7	cancelled_write_bytes: 0
     1	sqlservr (10652, #threads: 12)
     2	-------------------------------------------------------------------
     3	se.exec_start                                :       2117184.476242
     4	se.vruntime                                  :          1029.008539
     5	se.sum_exec_runtime                          :             0.194234
     6	se.nr_migrations                             :                    1
     7	nr_switches                                  :                    2
     8	nr_voluntary_switches                        :                    2
     9	nr_involuntary_switches                      :                    0
    10	se.load.weight                               :              1048576
    11	se.avg.load_sum                              :                32016
    12	se.avg.util_sum                              :                 5732
    13	se.avg.load_avg                              :                    0
    14	se.avg.util_avg                              :                    0
    15	se.avg.last_update_time                      :        2117184476242
    16	policy                                       :                    0
    17	prio                                         :                  120
    18	clock-delta                                  :                   82
     1	[<0000000000000000>] freezable_schedule+0x15/0x17
     2	[<0000000000000000>] do_signal_stop+0x17d/0x199
     3	[<0000000000000000>] get_signal+0x122/0x4e7
     4	[<0000000000000000>] do_signal+0x36/0x4c3
     5	[<0000000000000000>] __seccomp_filter+0x7f/0x229
     6	[<0000000000000000>] SyS_futex+0xd1/0x153
     7	[<0000000000000000>] prepare_exit_to_usermode+0x5e/0x9b
     8	[<0000000000000000>] entry_SYSCALL_64_after_swapgs+0x58/0xc6
     9	[<0000000000000000>] 0xffffffffffffffff
     1	Name:	sqlservr
     2	Umask:	0022
     3	State:	T (stopped)
     4	Tgid:	7
     5	Ngid:	0
     6	Pid:	18
     7	PPid:	1
     8	TracerPid:	0
     9	Uid:	0	0	0	0
    10	Gid:	0	0	0	0
    11	FDSize:	64
    12	Groups:	 
    13	NStgid:	7
    14	NSpid:	18
    15	NSpgid:	1
    16	NSsid:	1
    17	VmPeak:	  270300 kB
    18	VmSize:	  270296 kB
    19	VmLck:	       0 kB
    20	VmPin:	       0 kB
    21	VmHWM:	   60836 kB
    22	VmRSS:	   60832 kB
    23	RssAnon:	   50868 kB
    24	RssFile:	    9964 kB
    25	RssShmem:	       0 kB
    26	VmData:	  115844 kB
    27	VmStk:	     144 kB
    28	VmExe:	    2416 kB
    29	VmLib:	   29220 kB
    30	VmPTE:	     508 kB
    31	VmPMD:	      28 kB
    32	VmSwap:	       0 kB
    33	HugetlbPages:	       0 kB
    34	Threads:	12
    35	SigQ:	2/7844
    36	SigPnd:	0000000000000000
    37	ShdPnd:	0000000000000200
    38	SigBlk:	0000000600005007
    39	SigIgn:	0000000000000000
    40	SigCgt:	00000001c18086f8
    41	CapInh:	00000000a80425fb
    42	CapPrm:	00000000a80425fb
    43	CapEff:	00000000a80425fb
    44	CapBnd:	00000000a80425fb
    45	CapAmb:	0000000000000000
    46	Seccomp:	2
    47	Speculation_Store_Bypass:	thread force mitigated
    48	Cpus_allowed:	00000000,00000000,00000000,00000003
    49	Cpus_allowed_list:	0-1
    50	Mems_allowed:	1
    51	Mems_allowed_list:	0
    52	voluntary_ctxt_switches:	2
    53	nonvoluntary_ctxt_switches:	0
     1	rchar: 2276314
     2	wchar: 4
     3	syscr: 35
     4	syscw: 1
     5	read_bytes: 0
     6	write_bytes: 0
     7	cancelled_write_bytes: 0
     1	sqlservr (10641, #threads: 12)
     2	-------------------------------------------------------------------
     3	se.exec_start                                :       2117184.451485
     4	se.vruntime                                  :          1029.027624
     5	se.sum_exec_runtime                          :            11.974014
     6	se.nr_migrations                             :                    1
     7	nr_switches                                  :                    6
     8	nr_voluntary_switches                        :                    4
     9	nr_involuntary_switches                      :                    2
    10	se.load.weight                               :              1048576
    11	se.avg.load_sum                              :                49157
    12	se.avg.util_sum                              :                20482
    13	se.avg.load_avg                              :                    0
    14	se.avg.util_avg                              :                    0
    15	se.avg.last_update_time                      :        2117184451485
    16	policy                                       :                    0
    17	prio                                         :                  120
    18	clock-delta                                  :                   75
     1	[<0000000000000000>] freezable_schedule+0x15/0x17
     2	[<0000000000000000>] do_signal_stop+0x17d/0x199
     3	[<0000000000000000>] get_signal+0x3d8/0x4e7
     4	[<0000000000000000>] wrmsrl+0x10/0x13
     5	[<0000000000000000>] do_signal+0x36/0x4c3
     6	[<0000000000000000>] paravirt_read_msr+0x7/0xa
     7	[<0000000000000000>] timekeeping_get_ns+0x19/0x2c
     8	[<0000000000000000>] ktime_get+0x40/0x50
     9	[<0000000000000000>] update_rmtp+0x60/0x8b
    10	[<0000000000000000>] hrtimer_nanosleep+0xf6/0x131
    11	[<0000000000000000>] hrtimer_init+0xcd/0xcd
    12	[<0000000000000000>] prepare_exit_to_usermode+0x5e/0x9b
    13	[<0000000000000000>] entry_SYSCALL_64_after_swapgs+0x58/0xc6
    14	[<0000000000000000>] 0xffffffffffffffff
     1	Name:	sqlservr
     2	Umask:	0022
     3	State:	T (stopped)
     4	Tgid:	7
     5	Ngid:	0
     6	Pid:	7
     7	PPid:	1
     8	TracerPid:	0
     9	Uid:	0	0	0	0
    10	Gid:	0	0	0	0
    11	FDSize:	64
    12	Groups:	 
    13	NStgid:	7
    14	NSpid:	7
    15	NSpgid:	1
    16	NSsid:	1
    17	VmPeak:	  270300 kB
    18	VmSize:	  270296 kB
    19	VmLck:	       0 kB
    20	VmPin:	       0 kB
    21	VmHWM:	   60836 kB
    22	VmRSS:	   60832 kB
    23	RssAnon:	   50868 kB
    24	RssFile:	    9964 kB
    25	RssShmem:	       0 kB
    26	VmData:	  115844 kB
    27	VmStk:	     144 kB
    28	VmExe:	    2416 kB
    29	VmLib:	   29220 kB
    30	VmPTE:	     508 kB
    31	VmPMD:	      28 kB
    32	VmSwap:	       0 kB
    33	HugetlbPages:	       0 kB
    34	Threads:	12
    35	SigQ:	2/7844
    36	SigPnd:	0000000000000000
    37	ShdPnd:	0000000000000200
    38	SigBlk:	0000000600005007
    39	SigIgn:	0000000000000000
    40	SigCgt:	00000001c18086f8
    41	CapInh:	00000000a80425fb
    42	CapPrm:	00000000a80425fb
    43	CapEff:	00000000a80425fb
    44	CapBnd:	00000000a80425fb
    45	CapAmb:	0000000000000000
    46	Seccomp:	2
    47	Speculation_Store_Bypass:	thread force mitigated
    48	Cpus_allowed:	00000000,00000000,00000000,00000003
    49	Cpus_allowed_list:	0-1
    50	Mems_allowed:	1
    51	Mems_allowed_list:	0
    52	voluntary_ctxt_switches:	4
    53	nonvoluntary_ctxt_switches:	2
     1	rchar: 0
     2	wchar: 0
     3	syscr: 0
     4	syscw: 0
     5	read_bytes: 0
     6	write_bytes: 0
     7	cancelled_write_bytes: 0
     1	sqlservr (10642, #threads: 12)
     2	-------------------------------------------------------------------
     3	se.exec_start                                :       2117184.456046
     4	se.vruntime                                  :          1029.010975
     5	se.sum_exec_runtime                          :             0.176256
     6	se.nr_migrations                             :                    0
     7	nr_switches                                  :                    2
     8	nr_voluntary_switches                        :                    2
     9	nr_involuntary_switches                      :                    0
    10	se.load.weight                               :              1048576
    11	se.avg.load_sum                              :                16387
    12	se.avg.util_sum                              :                 4096
    13	se.avg.load_avg                              :                    0
    14	se.avg.util_avg                              :                    0
    15	se.avg.last_update_time                      :        2117184456046
    16	policy                                       :                    0
    17	prio                                         :                  120
    18	clock-delta                                  :                   82
     1	[<0000000000000000>] freezable_schedule+0x15/0x17
     2	[<0000000000000000>] do_signal_stop+0x17d/0x199
     3	[<0000000000000000>] get_signal+0x122/0x4e7
     4	[<0000000000000000>] __switch_to_asm+0x34/0x70
     5	[<0000000000000000>] do_signal+0x36/0x4c3
     6	[<0000000000000000>] paravirt_read_msr+0x7/0xa
     7	[<0000000000000000>] timekeeping_get_ns+0x19/0x2c
     8	[<0000000000000000>] ktime_get+0x40/0x50
     9	[<0000000000000000>] update_rmtp+0x60/0x8b
    10	[<0000000000000000>] hrtimer_nanosleep+0xf6/0x131
    11	[<0000000000000000>] hrtimer_init+0xcd/0xcd
    12	[<0000000000000000>] prepare_exit_to_usermode+0x5e/0x9b
    13	[<0000000000000000>] entry_SYSCALL_64_after_swapgs+0x58/0xc6
    14	[<0000000000000000>] 0xffffffffffffffff
     1	Name:	sqlservr
     2	Umask:	0022
     3	State:	T (stopped)
     4	Tgid:	7
     5	Ngid:	0
     6	Pid:	8
     7	PPid:	1
     8	TracerPid:	0
     9	Uid:	0	0	0	0
    10	Gid:	0	0	0	0
    11	FDSize:	64
    12	Groups:	 
    13	NStgid:	7
    14	NSpid:	8
    15	NSpgid:	1
    16	NSsid:	1
    17	VmPeak:	  270300 kB
    18	VmSize:	  270296 kB
    19	VmLck:	       0 kB
    20	VmPin:	       0 kB
    21	VmHWM:	   60836 kB
    22	VmRSS:	   60832 kB
    23	RssAnon:	   50868 kB
    24	RssFile:	    9964 kB
    25	RssShmem:	       0 kB
    26	VmData:	  115844 kB
    27	VmStk:	     144 kB
    28	VmExe:	    2416 kB
    29	VmLib:	   29220 kB
    30	VmPTE:	     508 kB
    31	VmPMD:	      28 kB
    32	VmSwap:	       0 kB
    33	HugetlbPages:	       0 kB
    34	Threads:	12
    35	SigQ:	2/7844
    36	SigPnd:	0000000000000000
    37	ShdPnd:	0000000000000200
    38	SigBlk:	0000000600005007
    39	SigIgn:	0000000000000000
    40	SigCgt:	00000001c18086f8
    41	CapInh:	00000000a80425fb
    42	CapPrm:	00000000a80425fb
    43	CapEff:	00000000a80425fb
    44	CapBnd:	00000000a80425fb
    45	CapAmb:	0000000000000000
    46	Seccomp:	2
    47	Speculation_Store_Bypass:	thread force mitigated
    48	Cpus_allowed:	00000000,00000000,00000000,00000003
    49	Cpus_allowed_list:	0-1
    50	Mems_allowed:	1
    51	Mems_allowed_list:	0
    52	voluntary_ctxt_switches:	2
    53	nonvoluntary_ctxt_switches:	0
     1	rchar: 0
     2	wchar: 0
     3	syscr: 0
     4	syscw: 0
     5	read_bytes: 0
     6	write_bytes: 0
     7	cancelled_write_bytes: 0
     1	sqlservr (10643, #threads: 12)
     2	-------------------------------------------------------------------
     3	se.exec_start                                :       2117184.478927
     4	se.vruntime                                  :          1029.067237
     5	se.sum_exec_runtime                          :             0.276236
     6	se.nr_migrations                             :                    2
     7	nr_switches                                  :                   10
     8	nr_voluntary_switches                        :                   10
     9	nr_involuntary_switches                      :                    0
    10	se.load.weight                               :              1048576
    11	se.avg.load_sum                              :                94992
    12	se.avg.util_sum                              :                60172
    13	se.avg.load_avg                              :                    0
    14	se.avg.util_avg                              :                    0
    15	se.avg.last_update_time                      :        2117184478927
    16	policy                                       :                    0
    17	prio                                         :                  120
    18	clock-delta                                  :                   74
     1	[<0000000000000000>] freezable_schedule+0x15/0x17
     2	[<0000000000000000>] do_signal_stop+0x17d/0x199
     3	[<0000000000000000>] get_signal+0x122/0x4e7
     4	[<0000000000000000>] do_signal+0x36/0x4c3
     5	[<0000000000000000>] get_empty_filp+0x11c/0x196
     6	[<0000000000000000>] __seccomp_filter+0x7f/0x229
     7	[<0000000000000000>] __fd_install+0x2c/0xb7
     8	[<0000000000000000>] SyS_ppoll+0x123/0x149
     9	[<0000000000000000>] prepare_exit_to_usermode+0x5e/0x9b
    10	[<0000000000000000>] entry_SYSCALL_64_after_swapgs+0x58/0xc6
    11	[<0000000000000000>] 0xffffffffffffffff
     1	Name:	sqlservr
     2	Umask:	0022
     3	State:	T (stopped)
     4	Tgid:	7
     5	Ngid:	0
     6	Pid:	9
     7	PPid:	1
     8	TracerPid:	0
     9	Uid:	0	0	0	0
    10	Gid:	0	0	0	0
    11	FDSize:	64
    12	Groups:	 
    13	NStgid:	7
    14	NSpid:	9
    15	NSpgid:	1
    16	NSsid:	1
    17	VmPeak:	  270300 kB
    18	VmSize:	  270296 kB
    19	VmLck:	       0 kB
    20	VmPin:	       0 kB
    21	VmHWM:	   60836 kB
    22	VmRSS:	   60832 kB
    23	RssAnon:	   50868 kB
    24	RssFile:	    9964 kB
    25	RssShmem:	       0 kB
    26	VmData:	  115844 kB
    27	VmStk:	     144 kB
    28	VmExe:	    2416 kB
    29	VmLib:	   29220 kB
    30	VmPTE:	     508 kB
    31	VmPMD:	      28 kB
    32	VmSwap:	       0 kB
    33	HugetlbPages:	       0 kB
    34	Threads:	12
    35	SigQ:	2/7844
    36	SigPnd:	0000000000000000
    37	ShdPnd:	0000000000000200
    38	SigBlk:	0000000600005007
    39	SigIgn:	0000000000000000
    40	SigCgt:	00000001c18086f8
    41	CapInh:	00000000a80425fb
    42	CapPrm:	00000000a80425fb
    43	CapEff:	00000000a80425fb
    44	CapBnd:	00000000a80425fb
    45	CapAmb:	0000000000000000
    46	Seccomp:	2
    47	Speculation_Store_Bypass:	thread force mitigated
    48	Cpus_allowed:	00000000,00000000,00000000,00000003
    49	Cpus_allowed_list:	0-1
    50	Mems_allowed:	1
    51	Mems_allowed_list:	0
    52	voluntary_ctxt_switches:	10
    53	nonvoluntary_ctxt_switches:	0
