05/12/2019 14:27:55.552924700 Info [paldumper] <0000000198/0x00000000> Executing PalDumper against PID: 7
05/12/2019 14:27:55.552963900 Info [paldumper] <0000000198/0x00000000>                       Dump type: miniplus
05/12/2019 14:27:55.552972100 Info [paldumper] <0000000198/0x00000000> Stopping target
05/12/2019 14:27:55.552983200 Info [paldumper] <0000000198/0x00000000> Target stopped
05/12/2019 14:27:55.552990600 Info [paldumper] <0000000198/0x00000000> Attaching to target threads
05/12/2019 14:27:55.553009800 Warning [paldumper] <0000000198/0x00000000> Yama PTRACE mode: 1-Restricted
05/12/2019 14:27:55.553060700 Error [paldumper] <0000000198/0x00000000> Attempt to execute ptrace command (16) for pid=7 failed - EPERM process cannot be traced.
05/12/2019 14:27:55.553069500 Error [paldumper] <0000000198/0x00000000> errno: 0x00000001
05/12/2019 14:27:55.553077700 Error [paldumper] <0000000198/0x00000000> Attempt to execute ptrace command (16) for pid=8 failed - EPERM process cannot be traced.
05/12/2019 14:27:55.553085000 Error [paldumper] <0000000198/0x00000000> errno: 0x00000001
05/12/2019 14:27:55.553092500 Error [paldumper] <0000000198/0x00000000> Attempt to execute ptrace command (16) for pid=9 failed - EPERM process cannot be traced.
05/12/2019 14:27:55.553099600 Error [paldumper] <0000000198/0x00000000> errno: 0x00000001
05/12/2019 14:27:55.553107200 Error [paldumper] <0000000198/0x00000000> Attempt to execute ptrace command (16) for pid=10 failed - EPERM process cannot be traced.
05/12/2019 14:27:55.553114300 Error [paldumper] <0000000198/0x00000000> errno: 0x00000001
05/12/2019 14:27:55.553122100 Error [paldumper] <0000000198/0x00000000> Attempt to execute ptrace command (16) for pid=11 failed - EPERM process cannot be traced.
05/12/2019 14:27:55.553129100 Error [paldumper] <0000000198/0x00000000> errno: 0x00000001
05/12/2019 14:27:55.553136500 Error [paldumper] <0000000198/0x00000000> Attempt to execute ptrace command (16) for pid=12 failed - EPERM process cannot be traced.
05/12/2019 14:27:55.553143600 Error [paldumper] <0000000198/0x00000000> errno: 0x00000001
05/12/2019 14:27:55.553191600 Error [paldumper] <0000000198/0x00000000> Attempt to execute ptrace command (16) for pid=13 failed - EPERM process cannot be traced.
05/12/2019 14:27:55.553200500 Error [paldumper] <0000000198/0x00000000> errno: 0x00000001
05/12/2019 14:27:55.553208900 Error [paldumper] <0000000198/0x00000000> Attempt to execute ptrace command (16) for pid=14 failed - EPERM process cannot be traced.
05/12/2019 14:27:55.553216300 Error [paldumper] <0000000198/0x00000000> errno: 0x00000001
05/12/2019 14:27:55.553224000 Error [paldumper] <0000000198/0x00000000> Attempt to execute ptrace command (16) for pid=15 failed - EPERM process cannot be traced.
05/12/2019 14:27:55.553231100 Error [paldumper] <0000000198/0x00000000> errno: 0x00000001
05/12/2019 14:27:55.553238700 Error [paldumper] <0000000198/0x00000000> Attempt to execute ptrace command (16) for pid=16 failed - EPERM process cannot be traced.
05/12/2019 14:27:55.553245800 Error [paldumper] <0000000198/0x00000000> errno: 0x00000001
05/12/2019 14:27:55.553253600 Error [paldumper] <0000000198/0x00000000> Attempt to execute ptrace command (16) for pid=17 failed - EPERM process cannot be traced.
05/12/2019 14:27:55.553260700 Error [paldumper] <0000000198/0x00000000> errno: 0x00000001
05/12/2019 14:27:55.553268400 Error [paldumper] <0000000198/0x00000000> Attempt to execute ptrace command (16) for pid=18 failed - EPERM process cannot be traced.
05/12/2019 14:27:55.553275400 Error [paldumper] <0000000198/0x00000000> errno: 0x00000001
05/12/2019 14:27:55.553288500 Error [paldumper] <0000000198/0x00000000> Attempt to trace target failed.
05/12/2019 14:27:55.553295600 Error [paldumper] <0000000198/0x00000000> errno: 0x00000001
05/12/2019 14:27:55.553302500 Error [paldumper] <0000000198/0x00000000> Reference previous log messages.
05/12/2019 14:27:55.553309300 Error [paldumper] <0000000198/0x00000000> errno: 0x00000001
05/12/2019 14:27:55.581579000 Info [paldumper] <0000000200/0x00000000> Executing PalDumper against PID: 7
05/12/2019 14:27:55.582377400 Info [paldumper] <0000000200/0x00000000>                       Dump type: filtered
05/12/2019 14:27:55.582397900 Info [paldumper] <0000000200/0x00000000> Stopping target
05/12/2019 14:27:55.582411700 Info [paldumper] <0000000200/0x00000000> Target stopped
05/12/2019 14:27:55.582420600 Info [paldumper] <0000000200/0x00000000> Attaching to target threads
05/12/2019 14:27:55.582454700 Warning [paldumper] <0000000200/0x00000000> Yama PTRACE mode: 1-Restricted
05/12/2019 14:27:55.582526800 Error [paldumper] <0000000200/0x00000000> Attempt to execute ptrace command (16) for pid=7 failed - EPERM process cannot be traced.
05/12/2019 14:27:55.582541500 Error [paldumper] <0000000200/0x00000000> errno: 0x00000001
05/12/2019 14:27:55.582552700 Error [paldumper] <0000000200/0x00000000> Attempt to execute ptrace command (16) for pid=8 failed - EPERM process cannot be traced.
05/12/2019 14:27:55.582561800 Error [paldumper] <0000000200/0x00000000> errno: 0x00000001
05/12/2019 14:27:55.582571400 Error [paldumper] <0000000200/0x00000000> Attempt to execute ptrace command (16) for pid=9 failed - EPERM process cannot be traced.
05/12/2019 14:27:55.582579800 Error [paldumper] <0000000200/0x00000000> errno: 0x00000001
05/12/2019 14:27:55.582589900 Error [paldumper] <0000000200/0x00000000> Attempt to execute ptrace command (16) for pid=10 failed - EPERM process cannot be traced.
05/12/2019 14:27:55.582598500 Error [paldumper] <0000000200/0x00000000> errno: 0x00000001
05/12/2019 14:27:55.582608300 Error [paldumper] <0000000200/0x00000000> Attempt to execute ptrace command (16) for pid=11 failed - EPERM process cannot be traced.
05/12/2019 14:27:55.582616900 Error [paldumper] <0000000200/0x00000000> errno: 0x00000001
05/12/2019 14:27:55.582626200 Error [paldumper] <0000000200/0x00000000> Attempt to execute ptrace command (16) for pid=12 failed - EPERM process cannot be traced.
05/12/2019 14:27:55.582635100 Error [paldumper] <0000000200/0x00000000> errno: 0x00000001
05/12/2019 14:27:55.582644300 Error [paldumper] <0000000200/0x00000000> Attempt to execute ptrace command (16) for pid=13 failed - EPERM process cannot be traced.
05/12/2019 14:27:55.582652800 Error [paldumper] <0000000200/0x00000000> errno: 0x00000001
05/12/2019 14:27:55.582661600 Error [paldumper] <0000000200/0x00000000> Attempt to execute ptrace command (16) for pid=14 failed - EPERM process cannot be traced.
05/12/2019 14:27:55.582670200 Error [paldumper] <0000000200/0x00000000> errno: 0x00000001
05/12/2019 14:27:55.582679300 Error [paldumper] <0000000200/0x00000000> Attempt to execute ptrace command (16) for pid=15 failed - EPERM process cannot be traced.
05/12/2019 14:27:55.582688000 Error [paldumper] <0000000200/0x00000000> errno: 0x00000001
05/12/2019 14:27:55.582697200 Error [paldumper] <0000000200/0x00000000> Attempt to execute ptrace command (16) for pid=16 failed - EPERM process cannot be traced.
05/12/2019 14:27:55.582705900 Error [paldumper] <0000000200/0x00000000> errno: 0x00000001
05/12/2019 14:27:55.582714800 Error [paldumper] <0000000200/0x00000000> Attempt to execute ptrace command (16) for pid=17 failed - EPERM process cannot be traced.
05/12/2019 14:27:55.582723000 Error [paldumper] <0000000200/0x00000000> errno: 0x00000001
05/12/2019 14:27:55.582731800 Error [paldumper] <0000000200/0x00000000> Attempt to execute ptrace command (16) for pid=18 failed - EPERM process cannot be traced.
05/12/2019 14:27:55.582739900 Error [paldumper] <0000000200/0x00000000> errno: 0x00000001
05/12/2019 14:27:55.582755500 Error [paldumper] <0000000200/0x00000000> Attempt to trace target failed.
05/12/2019 14:27:55.582764000 Error [paldumper] <0000000200/0x00000000> errno: 0x00000001
05/12/2019 14:27:55.582774500 Error [paldumper] <0000000200/0x00000000> Reference previous log messages.
05/12/2019 14:27:55.582783000 Error [paldumper] <0000000200/0x00000000> errno: 0x00000001
